CRITICAL - 2021-08-26 07:23:42 --> Call to a member function links() on null
#0 C:\xampp\htdocs\ykadonline\vendor\codeigniter4\framework\system\View\View.php(230): include()
#1 C:\xampp\htdocs\ykadonline\vendor\codeigniter4\framework\system\View\View.php(232): CodeIgniter\View\View->CodeIgniter\View\{closure}()
#2 C:\xampp\htdocs\ykadonline\vendor\codeigniter4\framework\system\Common.php(1271): CodeIgniter\View\View->render('dashboard/list_...', Array, true)
#3 C:\xampp\htdocs\ykadonline\app\Controllers\Dashboard.php(234): view('dashboard/list_...', Array)
#4 C:\xampp\htdocs\ykadonline\vendor\codeigniter4\framework\system\CodeIgniter.php(928): App\Controllers\Dashboard->list_article()
#5 C:\xampp\htdocs\ykadonline\vendor\codeigniter4\framework\system\CodeIgniter.php(436): CodeIgniter\CodeIgniter->runController(Object(App\Controllers\Dashboard))
#6 C:\xampp\htdocs\ykadonline\vendor\codeigniter4\framework\system\CodeIgniter.php(336): CodeIgniter\CodeIgniter->handleRequest(NULL, Object(Config\Cache), false)
#7 C:\xampp\htdocs\ykadonline\public\index.php(37): CodeIgniter\CodeIgniter->run()
#8 C:\xampp\htdocs\ykadonline\vendor\codeigniter4\framework\system\Commands\Server\rewrite.php(45): require_once('C:\\xampp\\htdocs...')
#9 {main}
CRITICAL - 2021-08-26 07:41:37 --> Call to a member function links() on null
#0 C:\xampp\htdocs\ykadonline\vendor\codeigniter4\framework\system\View\View.php(230): include()
#1 C:\xampp\htdocs\ykadonline\vendor\codeigniter4\framework\system\View\View.php(232): CodeIgniter\View\View->CodeIgniter\View\{closure}()
#2 C:\xampp\htdocs\ykadonline\vendor\codeigniter4\framework\system\Common.php(1271): CodeIgniter\View\View->render('dashboard/add_c...', Array, true)
#3 C:\xampp\htdocs\ykadonline\app\Controllers\Category.php(41): view('dashboard/add_c...', Array)
#4 C:\xampp\htdocs\ykadonline\vendor\codeigniter4\framework\system\CodeIgniter.php(928): App\Controllers\Category->add_category()
#5 C:\xampp\htdocs\ykadonline\vendor\codeigniter4\framework\system\CodeIgniter.php(436): CodeIgniter\CodeIgniter->runController(Object(App\Controllers\Category))
#6 C:\xampp\htdocs\ykadonline\vendor\codeigniter4\framework\system\CodeIgniter.php(336): CodeIgniter\CodeIgniter->handleRequest(NULL, Object(Config\Cache), false)
#7 C:\xampp\htdocs\ykadonline\public\index.php(37): CodeIgniter\CodeIgniter->run()
#8 C:\xampp\htdocs\ykadonline\vendor\codeigniter4\framework\system\Commands\Server\rewrite.php(45): require_once('C:\\xampp\\htdocs...')
#9 {main}
CRITICAL - 2021-08-26 07:42:01 --> Attempt to read property "category" on array
#0 C:\xampp\htdocs\ykadonline\app\Views\dashboard\add_category.php(83): CodeIgniter\Debug\Exceptions->errorHandler(2, 'Attempt to read...', 'C:\\xampp\\htdocs...', 83)
#1 C:\xampp\htdocs\ykadonline\vendor\codeigniter4\framework\system\View\View.php(230): include('C:\\xampp\\htdocs...')
#2 C:\xampp\htdocs\ykadonline\vendor\codeigniter4\framework\system\View\View.php(232): CodeIgniter\View\View->CodeIgniter\View\{closure}()
#3 C:\xampp\htdocs\ykadonline\vendor\codeigniter4\framework\system\Common.php(1271): CodeIgniter\View\View->render('dashboard/add_c...', Array, true)
#4 C:\xampp\htdocs\ykadonline\app\Controllers\Category.php(41): view('dashboard/add_c...', Array)
#5 C:\xampp\htdocs\ykadonline\vendor\codeigniter4\framework\system\CodeIgniter.php(928): App\Controllers\Category->add_category()
#6 C:\xampp\htdocs\ykadonline\vendor\codeigniter4\framework\system\CodeIgniter.php(436): CodeIgniter\CodeIgniter->runController(Object(App\Controllers\Category))
#7 C:\xampp\htdocs\ykadonline\vendor\codeigniter4\framework\system\CodeIgniter.php(336): CodeIgniter\CodeIgniter->handleRequest(NULL, Object(Config\Cache), false)
#8 C:\xampp\htdocs\ykadonline\public\index.php(37): CodeIgniter\CodeIgniter->run()
#9 C:\xampp\htdocs\ykadonline\vendor\codeigniter4\framework\system\Commands\Server\rewrite.php(45): require_once('C:\\xampp\\htdocs...')
#10 {main}
CRITICAL - 2021-08-26 07:42:21 --> Attempt to read property "category" on array
#0 C:\xampp\htdocs\ykadonline\app\Views\dashboard\add_category.php(83): CodeIgniter\Debug\Exceptions->errorHandler(2, 'Attempt to read...', 'C:\\xampp\\htdocs...', 83)
#1 C:\xampp\htdocs\ykadonline\vendor\codeigniter4\framework\system\View\View.php(230): include('C:\\xampp\\htdocs...')
#2 C:\xampp\htdocs\ykadonline\vendor\codeigniter4\framework\system\View\View.php(232): CodeIgniter\View\View->CodeIgniter\View\{closure}()
#3 C:\xampp\htdocs\ykadonline\vendor\codeigniter4\framework\system\Common.php(1271): CodeIgniter\View\View->render('dashboard/add_c...', Array, true)
#4 C:\xampp\htdocs\ykadonline\app\Controllers\Category.php(34): view('dashboard/add_c...', Array)
#5 C:\xampp\htdocs\ykadonline\vendor\codeigniter4\framework\system\CodeIgniter.php(928): App\Controllers\Category->add_category()
#6 C:\xampp\htdocs\ykadonline\vendor\codeigniter4\framework\system\CodeIgniter.php(436): CodeIgniter\CodeIgniter->runController(Object(App\Controllers\Category))
#7 C:\xampp\htdocs\ykadonline\vendor\codeigniter4\framework\system\CodeIgniter.php(336): CodeIgniter\CodeIgniter->handleRequest(NULL, Object(Config\Cache), false)
#8 C:\xampp\htdocs\ykadonline\public\index.php(37): CodeIgniter\CodeIgniter->run()
#9 C:\xampp\htdocs\ykadonline\vendor\codeigniter4\framework\system\Commands\Server\rewrite.php(45): require_once('C:\\xampp\\htdocs...')
#10 {main}
CRITICAL - 2021-08-26 07:44:24 --> Attempt to read property "kategory" on array
#0 C:\xampp\htdocs\ykadonline\app\Views\dashboard\add_category.php(83): CodeIgniter\Debug\Exceptions->errorHandler(2, 'Attempt to read...', 'C:\\xampp\\htdocs...', 83)
#1 C:\xampp\htdocs\ykadonline\vendor\codeigniter4\framework\system\View\View.php(230): include('C:\\xampp\\htdocs...')
#2 C:\xampp\htdocs\ykadonline\vendor\codeigniter4\framework\system\View\View.php(232): CodeIgniter\View\View->CodeIgniter\View\{closure}()
#3 C:\xampp\htdocs\ykadonline\vendor\codeigniter4\framework\system\Common.php(1271): CodeIgniter\View\View->render('dashboard/add_c...', Array, true)
#4 C:\xampp\htdocs\ykadonline\app\Controllers\Category.php(34): view('dashboard/add_c...', Array)
#5 C:\xampp\htdocs\ykadonline\vendor\codeigniter4\framework\system\CodeIgniter.php(928): App\Controllers\Category->add_category()
#6 C:\xampp\htdocs\ykadonline\vendor\codeigniter4\framework\system\CodeIgniter.php(436): CodeIgniter\CodeIgniter->runController(Object(App\Controllers\Category))
#7 C:\xampp\htdocs\ykadonline\vendor\codeigniter4\framework\system\CodeIgniter.php(336): CodeIgniter\CodeIgniter->handleRequest(NULL, Object(Config\Cache), false)
#8 C:\xampp\htdocs\ykadonline\public\index.php(37): CodeIgniter\CodeIgniter->run()
#9 C:\xampp\htdocs\ykadonline\vendor\codeigniter4\framework\system\Commands\Server\rewrite.php(45): require_once('C:\\xampp\\htdocs...')
#10 {main}
CRITICAL - 2021-08-26 07:44:52 --> Attempt to read property "kategory" on array
#0 C:\xampp\htdocs\ykadonline\app\Views\dashboard\add_category.php(83): CodeIgniter\Debug\Exceptions->errorHandler(2, 'Attempt to read...', 'C:\\xampp\\htdocs...', 83)
#1 C:\xampp\htdocs\ykadonline\vendor\codeigniter4\framework\system\View\View.php(230): include('C:\\xampp\\htdocs...')
#2 C:\xampp\htdocs\ykadonline\vendor\codeigniter4\framework\system\View\View.php(232): CodeIgniter\View\View->CodeIgniter\View\{closure}()
#3 C:\xampp\htdocs\ykadonline\vendor\codeigniter4\framework\system\Common.php(1271): CodeIgniter\View\View->render('dashboard/add_c...', Array, true)
#4 C:\xampp\htdocs\ykadonline\app\Controllers\Category.php(34): view('dashboard/add_c...', Array)
#5 C:\xampp\htdocs\ykadonline\vendor\codeigniter4\framework\system\CodeIgniter.php(928): App\Controllers\Category->add_category()
#6 C:\xampp\htdocs\ykadonline\vendor\codeigniter4\framework\system\CodeIgniter.php(436): CodeIgniter\CodeIgniter->runController(Object(App\Controllers\Category))
#7 C:\xampp\htdocs\ykadonline\vendor\codeigniter4\framework\system\CodeIgniter.php(336): CodeIgniter\CodeIgniter->handleRequest(NULL, Object(Config\Cache), false)
#8 C:\xampp\htdocs\ykadonline\public\index.php(37): CodeIgniter\CodeIgniter->run()
#9 C:\xampp\htdocs\ykadonline\vendor\codeigniter4\framework\system\Commands\Server\rewrite.php(45): require_once('C:\\xampp\\htdocs...')
#10 {main}
CRITICAL - 2021-08-26 07:48:27 --> Call to a member function links() on null
#0 C:\xampp\htdocs\ykadonline\vendor\codeigniter4\framework\system\View\View.php(230): include()
#1 C:\xampp\htdocs\ykadonline\vendor\codeigniter4\framework\system\View\View.php(232): CodeIgniter\View\View->CodeIgniter\View\{closure}()
#2 C:\xampp\htdocs\ykadonline\vendor\codeigniter4\framework\system\Common.php(1271): CodeIgniter\View\View->render('dashboard/add_c...', Array, true)
#3 C:\xampp\htdocs\ykadonline\app\Controllers\Category.php(41): view('dashboard/add_c...', Array)
#4 C:\xampp\htdocs\ykadonline\vendor\codeigniter4\framework\system\CodeIgniter.php(928): App\Controllers\Category->add_category()
#5 C:\xampp\htdocs\ykadonline\vendor\codeigniter4\framework\system\CodeIgniter.php(436): CodeIgniter\CodeIgniter->runController(Object(App\Controllers\Category))
#6 C:\xampp\htdocs\ykadonline\vendor\codeigniter4\framework\system\CodeIgniter.php(336): CodeIgniter\CodeIgniter->handleRequest(NULL, Object(Config\Cache), false)
#7 C:\xampp\htdocs\ykadonline\public\index.php(37): CodeIgniter\CodeIgniter->run()
#8 C:\xampp\htdocs\ykadonline\vendor\codeigniter4\framework\system\Commands\Server\rewrite.php(45): require_once('C:\\xampp\\htdocs...')
#9 {main}
CRITICAL - 2021-08-26 07:48:38 --> Call to a member function links() on null
#0 C:\xampp\htdocs\ykadonline\vendor\codeigniter4\framework\system\View\View.php(230): include()
#1 C:\xampp\htdocs\ykadonline\vendor\codeigniter4\framework\system\View\View.php(232): CodeIgniter\View\View->CodeIgniter\View\{closure}()
#2 C:\xampp\htdocs\ykadonline\vendor\codeigniter4\framework\system\Common.php(1271): CodeIgniter\View\View->render('dashboard/add_c...', Array, true)
#3 C:\xampp\htdocs\ykadonline\app\Controllers\Category.php(41): view('dashboard/add_c...', Array)
#4 C:\xampp\htdocs\ykadonline\vendor\codeigniter4\framework\system\CodeIgniter.php(928): App\Controllers\Category->add_category()
#5 C:\xampp\htdocs\ykadonline\vendor\codeigniter4\framework\system\CodeIgniter.php(436): CodeIgniter\CodeIgniter->runController(Object(App\Controllers\Category))
#6 C:\xampp\htdocs\ykadonline\vendor\codeigniter4\framework\system\CodeIgniter.php(336): CodeIgniter\CodeIgniter->handleRequest(NULL, Object(Config\Cache), false)
#7 C:\xampp\htdocs\ykadonline\public\index.php(37): CodeIgniter\CodeIgniter->run()
#8 C:\xampp\htdocs\ykadonline\vendor\codeigniter4\framework\system\Commands\Server\rewrite.php(45): require_once('C:\\xampp\\htdocs...')
#9 {main}
CRITICAL - 2021-08-26 07:49:01 --> Call to a member function links() on null
#0 C:\xampp\htdocs\ykadonline\vendor\codeigniter4\framework\system\View\View.php(230): include()
#1 C:\xampp\htdocs\ykadonline\vendor\codeigniter4\framework\system\View\View.php(232): CodeIgniter\View\View->CodeIgniter\View\{closure}()
#2 C:\xampp\htdocs\ykadonline\vendor\codeigniter4\framework\system\Common.php(1271): CodeIgniter\View\View->render('dashboard/add_c...', Array, true)
#3 C:\xampp\htdocs\ykadonline\app\Controllers\Category.php(41): view('dashboard/add_c...', Array)
#4 C:\xampp\htdocs\ykadonline\vendor\codeigniter4\framework\system\CodeIgniter.php(928): App\Controllers\Category->add_category()
#5 C:\xampp\htdocs\ykadonline\vendor\codeigniter4\framework\system\CodeIgniter.php(436): CodeIgniter\CodeIgniter->runController(Object(App\Controllers\Category))
#6 C:\xampp\htdocs\ykadonline\vendor\codeigniter4\framework\system\CodeIgniter.php(336): CodeIgniter\CodeIgniter->handleRequest(NULL, Object(Config\Cache), false)
#7 C:\xampp\htdocs\ykadonline\public\index.php(37): CodeIgniter\CodeIgniter->run()
#8 C:\xampp\htdocs\ykadonline\vendor\codeigniter4\framework\system\Commands\Server\rewrite.php(45): require_once('C:\\xampp\\htdocs...')
#9 {main}
CRITICAL - 2021-08-26 07:50:23 --> Attempt to read property "category" on array
#0 C:\xampp\htdocs\ykadonline\app\Views\dashboard\add_category.php(83): CodeIgniter\Debug\Exceptions->errorHandler(2, 'Attempt to read...', 'C:\\xampp\\htdocs...', 83)
#1 C:\xampp\htdocs\ykadonline\vendor\codeigniter4\framework\system\View\View.php(230): include('C:\\xampp\\htdocs...')
#2 C:\xampp\htdocs\ykadonline\vendor\codeigniter4\framework\system\View\View.php(232): CodeIgniter\View\View->CodeIgniter\View\{closure}()
#3 C:\xampp\htdocs\ykadonline\vendor\codeigniter4\framework\system\Common.php(1271): CodeIgniter\View\View->render('dashboard/add_c...', Array, true)
#4 C:\xampp\htdocs\ykadonline\app\Controllers\Category.php(41): view('dashboard/add_c...', Array)
#5 C:\xampp\htdocs\ykadonline\vendor\codeigniter4\framework\system\CodeIgniter.php(928): App\Controllers\Category->add_category()
#6 C:\xampp\htdocs\ykadonline\vendor\codeigniter4\framework\system\CodeIgniter.php(436): CodeIgniter\CodeIgniter->runController(Object(App\Controllers\Category))
#7 C:\xampp\htdocs\ykadonline\vendor\codeigniter4\framework\system\CodeIgniter.php(336): CodeIgniter\CodeIgniter->handleRequest(NULL, Object(Config\Cache), false)
#8 C:\xampp\htdocs\ykadonline\public\index.php(37): CodeIgniter\CodeIgniter->run()
#9 C:\xampp\htdocs\ykadonline\vendor\codeigniter4\framework\system\Commands\Server\rewrite.php(45): require_once('C:\\xampp\\htdocs...')
#10 {main}
CRITICAL - 2021-08-26 07:51:12 --> Attempt to read property "query" on array
#0 C:\xampp\htdocs\ykadonline\app\Views\dashboard\add_category.php(83): CodeIgniter\Debug\Exceptions->errorHandler(2, 'Attempt to read...', 'C:\\xampp\\htdocs...', 83)
#1 C:\xampp\htdocs\ykadonline\vendor\codeigniter4\framework\system\View\View.php(230): include('C:\\xampp\\htdocs...')
#2 C:\xampp\htdocs\ykadonline\vendor\codeigniter4\framework\system\View\View.php(232): CodeIgniter\View\View->CodeIgniter\View\{closure}()
#3 C:\xampp\htdocs\ykadonline\vendor\codeigniter4\framework\system\Common.php(1271): CodeIgniter\View\View->render('dashboard/add_c...', Array, true)
#4 C:\xampp\htdocs\ykadonline\app\Controllers\Category.php(41): view('dashboard/add_c...', Array)
#5 C:\xampp\htdocs\ykadonline\vendor\codeigniter4\framework\system\CodeIgniter.php(928): App\Controllers\Category->add_category()
#6 C:\xampp\htdocs\ykadonline\vendor\codeigniter4\framework\system\CodeIgniter.php(436): CodeIgniter\CodeIgniter->runController(Object(App\Controllers\Category))
#7 C:\xampp\htdocs\ykadonline\vendor\codeigniter4\framework\system\CodeIgniter.php(336): CodeIgniter\CodeIgniter->handleRequest(NULL, Object(Config\Cache), false)
#8 C:\xampp\htdocs\ykadonline\public\index.php(37): CodeIgniter\CodeIgniter->run()
#9 C:\xampp\htdocs\ykadonline\vendor\codeigniter4\framework\system\Commands\Server\rewrite.php(45): require_once('C:\\xampp\\htdocs...')
#10 {main}
CRITICAL - 2021-08-26 07:51:31 --> Undefined property: stdClass::$query
#0 C:\xampp\htdocs\ykadonline\app\Views\dashboard\add_category.php(83): CodeIgniter\Debug\Exceptions->errorHandler(2, 'Undefined prope...', 'C:\\xampp\\htdocs...', 83)
#1 C:\xampp\htdocs\ykadonline\vendor\codeigniter4\framework\system\View\View.php(230): include('C:\\xampp\\htdocs...')
#2 C:\xampp\htdocs\ykadonline\vendor\codeigniter4\framework\system\View\View.php(232): CodeIgniter\View\View->CodeIgniter\View\{closure}()
#3 C:\xampp\htdocs\ykadonline\vendor\codeigniter4\framework\system\Common.php(1271): CodeIgniter\View\View->render('dashboard/add_c...', Array, true)
#4 C:\xampp\htdocs\ykadonline\app\Controllers\Category.php(41): view('dashboard/add_c...', Array)
#5 C:\xampp\htdocs\ykadonline\vendor\codeigniter4\framework\system\CodeIgniter.php(928): App\Controllers\Category->add_category()
#6 C:\xampp\htdocs\ykadonline\vendor\codeigniter4\framework\system\CodeIgniter.php(436): CodeIgniter\CodeIgniter->runController(Object(App\Controllers\Category))
#7 C:\xampp\htdocs\ykadonline\vendor\codeigniter4\framework\system\CodeIgniter.php(336): CodeIgniter\CodeIgniter->handleRequest(NULL, Object(Config\Cache), false)
#8 C:\xampp\htdocs\ykadonline\public\index.php(37): CodeIgniter\CodeIgniter->run()
#9 C:\xampp\htdocs\ykadonline\vendor\codeigniter4\framework\system\Commands\Server\rewrite.php(45): require_once('C:\\xampp\\htdocs...')
#10 {main}
CRITICAL - 2021-08-26 08:58:51 --> Undefined variable $id
#0 C:\xampp\htdocs\ykadonline\app\Views\dashboard\add_category.php(87): CodeIgniter\Debug\Exceptions->errorHandler(2, 'Undefined varia...', 'C:\\xampp\\htdocs...', 87)
#1 C:\xampp\htdocs\ykadonline\vendor\codeigniter4\framework\system\View\View.php(230): include('C:\\xampp\\htdocs...')
#2 C:\xampp\htdocs\ykadonline\vendor\codeigniter4\framework\system\View\View.php(232): CodeIgniter\View\View->CodeIgniter\View\{closure}()
#3 C:\xampp\htdocs\ykadonline\vendor\codeigniter4\framework\system\Common.php(1271): CodeIgniter\View\View->render('dashboard/add_c...', Array, true)
#4 C:\xampp\htdocs\ykadonline\app\Controllers\Category.php(34): view('dashboard/add_c...', Array)
#5 C:\xampp\htdocs\ykadonline\vendor\codeigniter4\framework\system\CodeIgniter.php(928): App\Controllers\Category->add_category()
#6 C:\xampp\htdocs\ykadonline\vendor\codeigniter4\framework\system\CodeIgniter.php(436): CodeIgniter\CodeIgniter->runController(Object(App\Controllers\Category))
#7 C:\xampp\htdocs\ykadonline\vendor\codeigniter4\framework\system\CodeIgniter.php(336): CodeIgniter\CodeIgniter->handleRequest(NULL, Object(Config\Cache), false)
#8 C:\xampp\htdocs\ykadonline\public\index.php(37): CodeIgniter\CodeIgniter->run()
#9 C:\xampp\htdocs\ykadonline\vendor\codeigniter4\framework\system\Commands\Server\rewrite.php(45): require_once('C:\\xampp\\htdocs...')
#10 {main}
CRITICAL - 2021-08-26 08:59:29 --> Cannot use object of type stdClass as array
#0 C:\xampp\htdocs\ykadonline\vendor\codeigniter4\framework\system\View\View.php(230): include()
#1 C:\xampp\htdocs\ykadonline\vendor\codeigniter4\framework\system\View\View.php(232): CodeIgniter\View\View->CodeIgniter\View\{closure}()
#2 C:\xampp\htdocs\ykadonline\vendor\codeigniter4\framework\system\Common.php(1271): CodeIgniter\View\View->render('dashboard/add_c...', Array, true)
#3 C:\xampp\htdocs\ykadonline\app\Controllers\Category.php(34): view('dashboard/add_c...', Array)
#4 C:\xampp\htdocs\ykadonline\vendor\codeigniter4\framework\system\CodeIgniter.php(928): App\Controllers\Category->add_category()
#5 C:\xampp\htdocs\ykadonline\vendor\codeigniter4\framework\system\CodeIgniter.php(436): CodeIgniter\CodeIgniter->runController(Object(App\Controllers\Category))
#6 C:\xampp\htdocs\ykadonline\vendor\codeigniter4\framework\system\CodeIgniter.php(336): CodeIgniter\CodeIgniter->handleRequest(NULL, Object(Config\Cache), false)
#7 C:\xampp\htdocs\ykadonline\public\index.php(37): CodeIgniter\CodeIgniter->run()
#8 C:\xampp\htdocs\ykadonline\vendor\codeigniter4\framework\system\Commands\Server\rewrite.php(45): require_once('C:\\xampp\\htdocs...')
#9 {main}
CRITICAL - 2021-08-26 08:59:45 --> Cannot use object of type stdClass as array
#0 C:\xampp\htdocs\ykadonline\vendor\codeigniter4\framework\system\View\View.php(230): include()
#1 C:\xampp\htdocs\ykadonline\vendor\codeigniter4\framework\system\View\View.php(232): CodeIgniter\View\View->CodeIgniter\View\{closure}()
#2 C:\xampp\htdocs\ykadonline\vendor\codeigniter4\framework\system\Common.php(1271): CodeIgniter\View\View->render('dashboard/add_c...', Array, true)
#3 C:\xampp\htdocs\ykadonline\app\Controllers\Category.php(34): view('dashboard/add_c...', Array)
#4 C:\xampp\htdocs\ykadonline\vendor\codeigniter4\framework\system\CodeIgniter.php(928): App\Controllers\Category->add_category()
#5 C:\xampp\htdocs\ykadonline\vendor\codeigniter4\framework\system\CodeIgniter.php(436): CodeIgniter\CodeIgniter->runController(Object(App\Controllers\Category))
#6 C:\xampp\htdocs\ykadonline\vendor\codeigniter4\framework\system\CodeIgniter.php(336): CodeIgniter\CodeIgniter->handleRequest(NULL, Object(Config\Cache), false)
#7 C:\xampp\htdocs\ykadonline\public\index.php(37): CodeIgniter\CodeIgniter->run()
#8 C:\xampp\htdocs\ykadonline\vendor\codeigniter4\framework\system\Commands\Server\rewrite.php(45): require_once('C:\\xampp\\htdocs...')
#9 {main}
CRITICAL - 2021-08-26 08:59:53 --> Undefined variable $id
#0 C:\xampp\htdocs\ykadonline\app\Views\dashboard\add_category.php(87): CodeIgniter\Debug\Exceptions->errorHandler(2, 'Undefined varia...', 'C:\\xampp\\htdocs...', 87)
#1 C:\xampp\htdocs\ykadonline\vendor\codeigniter4\framework\system\View\View.php(230): include('C:\\xampp\\htdocs...')
#2 C:\xampp\htdocs\ykadonline\vendor\codeigniter4\framework\system\View\View.php(232): CodeIgniter\View\View->CodeIgniter\View\{closure}()
#3 C:\xampp\htdocs\ykadonline\vendor\codeigniter4\framework\system\Common.php(1271): CodeIgniter\View\View->render('dashboard/add_c...', Array, true)
#4 C:\xampp\htdocs\ykadonline\app\Controllers\Category.php(34): view('dashboard/add_c...', Array)
#5 C:\xampp\htdocs\ykadonline\vendor\codeigniter4\framework\system\CodeIgniter.php(928): App\Controllers\Category->add_category()
#6 C:\xampp\htdocs\ykadonline\vendor\codeigniter4\framework\system\CodeIgniter.php(436): CodeIgniter\CodeIgniter->runController(Object(App\Controllers\Category))
#7 C:\xampp\htdocs\ykadonline\vendor\codeigniter4\framework\system\CodeIgniter.php(336): CodeIgniter\CodeIgniter->handleRequest(NULL, Object(Config\Cache), false)
#8 C:\xampp\htdocs\ykadonline\public\index.php(37): CodeIgniter\CodeIgniter->run()
#9 C:\xampp\htdocs\ykadonline\vendor\codeigniter4\framework\system\Commands\Server\rewrite.php(45): require_once('C:\\xampp\\htdocs...')
#10 {main}
CRITICAL - 2021-08-26 09:07:03 --> Cannot use object of type stdClass as array
#0 C:\xampp\htdocs\ykadonline\vendor\codeigniter4\framework\system\View\View.php(230): include()
#1 C:\xampp\htdocs\ykadonline\vendor\codeigniter4\framework\system\View\View.php(232): CodeIgniter\View\View->CodeIgniter\View\{closure}()
#2 C:\xampp\htdocs\ykadonline\vendor\codeigniter4\framework\system\Common.php(1271): CodeIgniter\View\View->render('dashboard/add_c...', Array, true)
#3 C:\xampp\htdocs\ykadonline\app\Controllers\Category.php(34): view('dashboard/add_c...', Array)
#4 C:\xampp\htdocs\ykadonline\vendor\codeigniter4\framework\system\CodeIgniter.php(928): App\Controllers\Category->add_category()
#5 C:\xampp\htdocs\ykadonline\vendor\codeigniter4\framework\system\CodeIgniter.php(436): CodeIgniter\CodeIgniter->runController(Object(App\Controllers\Category))
#6 C:\xampp\htdocs\ykadonline\vendor\codeigniter4\framework\system\CodeIgniter.php(336): CodeIgniter\CodeIgniter->handleRequest(NULL, Object(Config\Cache), false)
#7 C:\xampp\htdocs\ykadonline\public\index.php(37): CodeIgniter\CodeIgniter->run()
#8 C:\xampp\htdocs\ykadonline\vendor\codeigniter4\framework\system\Commands\Server\rewrite.php(45): require_once('C:\\xampp\\htdocs...')
#9 {main}
CRITICAL - 2021-08-26 09:11:07 --> Cannot use object of type stdClass as array
#0 C:\xampp\htdocs\ykadonline\vendor\codeigniter4\framework\system\View\View.php(230): include()
#1 C:\xampp\htdocs\ykadonline\vendor\codeigniter4\framework\system\View\View.php(232): CodeIgniter\View\View->CodeIgniter\View\{closure}()
#2 C:\xampp\htdocs\ykadonline\vendor\codeigniter4\framework\system\Common.php(1271): CodeIgniter\View\View->render('dashboard/add_c...', Array, true)
#3 C:\xampp\htdocs\ykadonline\app\Controllers\Category.php(34): view('dashboard/add_c...', Array)
#4 C:\xampp\htdocs\ykadonline\vendor\codeigniter4\framework\system\CodeIgniter.php(928): App\Controllers\Category->add_category('5')
#5 C:\xampp\htdocs\ykadonline\vendor\codeigniter4\framework\system\CodeIgniter.php(436): CodeIgniter\CodeIgniter->runController(Object(App\Controllers\Category))
#6 C:\xampp\htdocs\ykadonline\vendor\codeigniter4\framework\system\CodeIgniter.php(336): CodeIgniter\CodeIgniter->handleRequest(NULL, Object(Config\Cache), false)
#7 C:\xampp\htdocs\ykadonline\public\index.php(37): CodeIgniter\CodeIgniter->run()
#8 C:\xampp\htdocs\ykadonline\vendor\codeigniter4\framework\system\Commands\Server\rewrite.php(45): require_once('C:\\xampp\\htdocs...')
#9 {main}
CRITICAL - 2021-08-26 09:11:20 --> Cannot use object of type stdClass as array
#0 C:\xampp\htdocs\ykadonline\vendor\codeigniter4\framework\system\View\View.php(230): include()
#1 C:\xampp\htdocs\ykadonline\vendor\codeigniter4\framework\system\View\View.php(232): CodeIgniter\View\View->CodeIgniter\View\{closure}()
#2 C:\xampp\htdocs\ykadonline\vendor\codeigniter4\framework\system\Common.php(1271): CodeIgniter\View\View->render('dashboard/add_c...', Array, true)
#3 C:\xampp\htdocs\ykadonline\app\Controllers\Category.php(34): view('dashboard/add_c...', Array)
#4 C:\xampp\htdocs\ykadonline\vendor\codeigniter4\framework\system\CodeIgniter.php(928): App\Controllers\Category->add_category('5')
#5 C:\xampp\htdocs\ykadonline\vendor\codeigniter4\framework\system\CodeIgniter.php(436): CodeIgniter\CodeIgniter->runController(Object(App\Controllers\Category))
#6 C:\xampp\htdocs\ykadonline\vendor\codeigniter4\framework\system\CodeIgniter.php(336): CodeIgniter\CodeIgniter->handleRequest(NULL, Object(Config\Cache), false)
#7 C:\xampp\htdocs\ykadonline\public\index.php(37): CodeIgniter\CodeIgniter->run()
#8 C:\xampp\htdocs\ykadonline\vendor\codeigniter4\framework\system\Commands\Server\rewrite.php(45): require_once('C:\\xampp\\htdocs...')
#9 {main}
CRITICAL - 2021-08-26 09:43:02 --> Attempt to read property "category" on array
#0 C:\xampp\htdocs\ykadonline\app\Views\dashboard\add_category.php(25): CodeIgniter\Debug\Exceptions->errorHandler(2, 'Attempt to read...', 'C:\\xampp\\htdocs...', 25)
#1 C:\xampp\htdocs\ykadonline\vendor\codeigniter4\framework\system\View\View.php(230): include('C:\\xampp\\htdocs...')
#2 C:\xampp\htdocs\ykadonline\vendor\codeigniter4\framework\system\View\View.php(232): CodeIgniter\View\View->CodeIgniter\View\{closure}()
#3 C:\xampp\htdocs\ykadonline\vendor\codeigniter4\framework\system\Common.php(1271): CodeIgniter\View\View->render('dashboard/add_c...', Array, true)
#4 C:\xampp\htdocs\ykadonline\app\Controllers\Category.php(34): view('dashboard/add_c...', Array)
#5 C:\xampp\htdocs\ykadonline\vendor\codeigniter4\framework\system\CodeIgniter.php(928): App\Controllers\Category->add_category()
#6 C:\xampp\htdocs\ykadonline\vendor\codeigniter4\framework\system\CodeIgniter.php(436): CodeIgniter\CodeIgniter->runController(Object(App\Controllers\Category))
#7 C:\xampp\htdocs\ykadonline\vendor\codeigniter4\framework\system\CodeIgniter.php(336): CodeIgniter\CodeIgniter->handleRequest(NULL, Object(Config\Cache), false)
#8 C:\xampp\htdocs\ykadonline\public\index.php(37): CodeIgniter\CodeIgniter->run()
#9 C:\xampp\htdocs\ykadonline\vendor\codeigniter4\framework\system\Commands\Server\rewrite.php(45): require_once('C:\\xampp\\htdocs...')
#10 {main}
CRITICAL - 2021-08-26 09:51:29 --> preg_match(): Compilation failed: missing closing parenthesis at offset 32
#0 [internal function]: CodeIgniter\Debug\Exceptions->errorHandler(2, 'preg_match(): C...', 'C:\\xampp\\htdocs...', 408)
#1 C:\xampp\htdocs\ykadonline\vendor\codeigniter4\framework\system\Router\Router.php(408): preg_match('#^dashboard/edi...', 'dashboard/', Array)
#2 C:\xampp\htdocs\ykadonline\vendor\codeigniter4\framework\system\Router\Router.php(151): CodeIgniter\Router\Router->checkRoutes('dashboard/')
#3 C:\xampp\htdocs\ykadonline\vendor\codeigniter4\framework\system\CodeIgniter.php(809): CodeIgniter\Router\Router->handle('dashboard/')
#4 C:\xampp\htdocs\ykadonline\vendor\codeigniter4\framework\system\CodeIgniter.php(389): CodeIgniter\CodeIgniter->tryToRouteIt(Object(CodeIgniter\Router\RouteCollection))
#5 C:\xampp\htdocs\ykadonline\vendor\codeigniter4\framework\system\CodeIgniter.php(336): CodeIgniter\CodeIgniter->handleRequest(NULL, Object(Config\Cache), false)
#6 C:\xampp\htdocs\ykadonline\public\index.php(37): CodeIgniter\CodeIgniter->run()
#7 C:\xampp\htdocs\ykadonline\vendor\codeigniter4\framework\system\Commands\Server\rewrite.php(45): require_once('C:\\xampp\\htdocs...')
#8 {main}
CRITICAL - 2021-08-26 09:54:59 --> Trying to access array offset on value of type null
#0 C:\xampp\htdocs\ykadonline\app\Views\dashboard\edit_category.php(26): CodeIgniter\Debug\Exceptions->errorHandler(2, 'Trying to acces...', 'C:\\xampp\\htdocs...', 26)
#1 C:\xampp\htdocs\ykadonline\vendor\codeigniter4\framework\system\View\View.php(230): include('C:\\xampp\\htdocs...')
#2 C:\xampp\htdocs\ykadonline\vendor\codeigniter4\framework\system\View\View.php(232): CodeIgniter\View\View->CodeIgniter\View\{closure}()
#3 C:\xampp\htdocs\ykadonline\vendor\codeigniter4\framework\system\Common.php(1271): CodeIgniter\View\View->render('/dashboard/edit...', Array, true)
#4 C:\xampp\htdocs\ykadonline\app\Controllers\Category.php(78): view('/dashboard/edit...', Array)
#5 C:\xampp\htdocs\ykadonline\vendor\codeigniter4\framework\system\CodeIgniter.php(928): App\Controllers\Category->edit_category('$1')
#6 C:\xampp\htdocs\ykadonline\vendor\codeigniter4\framework\system\CodeIgniter.php(436): CodeIgniter\CodeIgniter->runController(Object(App\Controllers\Category))
#7 C:\xampp\htdocs\ykadonline\vendor\codeigniter4\framework\system\CodeIgniter.php(336): CodeIgniter\CodeIgniter->handleRequest(NULL, Object(Config\Cache), false)
#8 C:\xampp\htdocs\ykadonline\public\index.php(37): CodeIgniter\CodeIgniter->run()
#9 C:\xampp\htdocs\ykadonline\vendor\codeigniter4\framework\system\Commands\Server\rewrite.php(45): require_once('C:\\xampp\\htdocs...')
#10 {main}
CRITICAL - 2021-08-26 10:02:29 --> Undefined array key "titlepost"
#0 C:\xampp\htdocs\ykadonline\app\Controllers\Dashboard.php(155): CodeIgniter\Debug\Exceptions->errorHandler(2, 'Undefined array...', 'C:\\xampp\\htdocs...', 155)
#1 C:\xampp\htdocs\ykadonline\vendor\codeigniter4\framework\system\CodeIgniter.php(928): App\Controllers\Dashboard->update('1')
#2 C:\xampp\htdocs\ykadonline\vendor\codeigniter4\framework\system\CodeIgniter.php(436): CodeIgniter\CodeIgniter->runController(Object(App\Controllers\Dashboard))
#3 C:\xampp\htdocs\ykadonline\vendor\codeigniter4\framework\system\CodeIgniter.php(336): CodeIgniter\CodeIgniter->handleRequest(NULL, Object(Config\Cache), false)
#4 C:\xampp\htdocs\ykadonline\public\index.php(37): CodeIgniter\CodeIgniter->run()
#5 C:\xampp\htdocs\ykadonline\vendor\codeigniter4\framework\system\Commands\Server\rewrite.php(45): require_once('C:\\xampp\\htdocs...')
#6 {main}
CRITICAL - 2021-08-26 10:05:26 --> Undefined array key "titlepost"
#0 C:\xampp\htdocs\ykadonline\app\Controllers\Dashboard.php(155): CodeIgniter\Debug\Exceptions->errorHandler(2, 'Undefined array...', 'C:\\xampp\\htdocs...', 155)
#1 C:\xampp\htdocs\ykadonline\vendor\codeigniter4\framework\system\CodeIgniter.php(928): App\Controllers\Dashboard->update('1')
#2 C:\xampp\htdocs\ykadonline\vendor\codeigniter4\framework\system\CodeIgniter.php(436): CodeIgniter\CodeIgniter->runController(Object(App\Controllers\Dashboard))
#3 C:\xampp\htdocs\ykadonline\vendor\codeigniter4\framework\system\CodeIgniter.php(336): CodeIgniter\CodeIgniter->handleRequest(NULL, Object(Config\Cache), false)
#4 C:\xampp\htdocs\ykadonline\public\index.php(37): CodeIgniter\CodeIgniter->run()
#5 C:\xampp\htdocs\ykadonline\vendor\codeigniter4\framework\system\Commands\Server\rewrite.php(45): require_once('C:\\xampp\\htdocs...')
#6 {main}
CRITICAL - 2021-08-26 10:20:59 --> Attempt to read property "user_image" on null
#0 C:\xampp\htdocs\ykadonline\app\Views\layout\template.php(38): CodeIgniter\Debug\Exceptions->errorHandler(2, 'Attempt to read...', 'C:\\xampp\\htdocs...', 38)
#1 C:\xampp\htdocs\ykadonline\vendor\codeigniter4\framework\system\View\View.php(230): include('C:\\xampp\\htdocs...')
#2 C:\xampp\htdocs\ykadonline\vendor\codeigniter4\framework\system\View\View.php(232): CodeIgniter\View\View->CodeIgniter\View\{closure}()
#3 C:\xampp\htdocs\ykadonline\vendor\codeigniter4\framework\system\View\View.php(246): CodeIgniter\View\View->render('layout/template', Array, true)
#4 C:\xampp\htdocs\ykadonline\vendor\codeigniter4\framework\system\Common.php(1271): CodeIgniter\View\View->render('/dashboard/edit...', Array, true)
#5 C:\xampp\htdocs\ykadonline\app\Controllers\Category.php(78): view('/dashboard/edit...', Array)
#6 C:\xampp\htdocs\ykadonline\vendor\codeigniter4\framework\system\CodeIgniter.php(928): App\Controllers\Category->edit_category('1')
#7 C:\xampp\htdocs\ykadonline\vendor\codeigniter4\framework\system\CodeIgniter.php(436): CodeIgniter\CodeIgniter->runController(Object(App\Controllers\Category))
#8 C:\xampp\htdocs\ykadonline\vendor\codeigniter4\framework\system\CodeIgniter.php(336): CodeIgniter\CodeIgniter->handleRequest(NULL, Object(Config\Cache), false)
#9 C:\xampp\htdocs\ykadonline\public\index.php(37): CodeIgniter\CodeIgniter->run()
#10 C:\xampp\htdocs\ykadonline\vendor\codeigniter4\framework\system\Commands\Server\rewrite.php(45): require_once('C:\\xampp\\htdocs...')
#11 {main}
CRITICAL - 2021-08-26 10:26:15 --> Trying to access array offset on value of type null
#0 C:\xampp\htdocs\ykadonline\app\Views\dashboard\edit_category.php(26): CodeIgniter\Debug\Exceptions->errorHandler(2, 'Trying to acces...', 'C:\\xampp\\htdocs...', 26)
#1 C:\xampp\htdocs\ykadonline\vendor\codeigniter4\framework\system\View\View.php(230): include('C:\\xampp\\htdocs...')
#2 C:\xampp\htdocs\ykadonline\vendor\codeigniter4\framework\system\View\View.php(232): CodeIgniter\View\View->CodeIgniter\View\{closure}()
#3 C:\xampp\htdocs\ykadonline\vendor\codeigniter4\framework\system\Common.php(1271): CodeIgniter\View\View->render('/dashboard/edit...', Array, true)
#4 C:\xampp\htdocs\ykadonline\app\Controllers\Category.php(78): view('/dashboard/edit...', Array)
#5 C:\xampp\htdocs\ykadonline\vendor\codeigniter4\framework\system\CodeIgniter.php(928): App\Controllers\Category->edit_category('2')
#6 C:\xampp\htdocs\ykadonline\vendor\codeigniter4\framework\system\CodeIgniter.php(436): CodeIgniter\CodeIgniter->runController(Object(App\Controllers\Category))
#7 C:\xampp\htdocs\ykadonline\vendor\codeigniter4\framework\system\CodeIgniter.php(336): CodeIgniter\CodeIgniter->handleRequest(NULL, Object(Config\Cache), false)
#8 C:\xampp\htdocs\ykadonline\public\index.php(37): CodeIgniter\CodeIgniter->run()
#9 C:\xampp\htdocs\ykadonline\vendor\codeigniter4\framework\system\Commands\Server\rewrite.php(45): require_once('C:\\xampp\\htdocs...')
#10 {main}
CRITICAL - 2021-08-26 10:26:36 --> Call to undefined method App\Models\categoryModel::getArticle
#0 C:\xampp\htdocs\ykadonline\app\Controllers\Category.php(75): CodeIgniter\Model->__call('getArticle', Array)
#1 C:\xampp\htdocs\ykadonline\vendor\codeigniter4\framework\system\CodeIgniter.php(928): App\Controllers\Category->edit_category('2')
#2 C:\xampp\htdocs\ykadonline\vendor\codeigniter4\framework\system\CodeIgniter.php(436): CodeIgniter\CodeIgniter->runController(Object(App\Controllers\Category))
#3 C:\xampp\htdocs\ykadonline\vendor\codeigniter4\framework\system\CodeIgniter.php(336): CodeIgniter\CodeIgniter->handleRequest(NULL, Object(Config\Cache), false)
#4 C:\xampp\htdocs\ykadonline\public\index.php(37): CodeIgniter\CodeIgniter->run()
#5 C:\xampp\htdocs\ykadonline\vendor\codeigniter4\framework\system\Commands\Server\rewrite.php(45): require_once('C:\\xampp\\htdocs...')
#6 {main}
CRITICAL - 2021-08-26 10:26:54 --> Trying to access array offset on value of type null
#0 C:\xampp\htdocs\ykadonline\app\Views\dashboard\edit_category.php(26): CodeIgniter\Debug\Exceptions->errorHandler(2, 'Trying to acces...', 'C:\\xampp\\htdocs...', 26)
#1 C:\xampp\htdocs\ykadonline\vendor\codeigniter4\framework\system\View\View.php(230): include('C:\\xampp\\htdocs...')
#2 C:\xampp\htdocs\ykadonline\vendor\codeigniter4\framework\system\View\View.php(232): CodeIgniter\View\View->CodeIgniter\View\{closure}()
#3 C:\xampp\htdocs\ykadonline\vendor\codeigniter4\framework\system\Common.php(1271): CodeIgniter\View\View->render('/dashboard/edit...', Array, true)
#4 C:\xampp\htdocs\ykadonline\app\Controllers\Category.php(78): view('/dashboard/edit...', Array)
#5 C:\xampp\htdocs\ykadonline\vendor\codeigniter4\framework\system\CodeIgniter.php(928): App\Controllers\Category->edit_category('2')
#6 C:\xampp\htdocs\ykadonline\vendor\codeigniter4\framework\system\CodeIgniter.php(436): CodeIgniter\CodeIgniter->runController(Object(App\Controllers\Category))
#7 C:\xampp\htdocs\ykadonline\vendor\codeigniter4\framework\system\CodeIgniter.php(336): CodeIgniter\CodeIgniter->handleRequest(NULL, Object(Config\Cache), false)
#8 C:\xampp\htdocs\ykadonline\public\index.php(37): CodeIgniter\CodeIgniter->run()
#9 C:\xampp\htdocs\ykadonline\vendor\codeigniter4\framework\system\Commands\Server\rewrite.php(45): require_once('C:\\xampp\\htdocs...')
#10 {main}
CRITICAL - 2021-08-26 10:27:02 --> Trying to access array offset on value of type null
#0 C:\xampp\htdocs\ykadonline\app\Views\dashboard\edit_category.php(26): CodeIgniter\Debug\Exceptions->errorHandler(2, 'Trying to acces...', 'C:\\xampp\\htdocs...', 26)
#1 C:\xampp\htdocs\ykadonline\vendor\codeigniter4\framework\system\View\View.php(230): include('C:\\xampp\\htdocs...')
#2 C:\xampp\htdocs\ykadonline\vendor\codeigniter4\framework\system\View\View.php(232): CodeIgniter\View\View->CodeIgniter\View\{closure}()
#3 C:\xampp\htdocs\ykadonline\vendor\codeigniter4\framework\system\Common.php(1271): CodeIgniter\View\View->render('/dashboard/edit...', Array, true)
#4 C:\xampp\htdocs\ykadonline\app\Controllers\Category.php(78): view('/dashboard/edit...', Array)
#5 C:\xampp\htdocs\ykadonline\vendor\codeigniter4\framework\system\CodeIgniter.php(928): App\Controllers\Category->edit_category('2')
#6 C:\xampp\htdocs\ykadonline\vendor\codeigniter4\framework\system\CodeIgniter.php(436): CodeIgniter\CodeIgniter->runController(Object(App\Controllers\Category))
#7 C:\xampp\htdocs\ykadonline\vendor\codeigniter4\framework\system\CodeIgniter.php(336): CodeIgniter\CodeIgniter->handleRequest(NULL, Object(Config\Cache), false)
#8 C:\xampp\htdocs\ykadonline\public\index.php(37): CodeIgniter\CodeIgniter->run()
#9 C:\xampp\htdocs\ykadonline\vendor\codeigniter4\framework\system\Commands\Server\rewrite.php(45): require_once('C:\\xampp\\htdocs...')
#10 {main}
CRITICAL - 2021-08-26 10:31:38 --> Too few arguments to function App\Controllers\Category::update(), 0 passed in C:\xampp\htdocs\ykadonline\vendor\codeigniter4\framework\system\CodeIgniter.php on line 928 and exactly 1 expected
#0 C:\xampp\htdocs\ykadonline\vendor\codeigniter4\framework\system\CodeIgniter.php(928): App\Controllers\Category->update()
#1 C:\xampp\htdocs\ykadonline\vendor\codeigniter4\framework\system\CodeIgniter.php(436): CodeIgniter\CodeIgniter->runController(Object(App\Controllers\Category))
#2 C:\xampp\htdocs\ykadonline\vendor\codeigniter4\framework\system\CodeIgniter.php(336): CodeIgniter\CodeIgniter->handleRequest(NULL, Object(Config\Cache), false)
#3 C:\xampp\htdocs\ykadonline\public\index.php(37): CodeIgniter\CodeIgniter->run()
#4 C:\xampp\htdocs\ykadonline\vendor\codeigniter4\framework\system\Commands\Server\rewrite.php(45): require_once('C:\\xampp\\htdocs...')
#5 {main}
ERROR - 2021-08-26 10:33:32 --> Column 'category' cannot be null
CRITICAL - 2021-08-26 10:33:32 --> Column 'category' cannot be null
#0 C:\xampp\htdocs\ykadonline\vendor\codeigniter4\framework\system\Database\MySQLi\Connection.php(329): mysqli->query('INSERT INTO `ca...')
#1 C:\xampp\htdocs\ykadonline\vendor\codeigniter4\framework\system\Database\BaseConnection.php(732): CodeIgniter\Database\MySQLi\Connection->execute('INSERT INTO `ca...')
#2 C:\xampp\htdocs\ykadonline\vendor\codeigniter4\framework\system\Database\BaseConnection.php(647): CodeIgniter\Database\BaseConnection->simpleQuery('INSERT INTO `ca...')
#3 C:\xampp\htdocs\ykadonline\vendor\codeigniter4\framework\system\Database\BaseBuilder.php(2277): CodeIgniter\Database\BaseConnection->query('INSERT INTO `ca...', Array, false)
#4 C:\xampp\htdocs\ykadonline\vendor\codeigniter4\framework\system\Model.php(259): CodeIgniter\Database\BaseBuilder->insert()
#5 C:\xampp\htdocs\ykadonline\vendor\codeigniter4\framework\system\BaseModel.php(774): CodeIgniter\Model->doInsert(Array)
#6 C:\xampp\htdocs\ykadonline\vendor\codeigniter4\framework\system\Model.php(686): CodeIgniter\BaseModel->insert(Array, false)
#7 C:\xampp\htdocs\ykadonline\vendor\codeigniter4\framework\system\BaseModel.php(687): CodeIgniter\Model->insert(Array, false)
#8 C:\xampp\htdocs\ykadonline\app\Controllers\Category.php(86): CodeIgniter\BaseModel->save(Array)
#9 C:\xampp\htdocs\ykadonline\vendor\codeigniter4\framework\system\CodeIgniter.php(928): App\Controllers\Category->update('2')
#10 C:\xampp\htdocs\ykadonline\vendor\codeigniter4\framework\system\CodeIgniter.php(436): CodeIgniter\CodeIgniter->runController(Object(App\Controllers\Category))
#11 C:\xampp\htdocs\ykadonline\vendor\codeigniter4\framework\system\CodeIgniter.php(336): CodeIgniter\CodeIgniter->handleRequest(NULL, Object(Config\Cache), false)
#12 C:\xampp\htdocs\ykadonline\public\index.php(37): CodeIgniter\CodeIgniter->run()
#13 C:\xampp\htdocs\ykadonline\vendor\codeigniter4\framework\system\Commands\Server\rewrite.php(45): require_once('C:\\xampp\\htdocs...')
#14 {main}
CRITICAL - 2021-08-26 10:37:00 --> Trying to access array offset on value of type null
#0 C:\xampp\htdocs\ykadonline\app\Views\dashboard\edit_category.php(26): CodeIgniter\Debug\Exceptions->errorHandler(2, 'Trying to acces...', 'C:\\xampp\\htdocs...', 26)
#1 C:\xampp\htdocs\ykadonline\vendor\codeigniter4\framework\system\View\View.php(230): include('C:\\xampp\\htdocs...')
#2 C:\xampp\htdocs\ykadonline\vendor\codeigniter4\framework\system\View\View.php(232): CodeIgniter\View\View->CodeIgniter\View\{closure}()
#3 C:\xampp\htdocs\ykadonline\vendor\codeigniter4\framework\system\Common.php(1271): CodeIgniter\View\View->render('/dashboard/edit...', Array, true)
#4 C:\xampp\htdocs\ykadonline\app\Controllers\Category.php(78): view('/dashboard/edit...', Array)
#5 C:\xampp\htdocs\ykadonline\vendor\codeigniter4\framework\system\CodeIgniter.php(928): App\Controllers\Category->edit_category('2')
#6 C:\xampp\htdocs\ykadonline\vendor\codeigniter4\framework\system\CodeIgniter.php(436): CodeIgniter\CodeIgniter->runController(Object(App\Controllers\Category))
#7 C:\xampp\htdocs\ykadonline\vendor\codeigniter4\framework\system\CodeIgniter.php(336): CodeIgniter\CodeIgniter->handleRequest(NULL, Object(Config\Cache), false)
#8 C:\xampp\htdocs\ykadonline\public\index.php(37): CodeIgniter\CodeIgniter->run()
#9 C:\xampp\htdocs\ykadonline\vendor\codeigniter4\framework\system\Commands\Server\rewrite.php(45): require_once('C:\\xampp\\htdocs...')
#10 {main}
CRITICAL - 2021-08-26 10:37:48 --> Trying to access array offset on value of type null
#0 C:\xampp\htdocs\ykadonline\app\Views\dashboard\edit_category.php(26): CodeIgniter\Debug\Exceptions->errorHandler(2, 'Trying to acces...', 'C:\\xampp\\htdocs...', 26)
#1 C:\xampp\htdocs\ykadonline\vendor\codeigniter4\framework\system\View\View.php(230): include('C:\\xampp\\htdocs...')
#2 C:\xampp\htdocs\ykadonline\vendor\codeigniter4\framework\system\View\View.php(232): CodeIgniter\View\View->CodeIgniter\View\{closure}()
#3 C:\xampp\htdocs\ykadonline\vendor\codeigniter4\framework\system\Common.php(1271): CodeIgniter\View\View->render('/dashboard/edit...', Array, true)
#4 C:\xampp\htdocs\ykadonline\app\Controllers\Category.php(78): view('/dashboard/edit...', Array)
#5 C:\xampp\htdocs\ykadonline\vendor\codeigniter4\framework\system\CodeIgniter.php(928): App\Controllers\Category->edit_category('2')
#6 C:\xampp\htdocs\ykadonline\vendor\codeigniter4\framework\system\CodeIgniter.php(436): CodeIgniter\CodeIgniter->runController(Object(App\Controllers\Category))
#7 C:\xampp\htdocs\ykadonline\vendor\codeigniter4\framework\system\CodeIgniter.php(336): CodeIgniter\CodeIgniter->handleRequest(NULL, Object(Config\Cache), false)
#8 C:\xampp\htdocs\ykadonline\public\index.php(37): CodeIgniter\CodeIgniter->run()
#9 C:\xampp\htdocs\ykadonline\vendor\codeigniter4\framework\system\Commands\Server\rewrite.php(45): require_once('C:\\xampp\\htdocs...')
#10 {main}
CRITICAL - 2021-08-26 10:46:13 --> url_title(): Argument #1 ($str) must be of type string, null given, called in C:\xampp\htdocs\ykadonline\app\Controllers\Category.php on line 84
#0 C:\xampp\htdocs\ykadonline\app\Controllers\Category.php(84): url_title(NULL, '', false)
#1 C:\xampp\htdocs\ykadonline\vendor\codeigniter4\framework\system\CodeIgniter.php(928): App\Controllers\Category->update('9')
#2 C:\xampp\htdocs\ykadonline\vendor\codeigniter4\framework\system\CodeIgniter.php(436): CodeIgniter\CodeIgniter->runController(Object(App\Controllers\Category))
#3 C:\xampp\htdocs\ykadonline\vendor\codeigniter4\framework\system\CodeIgniter.php(336): CodeIgniter\CodeIgniter->handleRequest(NULL, Object(Config\Cache), false)
#4 C:\xampp\htdocs\ykadonline\public\index.php(37): CodeIgniter\CodeIgniter->run()
#5 C:\xampp\htdocs\ykadonline\vendor\codeigniter4\framework\system\Commands\Server\rewrite.php(45): require_once('C:\\xampp\\htdocs...')
#6 {main}
CRITICAL - 2021-08-26 10:46:37 --> url_title(): Argument #1 ($str) must be of type string, null given, called in C:\xampp\htdocs\ykadonline\app\Controllers\Category.php on line 84
#0 C:\xampp\htdocs\ykadonline\app\Controllers\Category.php(84): url_title(NULL, '-', false)
#1 C:\xampp\htdocs\ykadonline\vendor\codeigniter4\framework\system\CodeIgniter.php(928): App\Controllers\Category->update('9')
#2 C:\xampp\htdocs\ykadonline\vendor\codeigniter4\framework\system\CodeIgniter.php(436): CodeIgniter\CodeIgniter->runController(Object(App\Controllers\Category))
#3 C:\xampp\htdocs\ykadonline\vendor\codeigniter4\framework\system\CodeIgniter.php(336): CodeIgniter\CodeIgniter->handleRequest(NULL, Object(Config\Cache), false)
#4 C:\xampp\htdocs\ykadonline\public\index.php(37): CodeIgniter\CodeIgniter->run()
#5 C:\xampp\htdocs\ykadonline\vendor\codeigniter4\framework\system\Commands\Server\rewrite.php(45): require_once('C:\\xampp\\htdocs...')
#6 {main}
CRITICAL - 2021-08-26 11:24:41 --> syntax error, unexpected token "/"
#0 C:\xampp\htdocs\ykadonline\vendor\codeigniter4\framework\system\Autoloader\Autoloader.php(273): CodeIgniter\Autoloader\Autoloader->includeFile('C:\\xampp\\htdocs...')
#1 C:\xampp\htdocs\ykadonline\vendor\codeigniter4\framework\system\Autoloader\Autoloader.php(247): CodeIgniter\Autoloader\Autoloader->loadInNamespace('App\\Controllers...')
#2 [internal function]: CodeIgniter\Autoloader\Autoloader->loadClass('App\\Controllers...')
#3 C:\xampp\htdocs\ykadonline\vendor\codeigniter4\framework\system\CodeIgniter.php(885): class_exists('\\App\\Controller...', true)
#4 C:\xampp\htdocs\ykadonline\vendor\codeigniter4\framework\system\CodeIgniter.php(421): CodeIgniter\CodeIgniter->startController()
#5 C:\xampp\htdocs\ykadonline\vendor\codeigniter4\framework\system\CodeIgniter.php(336): CodeIgniter\CodeIgniter->handleRequest(NULL, Object(Config\Cache), false)
#6 C:\xampp\htdocs\ykadonline\public\index.php(37): CodeIgniter\CodeIgniter->run()
#7 C:\xampp\htdocs\ykadonline\vendor\codeigniter4\framework\system\Commands\Server\rewrite.php(45): require_once('C:\\xampp\\htdocs...')
#8 {main}
CRITICAL - 2021-08-26 12:09:48 --> Undefined variable $category
#0 C:\xampp\htdocs\ykadonline\app\Views\dashboard\user_list.php(52): CodeIgniter\Debug\Exceptions->errorHandler(2, 'Undefined varia...', 'C:\\xampp\\htdocs...', 52)
#1 C:\xampp\htdocs\ykadonline\vendor\codeigniter4\framework\system\View\View.php(230): include('C:\\xampp\\htdocs...')
#2 C:\xampp\htdocs\ykadonline\vendor\codeigniter4\framework\system\View\View.php(232): CodeIgniter\View\View->CodeIgniter\View\{closure}()
#3 C:\xampp\htdocs\ykadonline\vendor\codeigniter4\framework\system\Common.php(1271): CodeIgniter\View\View->render('/dashboard/user...', Array, true)
#4 C:\xampp\htdocs\ykadonline\app\Controllers\Dashboard.php(254): view('/dashboard/user...', Array)
#5 C:\xampp\htdocs\ykadonline\vendor\codeigniter4\framework\system\CodeIgniter.php(928): App\Controllers\Dashboard->user_list()
#6 C:\xampp\htdocs\ykadonline\vendor\codeigniter4\framework\system\CodeIgniter.php(436): CodeIgniter\CodeIgniter->runController(Object(App\Controllers\Dashboard))
#7 C:\xampp\htdocs\ykadonline\vendor\codeigniter4\framework\system\CodeIgniter.php(336): CodeIgniter\CodeIgniter->handleRequest(NULL, Object(Config\Cache), false)
#8 C:\xampp\htdocs\ykadonline\public\index.php(37): CodeIgniter\CodeIgniter->run()
#9 C:\xampp\htdocs\ykadonline\vendor\codeigniter4\framework\system\Commands\Server\rewrite.php(45): require_once('C:\\xampp\\htdocs...')
#10 {main}
CRITICAL - 2021-08-26 12:11:20 --> Undefined variable $value
#0 C:\xampp\htdocs\ykadonline\app\Views\dashboard\user_list.php(52): CodeIgniter\Debug\Exceptions->errorHandler(2, 'Undefined varia...', 'C:\\xampp\\htdocs...', 52)
#1 C:\xampp\htdocs\ykadonline\vendor\codeigniter4\framework\system\View\View.php(230): include('C:\\xampp\\htdocs...')
#2 C:\xampp\htdocs\ykadonline\vendor\codeigniter4\framework\system\View\View.php(232): CodeIgniter\View\View->CodeIgniter\View\{closure}()
#3 C:\xampp\htdocs\ykadonline\vendor\codeigniter4\framework\system\Common.php(1271): CodeIgniter\View\View->render('/dashboard/user...', Array, true)
#4 C:\xampp\htdocs\ykadonline\app\Controllers\Dashboard.php(254): view('/dashboard/user...', Array)
#5 C:\xampp\htdocs\ykadonline\vendor\codeigniter4\framework\system\CodeIgniter.php(928): App\Controllers\Dashboard->user_list()
#6 C:\xampp\htdocs\ykadonline\vendor\codeigniter4\framework\system\CodeIgniter.php(436): CodeIgniter\CodeIgniter->runController(Object(App\Controllers\Dashboard))
#7 C:\xampp\htdocs\ykadonline\vendor\codeigniter4\framework\system\CodeIgniter.php(336): CodeIgniter\CodeIgniter->handleRequest(NULL, Object(Config\Cache), false)
#8 C:\xampp\htdocs\ykadonline\public\index.php(37): CodeIgniter\CodeIgniter->run()
#9 C:\xampp\htdocs\ykadonline\vendor\codeigniter4\framework\system\Commands\Server\rewrite.php(45): require_once('C:\\xampp\\htdocs...')
#10 {main}
CRITICAL - 2021-08-26 12:25:16 --> Cannot use object of type stdClass as array
#0 C:\xampp\htdocs\ykadonline\vendor\codeigniter4\framework\system\View\View.php(230): include()
#1 C:\xampp\htdocs\ykadonline\vendor\codeigniter4\framework\system\View\View.php(232): CodeIgniter\View\View->CodeIgniter\View\{closure}()
#2 C:\xampp\htdocs\ykadonline\vendor\codeigniter4\framework\system\Common.php(1271): CodeIgniter\View\View->render('/dashboard/user...', Array, true)
#3 C:\xampp\htdocs\ykadonline\app\Controllers\Dashboard.php(254): view('/dashboard/user...', Array)
#4 C:\xampp\htdocs\ykadonline\vendor\codeigniter4\framework\system\CodeIgniter.php(928): App\Controllers\Dashboard->user_list()
#5 C:\xampp\htdocs\ykadonline\vendor\codeigniter4\framework\system\CodeIgniter.php(436): CodeIgniter\CodeIgniter->runController(Object(App\Controllers\Dashboard))
#6 C:\xampp\htdocs\ykadonline\vendor\codeigniter4\framework\system\CodeIgniter.php(336): CodeIgniter\CodeIgniter->handleRequest(NULL, Object(Config\Cache), false)
#7 C:\xampp\htdocs\ykadonline\public\index.php(37): CodeIgniter\CodeIgniter->run()
#8 C:\xampp\htdocs\ykadonline\vendor\codeigniter4\framework\system\Commands\Server\rewrite.php(45): require_once('C:\\xampp\\htdocs...')
#9 {main}
CRITICAL - 2021-08-26 12:25:42 --> Undefined property: stdClass::$id
#0 C:\xampp\htdocs\ykadonline\app\Views\dashboard\user_list.php(52): CodeIgniter\Debug\Exceptions->errorHandler(2, 'Undefined prope...', 'C:\\xampp\\htdocs...', 52)
#1 C:\xampp\htdocs\ykadonline\vendor\codeigniter4\framework\system\View\View.php(230): include('C:\\xampp\\htdocs...')
#2 C:\xampp\htdocs\ykadonline\vendor\codeigniter4\framework\system\View\View.php(232): CodeIgniter\View\View->CodeIgniter\View\{closure}()
#3 C:\xampp\htdocs\ykadonline\vendor\codeigniter4\framework\system\Common.php(1271): CodeIgniter\View\View->render('/dashboard/user...', Array, true)
#4 C:\xampp\htdocs\ykadonline\app\Controllers\Dashboard.php(254): view('/dashboard/user...', Array)
#5 C:\xampp\htdocs\ykadonline\vendor\codeigniter4\framework\system\CodeIgniter.php(928): App\Controllers\Dashboard->user_list()
#6 C:\xampp\htdocs\ykadonline\vendor\codeigniter4\framework\system\CodeIgniter.php(436): CodeIgniter\CodeIgniter->runController(Object(App\Controllers\Dashboard))
#7 C:\xampp\htdocs\ykadonline\vendor\codeigniter4\framework\system\CodeIgniter.php(336): CodeIgniter\CodeIgniter->handleRequest(NULL, Object(Config\Cache), false)
#8 C:\xampp\htdocs\ykadonline\public\index.php(37): CodeIgniter\CodeIgniter->run()
#9 C:\xampp\htdocs\ykadonline\vendor\codeigniter4\framework\system\Commands\Server\rewrite.php(45): require_once('C:\\xampp\\htdocs...')
#10 {main}
CRITICAL - 2021-08-26 12:25:44 --> Undefined property: stdClass::$id
#0 C:\xampp\htdocs\ykadonline\app\Views\dashboard\user_list.php(52): CodeIgniter\Debug\Exceptions->errorHandler(2, 'Undefined prope...', 'C:\\xampp\\htdocs...', 52)
#1 C:\xampp\htdocs\ykadonline\vendor\codeigniter4\framework\system\View\View.php(230): include('C:\\xampp\\htdocs...')
#2 C:\xampp\htdocs\ykadonline\vendor\codeigniter4\framework\system\View\View.php(232): CodeIgniter\View\View->CodeIgniter\View\{closure}()
#3 C:\xampp\htdocs\ykadonline\vendor\codeigniter4\framework\system\Common.php(1271): CodeIgniter\View\View->render('/dashboard/user...', Array, true)
#4 C:\xampp\htdocs\ykadonline\app\Controllers\Dashboard.php(254): view('/dashboard/user...', Array)
#5 C:\xampp\htdocs\ykadonline\vendor\codeigniter4\framework\system\CodeIgniter.php(928): App\Controllers\Dashboard->user_list()
#6 C:\xampp\htdocs\ykadonline\vendor\codeigniter4\framework\system\CodeIgniter.php(436): CodeIgniter\CodeIgniter->runController(Object(App\Controllers\Dashboard))
#7 C:\xampp\htdocs\ykadonline\vendor\codeigniter4\framework\system\CodeIgniter.php(336): CodeIgniter\CodeIgniter->handleRequest(NULL, Object(Config\Cache), false)
#8 C:\xampp\htdocs\ykadonline\public\index.php(37): CodeIgniter\CodeIgniter->run()
#9 C:\xampp\htdocs\ykadonline\vendor\codeigniter4\framework\system\Commands\Server\rewrite.php(45): require_once('C:\\xampp\\htdocs...')
#10 {main}
CRITICAL - 2021-08-26 12:26:01 --> Undefined property: stdClass::$id
#0 C:\xampp\htdocs\ykadonline\app\Views\dashboard\user_list.php(52): CodeIgniter\Debug\Exceptions->errorHandler(2, 'Undefined prope...', 'C:\\xampp\\htdocs...', 52)
#1 C:\xampp\htdocs\ykadonline\vendor\codeigniter4\framework\system\View\View.php(230): include('C:\\xampp\\htdocs...')
#2 C:\xampp\htdocs\ykadonline\vendor\codeigniter4\framework\system\View\View.php(232): CodeIgniter\View\View->CodeIgniter\View\{closure}()
#3 C:\xampp\htdocs\ykadonline\vendor\codeigniter4\framework\system\Common.php(1271): CodeIgniter\View\View->render('/dashboard/user...', Array, true)
#4 C:\xampp\htdocs\ykadonline\app\Controllers\Dashboard.php(254): view('/dashboard/user...', Array)
#5 C:\xampp\htdocs\ykadonline\vendor\codeigniter4\framework\system\CodeIgniter.php(928): App\Controllers\Dashboard->user_list()
#6 C:\xampp\htdocs\ykadonline\vendor\codeigniter4\framework\system\CodeIgniter.php(436): CodeIgniter\CodeIgniter->runController(Object(App\Controllers\Dashboard))
#7 C:\xampp\htdocs\ykadonline\vendor\codeigniter4\framework\system\CodeIgniter.php(336): CodeIgniter\CodeIgniter->handleRequest(NULL, Object(Config\Cache), false)
#8 C:\xampp\htdocs\ykadonline\public\index.php(37): CodeIgniter\CodeIgniter->run()
#9 C:\xampp\htdocs\ykadonline\vendor\codeigniter4\framework\system\Commands\Server\rewrite.php(45): require_once('C:\\xampp\\htdocs...')
#10 {main}
CRITICAL - 2021-08-26 12:28:02 --> Undefined property: stdClass::$id
#0 C:\xampp\htdocs\ykadonline\app\Views\dashboard\user_list.php(52): CodeIgniter\Debug\Exceptions->errorHandler(2, 'Undefined prope...', 'C:\\xampp\\htdocs...', 52)
#1 C:\xampp\htdocs\ykadonline\vendor\codeigniter4\framework\system\View\View.php(230): include('C:\\xampp\\htdocs...')
#2 C:\xampp\htdocs\ykadonline\vendor\codeigniter4\framework\system\View\View.php(232): CodeIgniter\View\View->CodeIgniter\View\{closure}()
#3 C:\xampp\htdocs\ykadonline\vendor\codeigniter4\framework\system\Common.php(1271): CodeIgniter\View\View->render('/dashboard/user...', Array, true)
#4 C:\xampp\htdocs\ykadonline\app\Controllers\Dashboard.php(254): view('/dashboard/user...', Array)
#5 C:\xampp\htdocs\ykadonline\vendor\codeigniter4\framework\system\CodeIgniter.php(928): App\Controllers\Dashboard->user_list()
#6 C:\xampp\htdocs\ykadonline\vendor\codeigniter4\framework\system\CodeIgniter.php(436): CodeIgniter\CodeIgniter->runController(Object(App\Controllers\Dashboard))
#7 C:\xampp\htdocs\ykadonline\vendor\codeigniter4\framework\system\CodeIgniter.php(336): CodeIgniter\CodeIgniter->handleRequest(NULL, Object(Config\Cache), false)
#8 C:\xampp\htdocs\ykadonline\public\index.php(37): CodeIgniter\CodeIgniter->run()
#9 C:\xampp\htdocs\ykadonline\vendor\codeigniter4\framework\system\Commands\Server\rewrite.php(45): require_once('C:\\xampp\\htdocs...')
#10 {main}
CRITICAL - 2021-08-26 12:43:57 --> Attempt to read property "password_hash" on array
#0 C:\xampp\htdocs\ykadonline\vendor\myth\auth\src\Authentication\LocalAuthenticator.php(165): CodeIgniter\Debug\Exceptions->errorHandler(2, 'Attempt to read...', 'C:\\xampp\\htdocs...', 165)
#1 C:\xampp\htdocs\ykadonline\vendor\myth\auth\src\Authentication\LocalAuthenticator.php(20): Myth\Auth\Authentication\LocalAuthenticator->validate(Array, true)
#2 C:\xampp\htdocs\ykadonline\vendor\myth\auth\src\Controllers\AuthController.php(88): Myth\Auth\Authentication\LocalAuthenticator->attempt(Array, false)
#3 C:\xampp\htdocs\ykadonline\vendor\codeigniter4\framework\system\CodeIgniter.php(928): Myth\Auth\Controllers\AuthController->attemptLogin()
#4 C:\xampp\htdocs\ykadonline\vendor\codeigniter4\framework\system\CodeIgniter.php(436): CodeIgniter\CodeIgniter->runController(Object(Myth\Auth\Controllers\AuthController))
#5 C:\xampp\htdocs\ykadonline\vendor\codeigniter4\framework\system\CodeIgniter.php(336): CodeIgniter\CodeIgniter->handleRequest(NULL, Object(Config\Cache), false)
#6 C:\xampp\htdocs\ykadonline\public\index.php(37): CodeIgniter\CodeIgniter->run()
#7 C:\xampp\htdocs\ykadonline\vendor\codeigniter4\framework\system\Commands\Server\rewrite.php(45): require_once('C:\\xampp\\htdocs...')
#8 {main}
CRITICAL - 2021-08-26 12:44:32 --> Attempt to read property "password_hash" on array
#0 C:\xampp\htdocs\ykadonline\vendor\myth\auth\src\Authentication\LocalAuthenticator.php(165): CodeIgniter\Debug\Exceptions->errorHandler(2, 'Attempt to read...', 'C:\\xampp\\htdocs...', 165)
#1 C:\xampp\htdocs\ykadonline\vendor\myth\auth\src\Authentication\LocalAuthenticator.php(20): Myth\Auth\Authentication\LocalAuthenticator->validate(Array, true)
#2 C:\xampp\htdocs\ykadonline\vendor\myth\auth\src\Controllers\AuthController.php(88): Myth\Auth\Authentication\LocalAuthenticator->attempt(Array, false)
#3 C:\xampp\htdocs\ykadonline\vendor\codeigniter4\framework\system\CodeIgniter.php(928): Myth\Auth\Controllers\AuthController->attemptLogin()
#4 C:\xampp\htdocs\ykadonline\vendor\codeigniter4\framework\system\CodeIgniter.php(436): CodeIgniter\CodeIgniter->runController(Object(Myth\Auth\Controllers\AuthController))
#5 C:\xampp\htdocs\ykadonline\vendor\codeigniter4\framework\system\CodeIgniter.php(336): CodeIgniter\CodeIgniter->handleRequest(NULL, Object(Config\Cache), false)
#6 C:\xampp\htdocs\ykadonline\public\index.php(37): CodeIgniter\CodeIgniter->run()
#7 C:\xampp\htdocs\ykadonline\vendor\codeigniter4\framework\system\Commands\Server\rewrite.php(45): require_once('C:\\xampp\\htdocs...')
#8 {main}
CRITICAL - 2021-08-26 12:45:17 --> Attempt to read property "password_hash" on array
#0 C:\xampp\htdocs\ykadonline\vendor\myth\auth\src\Authentication\LocalAuthenticator.php(165): CodeIgniter\Debug\Exceptions->errorHandler(2, 'Attempt to read...', 'C:\\xampp\\htdocs...', 165)
#1 C:\xampp\htdocs\ykadonline\vendor\myth\auth\src\Authentication\LocalAuthenticator.php(20): Myth\Auth\Authentication\LocalAuthenticator->validate(Array, true)
#2 C:\xampp\htdocs\ykadonline\vendor\myth\auth\src\Controllers\AuthController.php(88): Myth\Auth\Authentication\LocalAuthenticator->attempt(Array, false)
#3 C:\xampp\htdocs\ykadonline\vendor\codeigniter4\framework\system\CodeIgniter.php(928): Myth\Auth\Controllers\AuthController->attemptLogin()
#4 C:\xampp\htdocs\ykadonline\vendor\codeigniter4\framework\system\CodeIgniter.php(436): CodeIgniter\CodeIgniter->runController(Object(Myth\Auth\Controllers\AuthController))
#5 C:\xampp\htdocs\ykadonline\vendor\codeigniter4\framework\system\CodeIgniter.php(336): CodeIgniter\CodeIgniter->handleRequest(NULL, Object(Config\Cache), false)
#6 C:\xampp\htdocs\ykadonline\public\index.php(37): CodeIgniter\CodeIgniter->run()
#7 C:\xampp\htdocs\ykadonline\vendor\codeigniter4\framework\system\Commands\Server\rewrite.php(45): require_once('C:\\xampp\\htdocs...')
#8 {main}
CRITICAL - 2021-08-26 12:48:04 --> Attempt to read property "user_image" on array
#0 C:\xampp\htdocs\ykadonline\app\Views\layout\template.php(38): CodeIgniter\Debug\Exceptions->errorHandler(2, 'Attempt to read...', 'C:\\xampp\\htdocs...', 38)
#1 C:\xampp\htdocs\ykadonline\vendor\codeigniter4\framework\system\View\View.php(230): include('C:\\xampp\\htdocs...')
#2 C:\xampp\htdocs\ykadonline\vendor\codeigniter4\framework\system\View\View.php(232): CodeIgniter\View\View->CodeIgniter\View\{closure}()
#3 C:\xampp\htdocs\ykadonline\vendor\codeigniter4\framework\system\View\View.php(246): CodeIgniter\View\View->render('layout/template', Array, true)
#4 C:\xampp\htdocs\ykadonline\vendor\codeigniter4\framework\system\Common.php(1271): CodeIgniter\View\View->render('/dashboard/user...', Array, true)
#5 C:\xampp\htdocs\ykadonline\app\Controllers\Dashboard.php(254): view('/dashboard/user...', Array)
#6 C:\xampp\htdocs\ykadonline\vendor\codeigniter4\framework\system\CodeIgniter.php(928): App\Controllers\Dashboard->user_list()
#7 C:\xampp\htdocs\ykadonline\vendor\codeigniter4\framework\system\CodeIgniter.php(436): CodeIgniter\CodeIgniter->runController(Object(App\Controllers\Dashboard))
#8 C:\xampp\htdocs\ykadonline\vendor\codeigniter4\framework\system\CodeIgniter.php(336): CodeIgniter\CodeIgniter->handleRequest(NULL, Object(Config\Cache), false)
#9 C:\xampp\htdocs\ykadonline\public\index.php(37): CodeIgniter\CodeIgniter->run()
#10 C:\xampp\htdocs\ykadonline\vendor\codeigniter4\framework\system\Commands\Server\rewrite.php(45): require_once('C:\\xampp\\htdocs...')
#11 {main}
CRITICAL - 2021-08-26 12:50:30 --> Cannot declare class App\Controllers\Dashboard, because the name is already in use
#0 [internal function]: CodeIgniter\Debug\Exceptions->shutdownHandler()
#1 {main}
CRITICAL - 2021-08-26 12:51:06 --> Attempt to read property "user_image" on array
#0 C:\xampp\htdocs\ykadonline\app\Views\layout\template.php(38): CodeIgniter\Debug\Exceptions->errorHandler(2, 'Attempt to read...', 'C:\\xampp\\htdocs...', 38)
#1 C:\xampp\htdocs\ykadonline\vendor\codeigniter4\framework\system\View\View.php(230): include('C:\\xampp\\htdocs...')
#2 C:\xampp\htdocs\ykadonline\vendor\codeigniter4\framework\system\View\View.php(232): CodeIgniter\View\View->CodeIgniter\View\{closure}()
#3 C:\xampp\htdocs\ykadonline\vendor\codeigniter4\framework\system\View\View.php(246): CodeIgniter\View\View->render('layout/template', Array, true)
#4 C:\xampp\htdocs\ykadonline\vendor\codeigniter4\framework\system\Common.php(1271): CodeIgniter\View\View->render('/dashboard/user...', Array, true)
#5 C:\xampp\htdocs\ykadonline\app\Controllers\User.php(31): view('/dashboard/user...', Array)
#6 C:\xampp\htdocs\ykadonline\vendor\codeigniter4\framework\system\CodeIgniter.php(928): App\Controllers\User->user_list()
#7 C:\xampp\htdocs\ykadonline\vendor\codeigniter4\framework\system\CodeIgniter.php(436): CodeIgniter\CodeIgniter->runController(Object(App\Controllers\User))
#8 C:\xampp\htdocs\ykadonline\vendor\codeigniter4\framework\system\CodeIgniter.php(336): CodeIgniter\CodeIgniter->handleRequest(NULL, Object(Config\Cache), false)
#9 C:\xampp\htdocs\ykadonline\public\index.php(37): CodeIgniter\CodeIgniter->run()
#10 C:\xampp\htdocs\ykadonline\vendor\codeigniter4\framework\system\Commands\Server\rewrite.php(45): require_once('C:\\xampp\\htdocs...')
#11 {main}
CRITICAL - 2021-08-26 12:51:56 --> Attempt to read property "user_image" on array
#0 C:\xampp\htdocs\ykadonline\app\Views\layout\template.php(38): CodeIgniter\Debug\Exceptions->errorHandler(2, 'Attempt to read...', 'C:\\xampp\\htdocs...', 38)
#1 C:\xampp\htdocs\ykadonline\vendor\codeigniter4\framework\system\View\View.php(230): include('C:\\xampp\\htdocs...')
#2 C:\xampp\htdocs\ykadonline\vendor\codeigniter4\framework\system\View\View.php(232): CodeIgniter\View\View->CodeIgniter\View\{closure}()
#3 C:\xampp\htdocs\ykadonline\vendor\codeigniter4\framework\system\View\View.php(246): CodeIgniter\View\View->render('layout/template', Array, true)
#4 C:\xampp\htdocs\ykadonline\vendor\codeigniter4\framework\system\Common.php(1271): CodeIgniter\View\View->render('/dashboard/user...', Array, true)
#5 C:\xampp\htdocs\ykadonline\app\Controllers\User.php(31): view('/dashboard/user...', Array)
#6 C:\xampp\htdocs\ykadonline\vendor\codeigniter4\framework\system\CodeIgniter.php(928): App\Controllers\User->user_list()
#7 C:\xampp\htdocs\ykadonline\vendor\codeigniter4\framework\system\CodeIgniter.php(436): CodeIgniter\CodeIgniter->runController(Object(App\Controllers\User))
#8 C:\xampp\htdocs\ykadonline\vendor\codeigniter4\framework\system\CodeIgniter.php(336): CodeIgniter\CodeIgniter->handleRequest(NULL, Object(Config\Cache), false)
#9 C:\xampp\htdocs\ykadonline\public\index.php(37): CodeIgniter\CodeIgniter->run()
#10 C:\xampp\htdocs\ykadonline\vendor\codeigniter4\framework\system\Commands\Server\rewrite.php(45): require_once('C:\\xampp\\htdocs...')
#11 {main}
CRITICAL - 2021-08-26 17:10:22 --> Call to undefined function word_limiter()
#0 C:\xampp\htdocs\ykadonline\vendor\codeigniter4\framework\system\View\View.php(230): include()
#1 C:\xampp\htdocs\ykadonline\vendor\codeigniter4\framework\system\View\View.php(232): CodeIgniter\View\View->CodeIgniter\View\{closure}()
#2 C:\xampp\htdocs\ykadonline\vendor\codeigniter4\framework\system\Common.php(1271): CodeIgniter\View\View->render('/article/index', Array, true)
#3 C:\xampp\htdocs\ykadonline\app\Controllers\Article.php(41): view('/article/index', Array)
#4 C:\xampp\htdocs\ykadonline\vendor\codeigniter4\framework\system\CodeIgniter.php(928): App\Controllers\Article->index()
#5 C:\xampp\htdocs\ykadonline\vendor\codeigniter4\framework\system\CodeIgniter.php(436): CodeIgniter\CodeIgniter->runController(Object(App\Controllers\Article))
#6 C:\xampp\htdocs\ykadonline\vendor\codeigniter4\framework\system\CodeIgniter.php(336): CodeIgniter\CodeIgniter->handleRequest(NULL, Object(Config\Cache), false)
#7 C:\xampp\htdocs\ykadonline\public\index.php(37): CodeIgniter\CodeIgniter->run()
#8 C:\xampp\htdocs\ykadonline\vendor\codeigniter4\framework\system\Commands\Server\rewrite.php(45): require_once('C:\\xampp\\htdocs...')
#9 {main}
CRITICAL - 2021-08-26 17:56:42 --> unlink(img/): Is a directory
#0 [internal function]: CodeIgniter\Debug\Exceptions->errorHandler(2, 'unlink(img/): I...', 'C:\\xampp\\htdocs...', 127)
#1 C:\xampp\htdocs\ykadonline\app\Controllers\Dashboard.php(127): unlink('img/')
#2 C:\xampp\htdocs\ykadonline\vendor\codeigniter4\framework\system\CodeIgniter.php(928): App\Controllers\Dashboard->delete('32')
#3 C:\xampp\htdocs\ykadonline\vendor\codeigniter4\framework\system\CodeIgniter.php(436): CodeIgniter\CodeIgniter->runController(Object(App\Controllers\Dashboard))
#4 C:\xampp\htdocs\ykadonline\vendor\codeigniter4\framework\system\CodeIgniter.php(336): CodeIgniter\CodeIgniter->handleRequest(NULL, Object(Config\Cache), false)
#5 C:\xampp\htdocs\ykadonline\public\index.php(37): CodeIgniter\CodeIgniter->run()
#6 C:\xampp\htdocs\ykadonline\vendor\codeigniter4\framework\system\Commands\Server\rewrite.php(45): require_once('C:\\xampp\\htdocs...')
#7 {main}
CRITICAL - 2021-08-26 17:57:15 --> unlink(img/): Is a directory
#0 [internal function]: CodeIgniter\Debug\Exceptions->errorHandler(2, 'unlink(img/): I...', 'C:\\xampp\\htdocs...', 127)
#1 C:\xampp\htdocs\ykadonline\app\Controllers\Dashboard.php(127): unlink('img/')
#2 C:\xampp\htdocs\ykadonline\vendor\codeigniter4\framework\system\CodeIgniter.php(928): App\Controllers\Dashboard->delete('33')
#3 C:\xampp\htdocs\ykadonline\vendor\codeigniter4\framework\system\CodeIgniter.php(436): CodeIgniter\CodeIgniter->runController(Object(App\Controllers\Dashboard))
#4 C:\xampp\htdocs\ykadonline\vendor\codeigniter4\framework\system\CodeIgniter.php(336): CodeIgniter\CodeIgniter->handleRequest(NULL, Object(Config\Cache), false)
#5 C:\xampp\htdocs\ykadonline\public\index.php(37): CodeIgniter\CodeIgniter->run()
#6 C:\xampp\htdocs\ykadonline\vendor\codeigniter4\framework\system\Commands\Server\rewrite.php(45): require_once('C:\\xampp\\htdocs...')
#7 {main}
CRITICAL - 2021-08-26 17:57:29 --> Too few arguments to function App\Controllers\Dashboard::update_article(), 0 passed in C:\xampp\htdocs\ykadonline\vendor\codeigniter4\framework\system\CodeIgniter.php on line 928 and exactly 1 expected
#0 C:\xampp\htdocs\ykadonline\vendor\codeigniter4\framework\system\CodeIgniter.php(928): App\Controllers\Dashboard->update_article()
#1 C:\xampp\htdocs\ykadonline\vendor\codeigniter4\framework\system\CodeIgniter.php(436): CodeIgniter\CodeIgniter->runController(Object(App\Controllers\Dashboard))
#2 C:\xampp\htdocs\ykadonline\vendor\codeigniter4\framework\system\CodeIgniter.php(336): CodeIgniter\CodeIgniter->handleRequest(NULL, Object(Config\Cache), false)
#3 C:\xampp\htdocs\ykadonline\public\index.php(37): CodeIgniter\CodeIgniter->run()
#4 C:\xampp\htdocs\ykadonline\vendor\codeigniter4\framework\system\Commands\Server\rewrite.php(45): require_once('C:\\xampp\\htdocs...')
#5 {main}
