CRITICAL - 2022-03-02 16:16:20 --> Invalid file: CodeIgniter\Pager\Views\dashboard_pagination.php
#0 C:\Users\lenovo\Downloads\Documents\Fira-cms\vendor\codeigniter4\framework\system\View\View.php(198): CodeIgniter\Exceptions\FrameworkException::forInvalidFile('CodeIgniter\\Pag...')
#1 C:\Users\lenovo\Downloads\Documents\Fira-cms\vendor\codeigniter4\framework\system\Pager\Pager.php(125): CodeIgniter\View\View->render('CodeIgniter\\Pag...')
#2 C:\Users\lenovo\Downloads\Documents\Fira-cms\vendor\codeigniter4\framework\system\Pager\Pager.php(83): CodeIgniter\Pager\Pager->displayLinks('article', 'dashboard_pagin...')
#3 C:\Users\lenovo\Downloads\Documents\Fira-cms\app\Views\article\index.php(332): CodeIgniter\Pager\Pager->links('article', 'dashboard_pagin...')
#4 C:\Users\lenovo\Downloads\Documents\Fira-cms\vendor\codeigniter4\framework\system\View\View.php(210): include('C:\\Users\\lenovo...')
#5 C:\Users\lenovo\Downloads\Documents\Fira-cms\vendor\codeigniter4\framework\system\View\View.php(213): CodeIgniter\View\View->CodeIgniter\View\{closure}()
#6 C:\Users\lenovo\Downloads\Documents\Fira-cms\vendor\codeigniter4\framework\system\Common.php(1089): CodeIgniter\View\View->render('/article/index', Array, true)
#7 C:\Users\lenovo\Downloads\Documents\Fira-cms\app\Controllers\Post.php(56): view('/article/index', Array)
#8 C:\Users\lenovo\Downloads\Documents\Fira-cms\vendor\codeigniter4\framework\system\CodeIgniter.php(832): App\Controllers\Post->index()
#9 C:\Users\lenovo\Downloads\Documents\Fira-cms\vendor\codeigniter4\framework\system\CodeIgniter.php(419): CodeIgniter\CodeIgniter->runController(Object(App\Controllers\Post))
#10 C:\Users\lenovo\Downloads\Documents\Fira-cms\vendor\codeigniter4\framework\system\CodeIgniter.php(326): CodeIgniter\CodeIgniter->handleRequest(NULL, Object(Config\Cache), false)
#11 C:\Users\lenovo\Downloads\Documents\Fira-cms\public\index.php(37): CodeIgniter\CodeIgniter->run()
#12 C:\Users\lenovo\Downloads\Documents\Fira-cms\vendor\codeigniter4\framework\system\Commands\Server\rewrite.php(43): require_once('C:\\Users\\lenovo...')
#13 {main}
CRITICAL - 2022-03-02 16:16:31 --> Invalid file: CodeIgniter\Pager\Views\dashboard_pagination.php
#0 C:\Users\lenovo\Downloads\Documents\Fira-cms\vendor\codeigniter4\framework\system\View\View.php(198): CodeIgniter\Exceptions\FrameworkException::forInvalidFile('CodeIgniter\\Pag...')
#1 C:\Users\lenovo\Downloads\Documents\Fira-cms\vendor\codeigniter4\framework\system\Pager\Pager.php(125): CodeIgniter\View\View->render('CodeIgniter\\Pag...')
#2 C:\Users\lenovo\Downloads\Documents\Fira-cms\vendor\codeigniter4\framework\system\Pager\Pager.php(83): CodeIgniter\Pager\Pager->displayLinks('article', 'dashboard_pagin...')
#3 C:\Users\lenovo\Downloads\Documents\Fira-cms\app\Views\article\index.php(332): CodeIgniter\Pager\Pager->links('article', 'dashboard_pagin...')
#4 C:\Users\lenovo\Downloads\Documents\Fira-cms\vendor\codeigniter4\framework\system\View\View.php(210): include('C:\\Users\\lenovo...')
#5 C:\Users\lenovo\Downloads\Documents\Fira-cms\vendor\codeigniter4\framework\system\View\View.php(213): CodeIgniter\View\View->CodeIgniter\View\{closure}()
#6 C:\Users\lenovo\Downloads\Documents\Fira-cms\vendor\codeigniter4\framework\system\Common.php(1089): CodeIgniter\View\View->render('/article/index', Array, true)
#7 C:\Users\lenovo\Downloads\Documents\Fira-cms\app\Controllers\Post.php(56): view('/article/index', Array)
#8 C:\Users\lenovo\Downloads\Documents\Fira-cms\vendor\codeigniter4\framework\system\CodeIgniter.php(832): App\Controllers\Post->index()
#9 C:\Users\lenovo\Downloads\Documents\Fira-cms\vendor\codeigniter4\framework\system\CodeIgniter.php(419): CodeIgniter\CodeIgniter->runController(Object(App\Controllers\Post))
#10 C:\Users\lenovo\Downloads\Documents\Fira-cms\vendor\codeigniter4\framework\system\CodeIgniter.php(326): CodeIgniter\CodeIgniter->handleRequest(NULL, Object(Config\Cache), false)
#11 C:\Users\lenovo\Downloads\Documents\Fira-cms\public\index.php(37): CodeIgniter\CodeIgniter->run()
#12 C:\Users\lenovo\Downloads\Documents\Fira-cms\vendor\codeigniter4\framework\system\Commands\Server\rewrite.php(43): require_once('C:\\Users\\lenovo...')
#13 {main}
CRITICAL - 2022-03-02 16:16:38 --> Invalid file: CodeIgniter\Pager\Views\dashboard_pagination.php
#0 C:\Users\lenovo\Downloads\Documents\Fira-cms\vendor\codeigniter4\framework\system\View\View.php(198): CodeIgniter\Exceptions\FrameworkException::forInvalidFile('CodeIgniter\\Pag...')
#1 C:\Users\lenovo\Downloads\Documents\Fira-cms\vendor\codeigniter4\framework\system\Pager\Pager.php(125): CodeIgniter\View\View->render('CodeIgniter\\Pag...')
#2 C:\Users\lenovo\Downloads\Documents\Fira-cms\vendor\codeigniter4\framework\system\Pager\Pager.php(83): CodeIgniter\Pager\Pager->displayLinks('article', 'dashboard_pagin...')
#3 C:\Users\lenovo\Downloads\Documents\Fira-cms\app\Views\article\index.php(332): CodeIgniter\Pager\Pager->links('article', 'dashboard_pagin...')
#4 C:\Users\lenovo\Downloads\Documents\Fira-cms\vendor\codeigniter4\framework\system\View\View.php(210): include('C:\\Users\\lenovo...')
#5 C:\Users\lenovo\Downloads\Documents\Fira-cms\vendor\codeigniter4\framework\system\View\View.php(213): CodeIgniter\View\View->CodeIgniter\View\{closure}()
#6 C:\Users\lenovo\Downloads\Documents\Fira-cms\vendor\codeigniter4\framework\system\Common.php(1089): CodeIgniter\View\View->render('/article/index', Array, true)
#7 C:\Users\lenovo\Downloads\Documents\Fira-cms\app\Controllers\Post.php(56): view('/article/index', Array)
#8 C:\Users\lenovo\Downloads\Documents\Fira-cms\vendor\codeigniter4\framework\system\CodeIgniter.php(832): App\Controllers\Post->index()
#9 C:\Users\lenovo\Downloads\Documents\Fira-cms\vendor\codeigniter4\framework\system\CodeIgniter.php(419): CodeIgniter\CodeIgniter->runController(Object(App\Controllers\Post))
#10 C:\Users\lenovo\Downloads\Documents\Fira-cms\vendor\codeigniter4\framework\system\CodeIgniter.php(326): CodeIgniter\CodeIgniter->handleRequest(NULL, Object(Config\Cache), false)
#11 C:\Users\lenovo\Downloads\Documents\Fira-cms\public\index.php(37): CodeIgniter\CodeIgniter->run()
#12 C:\Users\lenovo\Downloads\Documents\Fira-cms\vendor\codeigniter4\framework\system\Commands\Server\rewrite.php(43): require_once('C:\\Users\\lenovo...')
#13 {main}
CRITICAL - 2022-03-02 16:21:11 --> Invalid file: CodeIgniter\Pager\Views\dashboard_pagination.php
#0 C:\Users\lenovo\Downloads\Documents\Fira-cms\vendor\codeigniter4\framework\system\View\View.php(198): CodeIgniter\Exceptions\FrameworkException::forInvalidFile('CodeIgniter\\Pag...')
#1 C:\Users\lenovo\Downloads\Documents\Fira-cms\vendor\codeigniter4\framework\system\Pager\Pager.php(125): CodeIgniter\View\View->render('CodeIgniter\\Pag...')
#2 C:\Users\lenovo\Downloads\Documents\Fira-cms\vendor\codeigniter4\framework\system\Pager\Pager.php(83): CodeIgniter\Pager\Pager->displayLinks('article', 'dashboard_pagin...')
#3 C:\Users\lenovo\Downloads\Documents\Fira-cms\app\Views\article\index.php(332): CodeIgniter\Pager\Pager->links('article', 'dashboard_pagin...')
#4 C:\Users\lenovo\Downloads\Documents\Fira-cms\vendor\codeigniter4\framework\system\View\View.php(210): include('C:\\Users\\lenovo...')
#5 C:\Users\lenovo\Downloads\Documents\Fira-cms\vendor\codeigniter4\framework\system\View\View.php(213): CodeIgniter\View\View->CodeIgniter\View\{closure}()
#6 C:\Users\lenovo\Downloads\Documents\Fira-cms\vendor\codeigniter4\framework\system\Common.php(1089): CodeIgniter\View\View->render('/article/index', Array, true)
#7 C:\Users\lenovo\Downloads\Documents\Fira-cms\app\Controllers\Post.php(56): view('/article/index', Array)
#8 C:\Users\lenovo\Downloads\Documents\Fira-cms\vendor\codeigniter4\framework\system\CodeIgniter.php(832): App\Controllers\Post->index()
#9 C:\Users\lenovo\Downloads\Documents\Fira-cms\vendor\codeigniter4\framework\system\CodeIgniter.php(419): CodeIgniter\CodeIgniter->runController(Object(App\Controllers\Post))
#10 C:\Users\lenovo\Downloads\Documents\Fira-cms\vendor\codeigniter4\framework\system\CodeIgniter.php(326): CodeIgniter\CodeIgniter->handleRequest(NULL, Object(Config\Cache), false)
#11 C:\Users\lenovo\Downloads\Documents\Fira-cms\public\index.php(37): CodeIgniter\CodeIgniter->run()
#12 C:\Users\lenovo\Downloads\Documents\Fira-cms\vendor\codeigniter4\framework\system\Commands\Server\rewrite.php(43): require_once('C:\\Users\\lenovo...')
#13 {main}
CRITICAL - 2022-03-02 16:21:35 --> Invalid file: CodeIgniter\Pager\Views\dashboard_pagination.php
#0 C:\Users\lenovo\Downloads\Documents\Fira-cms\vendor\codeigniter4\framework\system\View\View.php(198): CodeIgniter\Exceptions\FrameworkException::forInvalidFile('CodeIgniter\\Pag...')
#1 C:\Users\lenovo\Downloads\Documents\Fira-cms\vendor\codeigniter4\framework\system\Pager\Pager.php(125): CodeIgniter\View\View->render('CodeIgniter\\Pag...')
#2 C:\Users\lenovo\Downloads\Documents\Fira-cms\vendor\codeigniter4\framework\system\Pager\Pager.php(83): CodeIgniter\Pager\Pager->displayLinks('article', 'dashboard_pagin...')
#3 C:\Users\lenovo\Downloads\Documents\Fira-cms\app\Views\dashboard\index.php(129): CodeIgniter\Pager\Pager->links('article', 'dashboard_pagin...')
#4 C:\Users\lenovo\Downloads\Documents\Fira-cms\vendor\codeigniter4\framework\system\View\View.php(210): include('C:\\Users\\lenovo...')
#5 C:\Users\lenovo\Downloads\Documents\Fira-cms\vendor\codeigniter4\framework\system\View\View.php(213): CodeIgniter\View\View->CodeIgniter\View\{closure}()
#6 C:\Users\lenovo\Downloads\Documents\Fira-cms\vendor\codeigniter4\framework\system\Common.php(1089): CodeIgniter\View\View->render('dashboard/index', Array, true)
#7 C:\Users\lenovo\Downloads\Documents\Fira-cms\app\Controllers\Dashboard.php(51): view('dashboard/index', Array)
#8 C:\Users\lenovo\Downloads\Documents\Fira-cms\vendor\codeigniter4\framework\system\CodeIgniter.php(832): App\Controllers\Dashboard->index()
#9 C:\Users\lenovo\Downloads\Documents\Fira-cms\vendor\codeigniter4\framework\system\CodeIgniter.php(419): CodeIgniter\CodeIgniter->runController(Object(App\Controllers\Dashboard))
#10 C:\Users\lenovo\Downloads\Documents\Fira-cms\vendor\codeigniter4\framework\system\CodeIgniter.php(326): CodeIgniter\CodeIgniter->handleRequest(NULL, Object(Config\Cache), false)
#11 C:\Users\lenovo\Downloads\Documents\Fira-cms\public\index.php(37): CodeIgniter\CodeIgniter->run()
#12 C:\Users\lenovo\Downloads\Documents\Fira-cms\vendor\codeigniter4\framework\system\Commands\Server\rewrite.php(43): require_once('C:\\Users\\lenovo...')
#13 {main}
CRITICAL - 2022-03-02 16:22:12 --> Invalid file: CodeIgniter\Pager\Views\dashboard_pagination.php
#0 C:\Users\lenovo\Downloads\Documents\Fira-cms\vendor\codeigniter4\framework\system\View\View.php(198): CodeIgniter\Exceptions\FrameworkException::forInvalidFile('CodeIgniter\\Pag...')
#1 C:\Users\lenovo\Downloads\Documents\Fira-cms\vendor\codeigniter4\framework\system\Pager\Pager.php(125): CodeIgniter\View\View->render('CodeIgniter\\Pag...')
#2 C:\Users\lenovo\Downloads\Documents\Fira-cms\vendor\codeigniter4\framework\system\Pager\Pager.php(83): CodeIgniter\Pager\Pager->displayLinks('article', 'dashboard_pagin...')
#3 C:\Users\lenovo\Downloads\Documents\Fira-cms\app\Views\dashboard\index.php(129): CodeIgniter\Pager\Pager->links('article', 'dashboard_pagin...')
#4 C:\Users\lenovo\Downloads\Documents\Fira-cms\vendor\codeigniter4\framework\system\View\View.php(210): include('C:\\Users\\lenovo...')
#5 C:\Users\lenovo\Downloads\Documents\Fira-cms\vendor\codeigniter4\framework\system\View\View.php(213): CodeIgniter\View\View->CodeIgniter\View\{closure}()
#6 C:\Users\lenovo\Downloads\Documents\Fira-cms\vendor\codeigniter4\framework\system\Common.php(1089): CodeIgniter\View\View->render('dashboard/index', Array, true)
#7 C:\Users\lenovo\Downloads\Documents\Fira-cms\app\Controllers\Dashboard.php(51): view('dashboard/index', Array)
#8 C:\Users\lenovo\Downloads\Documents\Fira-cms\vendor\codeigniter4\framework\system\CodeIgniter.php(832): App\Controllers\Dashboard->index()
#9 C:\Users\lenovo\Downloads\Documents\Fira-cms\vendor\codeigniter4\framework\system\CodeIgniter.php(419): CodeIgniter\CodeIgniter->runController(Object(App\Controllers\Dashboard))
#10 C:\Users\lenovo\Downloads\Documents\Fira-cms\vendor\codeigniter4\framework\system\CodeIgniter.php(326): CodeIgniter\CodeIgniter->handleRequest(NULL, Object(Config\Cache), false)
#11 C:\Users\lenovo\Downloads\Documents\Fira-cms\public\index.php(37): CodeIgniter\CodeIgniter->run()
#12 C:\Users\lenovo\Downloads\Documents\Fira-cms\vendor\codeigniter4\framework\system\Commands\Server\rewrite.php(43): require_once('C:\\Users\\lenovo...')
#13 {main}
