CRITICAL - 2021-08-13 05:38:45 --> syntax error, unexpected token "endforeach", expecting end of file
#0 C:\xampp\htdocs\ykadonline\vendor\codeigniter4\framework\system\View\View.php(232): CodeIgniter\View\View->CodeIgniter\View\{closure}()
#1 C:\xampp\htdocs\ykadonline\vendor\codeigniter4\framework\system\Common.php(1271): CodeIgniter\View\View->render('/article/detail', Array, true)
#2 C:\xampp\htdocs\ykadonline\app\Controllers\Article.php(29): view('/article/detail', Array)
#3 C:\xampp\htdocs\ykadonline\vendor\codeigniter4\framework\system\CodeIgniter.php(928): App\Controllers\Article->detail('', 'detail', 'haloo-gg')
#4 C:\xampp\htdocs\ykadonline\vendor\codeigniter4\framework\system\CodeIgniter.php(436): CodeIgniter\CodeIgniter->runController(Object(App\Controllers\Article))
#5 C:\xampp\htdocs\ykadonline\vendor\codeigniter4\framework\system\CodeIgniter.php(336): CodeIgniter\CodeIgniter->handleRequest(NULL, Object(Config\Cache), false)
#6 C:\xampp\htdocs\ykadonline\public\index.php(37): CodeIgniter\CodeIgniter->run()
#7 C:\xampp\htdocs\ykadonline\vendor\codeigniter4\framework\system\Commands\Server\rewrite.php(45): require_once('C:\\xampp\\htdocs...')
#8 {main}
CRITICAL - 2021-08-13 05:45:16 --> Call to undefined method App\Models\dashboardModel::getResult
#0 C:\xampp\htdocs\ykadonline\app\Models\DashboardModel.php(18): CodeIgniter\Model->__call('getResult', Array)
#1 C:\xampp\htdocs\ykadonline\app\Controllers\Article.php(21): App\Models\dashboardModel->getArticle()
#2 C:\xampp\htdocs\ykadonline\vendor\codeigniter4\framework\system\CodeIgniter.php(928): App\Controllers\Article->detail('', 'detail', 'haloo-gg')
#3 C:\xampp\htdocs\ykadonline\vendor\codeigniter4\framework\system\CodeIgniter.php(436): CodeIgniter\CodeIgniter->runController(Object(App\Controllers\Article))
#4 C:\xampp\htdocs\ykadonline\vendor\codeigniter4\framework\system\CodeIgniter.php(336): CodeIgniter\CodeIgniter->handleRequest(NULL, Object(Config\Cache), false)
#5 C:\xampp\htdocs\ykadonline\public\index.php(37): CodeIgniter\CodeIgniter->run()
#6 C:\xampp\htdocs\ykadonline\vendor\codeigniter4\framework\system\Commands\Server\rewrite.php(45): require_once('C:\\xampp\\htdocs...')
#7 {main}
CRITICAL - 2021-08-13 05:47:21 --> Too few arguments to function CodeIgniter\BaseModel::findColumn(), 0 passed in C:\xampp\htdocs\ykadonline\app\Models\DashboardModel.php on line 18 and exactly 1 expected
#0 C:\xampp\htdocs\ykadonline\app\Models\DashboardModel.php(18): CodeIgniter\BaseModel->findColumn()
#1 C:\xampp\htdocs\ykadonline\app\Controllers\Article.php(21): App\Models\dashboardModel->getArticle()
#2 C:\xampp\htdocs\ykadonline\vendor\codeigniter4\framework\system\CodeIgniter.php(928): App\Controllers\Article->detail('', 'detail', 'haloo-gg')
#3 C:\xampp\htdocs\ykadonline\vendor\codeigniter4\framework\system\CodeIgniter.php(436): CodeIgniter\CodeIgniter->runController(Object(App\Controllers\Article))
#4 C:\xampp\htdocs\ykadonline\vendor\codeigniter4\framework\system\CodeIgniter.php(336): CodeIgniter\CodeIgniter->handleRequest(NULL, Object(Config\Cache), false)
#5 C:\xampp\htdocs\ykadonline\public\index.php(37): CodeIgniter\CodeIgniter->run()
#6 C:\xampp\htdocs\ykadonline\vendor\codeigniter4\framework\system\Commands\Server\rewrite.php(45): require_once('C:\\xampp\\htdocs...')
#7 {main}
CRITICAL - 2021-08-13 05:47:58 --> Cannot access offset of type string on string
#0 C:\xampp\htdocs\ykadonline\vendor\codeigniter4\framework\system\View\View.php(230): include()
#1 C:\xampp\htdocs\ykadonline\vendor\codeigniter4\framework\system\View\View.php(232): CodeIgniter\View\View->CodeIgniter\View\{closure}()
#2 C:\xampp\htdocs\ykadonline\vendor\codeigniter4\framework\system\Common.php(1271): CodeIgniter\View\View->render('/article/detail', Array, true)
#3 C:\xampp\htdocs\ykadonline\app\Controllers\Article.php(29): view('/article/detail', Array)
#4 C:\xampp\htdocs\ykadonline\vendor\codeigniter4\framework\system\CodeIgniter.php(928): App\Controllers\Article->detail('', 'detail', 'haloo-gg')
#5 C:\xampp\htdocs\ykadonline\vendor\codeigniter4\framework\system\CodeIgniter.php(436): CodeIgniter\CodeIgniter->runController(Object(App\Controllers\Article))
#6 C:\xampp\htdocs\ykadonline\vendor\codeigniter4\framework\system\CodeIgniter.php(336): CodeIgniter\CodeIgniter->handleRequest(NULL, Object(Config\Cache), false)
#7 C:\xampp\htdocs\ykadonline\public\index.php(37): CodeIgniter\CodeIgniter->run()
#8 C:\xampp\htdocs\ykadonline\vendor\codeigniter4\framework\system\Commands\Server\rewrite.php(45): require_once('C:\\xampp\\htdocs...')
#9 {main}
CRITICAL - 2021-08-13 05:48:49 --> Cannot access offset of type string on string
#0 C:\xampp\htdocs\ykadonline\vendor\codeigniter4\framework\system\View\View.php(230): include()
#1 C:\xampp\htdocs\ykadonline\vendor\codeigniter4\framework\system\View\View.php(232): CodeIgniter\View\View->CodeIgniter\View\{closure}()
#2 C:\xampp\htdocs\ykadonline\vendor\codeigniter4\framework\system\Common.php(1271): CodeIgniter\View\View->render('dashboard/list_...', Array, true)
#3 C:\xampp\htdocs\ykadonline\app\Controllers\Dashboard.php(212): view('dashboard/list_...', Array)
#4 C:\xampp\htdocs\ykadonline\vendor\codeigniter4\framework\system\CodeIgniter.php(928): App\Controllers\Dashboard->list_article()
#5 C:\xampp\htdocs\ykadonline\vendor\codeigniter4\framework\system\CodeIgniter.php(436): CodeIgniter\CodeIgniter->runController(Object(App\Controllers\Dashboard))
#6 C:\xampp\htdocs\ykadonline\vendor\codeigniter4\framework\system\CodeIgniter.php(336): CodeIgniter\CodeIgniter->handleRequest(NULL, Object(Config\Cache), false)
#7 C:\xampp\htdocs\ykadonline\public\index.php(37): CodeIgniter\CodeIgniter->run()
#8 C:\xampp\htdocs\ykadonline\vendor\codeigniter4\framework\system\Commands\Server\rewrite.php(45): require_once('C:\\xampp\\htdocs...')
#9 {main}
CRITICAL - 2021-08-13 06:06:29 --> Undefined variable $article
#0 C:\xampp\htdocs\ykadonline\app\Views\article\index.php(132): CodeIgniter\Debug\Exceptions->errorHandler(2, 'Undefined varia...', 'C:\\xampp\\htdocs...', 132)
#1 C:\xampp\htdocs\ykadonline\vendor\codeigniter4\framework\system\View\View.php(230): include('C:\\xampp\\htdocs...')
#2 C:\xampp\htdocs\ykadonline\vendor\codeigniter4\framework\system\View\View.php(232): CodeIgniter\View\View->CodeIgniter\View\{closure}()
#3 C:\xampp\htdocs\ykadonline\vendor\codeigniter4\framework\system\Common.php(1271): CodeIgniter\View\View->render('/article/index', Array, true)
#4 C:\xampp\htdocs\ykadonline\app\Controllers\Home.php(22): view('/article/index', Array)
#5 C:\xampp\htdocs\ykadonline\vendor\codeigniter4\framework\system\CodeIgniter.php(928): App\Controllers\Home->index()
#6 C:\xampp\htdocs\ykadonline\vendor\codeigniter4\framework\system\CodeIgniter.php(436): CodeIgniter\CodeIgniter->runController(Object(App\Controllers\Home))
#7 C:\xampp\htdocs\ykadonline\vendor\codeigniter4\framework\system\CodeIgniter.php(336): CodeIgniter\CodeIgniter->handleRequest(NULL, Object(Config\Cache), false)
#8 C:\xampp\htdocs\ykadonline\public\index.php(37): CodeIgniter\CodeIgniter->run()
#9 C:\xampp\htdocs\ykadonline\vendor\codeigniter4\framework\system\Commands\Server\rewrite.php(45): require_once('C:\\xampp\\htdocs...')
#10 {main}
CRITICAL - 2021-08-13 06:11:56 --> Undefined array key "catgeory"
#0 C:\xampp\htdocs\ykadonline\app\Views\article\index.php(32): CodeIgniter\Debug\Exceptions->errorHandler(2, 'Undefined array...', 'C:\\xampp\\htdocs...', 32)
#1 C:\xampp\htdocs\ykadonline\vendor\codeigniter4\framework\system\View\View.php(230): include('C:\\xampp\\htdocs...')
#2 C:\xampp\htdocs\ykadonline\vendor\codeigniter4\framework\system\View\View.php(232): CodeIgniter\View\View->CodeIgniter\View\{closure}()
#3 C:\xampp\htdocs\ykadonline\vendor\codeigniter4\framework\system\Common.php(1271): CodeIgniter\View\View->render('/article/index', Array, true)
#4 C:\xampp\htdocs\ykadonline\app\Controllers\Home.php(23): view('/article/index', Array)
#5 C:\xampp\htdocs\ykadonline\vendor\codeigniter4\framework\system\CodeIgniter.php(928): App\Controllers\Home->index()
#6 C:\xampp\htdocs\ykadonline\vendor\codeigniter4\framework\system\CodeIgniter.php(436): CodeIgniter\CodeIgniter->runController(Object(App\Controllers\Home))
#7 C:\xampp\htdocs\ykadonline\vendor\codeigniter4\framework\system\CodeIgniter.php(336): CodeIgniter\CodeIgniter->handleRequest(NULL, Object(Config\Cache), false)
#8 C:\xampp\htdocs\ykadonline\public\index.php(37): CodeIgniter\CodeIgniter->run()
#9 C:\xampp\htdocs\ykadonline\vendor\codeigniter4\framework\system\Commands\Server\rewrite.php(45): require_once('C:\\xampp\\htdocs...')
#10 {main}
CRITICAL - 2021-08-13 06:19:35 --> Undefined variable $value
#0 C:\xampp\htdocs\ykadonline\app\Views\article\index.php(29): CodeIgniter\Debug\Exceptions->errorHandler(2, 'Undefined varia...', 'C:\\xampp\\htdocs...', 29)
#1 C:\xampp\htdocs\ykadonline\vendor\codeigniter4\framework\system\View\View.php(230): include('C:\\xampp\\htdocs...')
#2 C:\xampp\htdocs\ykadonline\vendor\codeigniter4\framework\system\View\View.php(232): CodeIgniter\View\View->CodeIgniter\View\{closure}()
#3 C:\xampp\htdocs\ykadonline\vendor\codeigniter4\framework\system\Common.php(1271): CodeIgniter\View\View->render('/article/index', Array, true)
#4 C:\xampp\htdocs\ykadonline\app\Controllers\Home.php(23): view('/article/index', Array)
#5 C:\xampp\htdocs\ykadonline\vendor\codeigniter4\framework\system\CodeIgniter.php(928): App\Controllers\Home->index()
#6 C:\xampp\htdocs\ykadonline\vendor\codeigniter4\framework\system\CodeIgniter.php(436): CodeIgniter\CodeIgniter->runController(Object(App\Controllers\Home))
#7 C:\xampp\htdocs\ykadonline\vendor\codeigniter4\framework\system\CodeIgniter.php(336): CodeIgniter\CodeIgniter->handleRequest(NULL, Object(Config\Cache), false)
#8 C:\xampp\htdocs\ykadonline\public\index.php(37): CodeIgniter\CodeIgniter->run()
#9 C:\xampp\htdocs\ykadonline\vendor\codeigniter4\framework\system\Commands\Server\rewrite.php(45): require_once('C:\\xampp\\htdocs...')
#10 {main}
CRITICAL - 2021-08-13 06:40:09 --> Undefined property: App\Controllers\Home::$load
#0 C:\xampp\htdocs\ykadonline\app\Controllers\Home.php(13): CodeIgniter\Debug\Exceptions->errorHandler(2, 'Undefined prope...', 'C:\\xampp\\htdocs...', 13)
#1 C:\xampp\htdocs\ykadonline\vendor\codeigniter4\framework\system\CodeIgniter.php(900): App\Controllers\Home->__construct()
#2 C:\xampp\htdocs\ykadonline\vendor\codeigniter4\framework\system\CodeIgniter.php(426): CodeIgniter\CodeIgniter->createController()
#3 C:\xampp\htdocs\ykadonline\vendor\codeigniter4\framework\system\CodeIgniter.php(336): CodeIgniter\CodeIgniter->handleRequest(NULL, Object(Config\Cache), false)
#4 C:\xampp\htdocs\ykadonline\public\index.php(37): CodeIgniter\CodeIgniter->run()
#5 C:\xampp\htdocs\ykadonline\vendor\codeigniter4\framework\system\Commands\Server\rewrite.php(45): require_once('C:\\xampp\\htdocs...')
#6 {main}
CRITICAL - 2021-08-13 06:41:16 --> Undefined property: App\Controllers\Home::$load
#0 C:\xampp\htdocs\ykadonline\app\Controllers\Home.php(13): CodeIgniter\Debug\Exceptions->errorHandler(2, 'Undefined prope...', 'C:\\xampp\\htdocs...', 13)
#1 C:\xampp\htdocs\ykadonline\vendor\codeigniter4\framework\system\CodeIgniter.php(900): App\Controllers\Home->__construct()
#2 C:\xampp\htdocs\ykadonline\vendor\codeigniter4\framework\system\CodeIgniter.php(426): CodeIgniter\CodeIgniter->createController()
#3 C:\xampp\htdocs\ykadonline\vendor\codeigniter4\framework\system\CodeIgniter.php(336): CodeIgniter\CodeIgniter->handleRequest(NULL, Object(Config\Cache), false)
#4 C:\xampp\htdocs\ykadonline\public\index.php(37): CodeIgniter\CodeIgniter->run()
#5 C:\xampp\htdocs\ykadonline\vendor\codeigniter4\framework\system\Commands\Server\rewrite.php(45): require_once('C:\\xampp\\htdocs...')
#6 {main}
CRITICAL - 2021-08-13 06:41:40 --> Undefined property: App\Controllers\Home::$load
#0 C:\xampp\htdocs\ykadonline\app\Controllers\Home.php(18): CodeIgniter\Debug\Exceptions->errorHandler(2, 'Undefined prope...', 'C:\\xampp\\htdocs...', 18)
#1 C:\xampp\htdocs\ykadonline\vendor\codeigniter4\framework\system\CodeIgniter.php(928): App\Controllers\Home->index()
#2 C:\xampp\htdocs\ykadonline\vendor\codeigniter4\framework\system\CodeIgniter.php(436): CodeIgniter\CodeIgniter->runController(Object(App\Controllers\Home))
#3 C:\xampp\htdocs\ykadonline\vendor\codeigniter4\framework\system\CodeIgniter.php(336): CodeIgniter\CodeIgniter->handleRequest(NULL, Object(Config\Cache), false)
#4 C:\xampp\htdocs\ykadonline\public\index.php(37): CodeIgniter\CodeIgniter->run()
#5 C:\xampp\htdocs\ykadonline\vendor\codeigniter4\framework\system\Commands\Server\rewrite.php(45): require_once('C:\\xampp\\htdocs...')
#6 {main}
CRITICAL - 2021-08-13 06:42:22 --> Undefined property: App\Controllers\Home::$load
#0 C:\xampp\htdocs\ykadonline\app\Controllers\Home.php(18): CodeIgniter\Debug\Exceptions->errorHandler(2, 'Undefined prope...', 'C:\\xampp\\htdocs...', 18)
#1 C:\xampp\htdocs\ykadonline\vendor\codeigniter4\framework\system\CodeIgniter.php(928): App\Controllers\Home->index()
#2 C:\xampp\htdocs\ykadonline\vendor\codeigniter4\framework\system\CodeIgniter.php(436): CodeIgniter\CodeIgniter->runController(Object(App\Controllers\Home))
#3 C:\xampp\htdocs\ykadonline\vendor\codeigniter4\framework\system\CodeIgniter.php(336): CodeIgniter\CodeIgniter->handleRequest(NULL, Object(Config\Cache), false)
#4 C:\xampp\htdocs\ykadonline\public\index.php(37): CodeIgniter\CodeIgniter->run()
#5 C:\xampp\htdocs\ykadonline\vendor\codeigniter4\framework\system\Commands\Server\rewrite.php(45): require_once('C:\\xampp\\htdocs...')
#6 {main}
CRITICAL - 2021-08-13 06:44:58 --> Undefined variable $worldlimit
#0 C:\xampp\htdocs\ykadonline\app\Views\article\index.php(110): CodeIgniter\Debug\Exceptions->errorHandler(2, 'Undefined varia...', 'C:\\xampp\\htdocs...', 110)
#1 C:\xampp\htdocs\ykadonline\vendor\codeigniter4\framework\system\View\View.php(230): include('C:\\xampp\\htdocs...')
#2 C:\xampp\htdocs\ykadonline\vendor\codeigniter4\framework\system\View\View.php(232): CodeIgniter\View\View->CodeIgniter\View\{closure}()
#3 C:\xampp\htdocs\ykadonline\vendor\codeigniter4\framework\system\Common.php(1271): CodeIgniter\View\View->render('/article/index', Array, true)
#4 C:\xampp\htdocs\ykadonline\app\Controllers\Home.php(23): view('/article/index', Array)
#5 C:\xampp\htdocs\ykadonline\vendor\codeigniter4\framework\system\CodeIgniter.php(928): App\Controllers\Home->index()
#6 C:\xampp\htdocs\ykadonline\vendor\codeigniter4\framework\system\CodeIgniter.php(436): CodeIgniter\CodeIgniter->runController(Object(App\Controllers\Home))
#7 C:\xampp\htdocs\ykadonline\vendor\codeigniter4\framework\system\CodeIgniter.php(336): CodeIgniter\CodeIgniter->handleRequest(NULL, Object(Config\Cache), false)
#8 C:\xampp\htdocs\ykadonline\public\index.php(37): CodeIgniter\CodeIgniter->run()
#9 C:\xampp\htdocs\ykadonline\vendor\codeigniter4\framework\system\Commands\Server\rewrite.php(45): require_once('C:\\xampp\\htdocs...')
#10 {main}
CRITICAL - 2021-08-13 06:45:07 --> Undefined variable $worldlimit
#0 C:\xampp\htdocs\ykadonline\app\Views\article\index.php(110): CodeIgniter\Debug\Exceptions->errorHandler(2, 'Undefined varia...', 'C:\\xampp\\htdocs...', 110)
#1 C:\xampp\htdocs\ykadonline\vendor\codeigniter4\framework\system\View\View.php(230): include('C:\\xampp\\htdocs...')
#2 C:\xampp\htdocs\ykadonline\vendor\codeigniter4\framework\system\View\View.php(232): CodeIgniter\View\View->CodeIgniter\View\{closure}()
#3 C:\xampp\htdocs\ykadonline\vendor\codeigniter4\framework\system\Common.php(1271): CodeIgniter\View\View->render('/article/index', Array, true)
#4 C:\xampp\htdocs\ykadonline\app\Controllers\Home.php(23): view('/article/index', Array)
#5 C:\xampp\htdocs\ykadonline\vendor\codeigniter4\framework\system\CodeIgniter.php(928): App\Controllers\Home->index()
#6 C:\xampp\htdocs\ykadonline\vendor\codeigniter4\framework\system\CodeIgniter.php(436): CodeIgniter\CodeIgniter->runController(Object(App\Controllers\Home))
#7 C:\xampp\htdocs\ykadonline\vendor\codeigniter4\framework\system\CodeIgniter.php(336): CodeIgniter\CodeIgniter->handleRequest(NULL, Object(Config\Cache), false)
#8 C:\xampp\htdocs\ykadonline\public\index.php(37): CodeIgniter\CodeIgniter->run()
#9 C:\xampp\htdocs\ykadonline\vendor\codeigniter4\framework\system\Commands\Server\rewrite.php(45): require_once('C:\\xampp\\htdocs...')
#10 {main}
CRITICAL - 2021-08-13 06:45:47 --> Call to undefined function word_limiter()
#0 C:\xampp\htdocs\ykadonline\vendor\codeigniter4\framework\system\View\View.php(230): include()
#1 C:\xampp\htdocs\ykadonline\vendor\codeigniter4\framework\system\View\View.php(232): CodeIgniter\View\View->CodeIgniter\View\{closure}()
#2 C:\xampp\htdocs\ykadonline\vendor\codeigniter4\framework\system\Common.php(1271): CodeIgniter\View\View->render('/article/index', Array, true)
#3 C:\xampp\htdocs\ykadonline\app\Controllers\Home.php(23): view('/article/index', Array)
#4 C:\xampp\htdocs\ykadonline\vendor\codeigniter4\framework\system\CodeIgniter.php(928): App\Controllers\Home->index()
#5 C:\xampp\htdocs\ykadonline\vendor\codeigniter4\framework\system\CodeIgniter.php(436): CodeIgniter\CodeIgniter->runController(Object(App\Controllers\Home))
#6 C:\xampp\htdocs\ykadonline\vendor\codeigniter4\framework\system\CodeIgniter.php(336): CodeIgniter\CodeIgniter->handleRequest(NULL, Object(Config\Cache), false)
#7 C:\xampp\htdocs\ykadonline\public\index.php(37): CodeIgniter\CodeIgniter->run()
#8 C:\xampp\htdocs\ykadonline\vendor\codeigniter4\framework\system\Commands\Server\rewrite.php(45): require_once('C:\\xampp\\htdocs...')
#9 {main}
CRITICAL - 2021-08-13 06:46:52 --> Call to undefined function word_limiter()
#0 C:\xampp\htdocs\ykadonline\vendor\codeigniter4\framework\system\View\View.php(230): include()
#1 C:\xampp\htdocs\ykadonline\vendor\codeigniter4\framework\system\View\View.php(232): CodeIgniter\View\View->CodeIgniter\View\{closure}()
#2 C:\xampp\htdocs\ykadonline\vendor\codeigniter4\framework\system\Common.php(1271): CodeIgniter\View\View->render('/article/index', Array, true)
#3 C:\xampp\htdocs\ykadonline\app\Controllers\Home.php(23): view('/article/index', Array)
#4 C:\xampp\htdocs\ykadonline\vendor\codeigniter4\framework\system\CodeIgniter.php(928): App\Controllers\Home->index()
#5 C:\xampp\htdocs\ykadonline\vendor\codeigniter4\framework\system\CodeIgniter.php(436): CodeIgniter\CodeIgniter->runController(Object(App\Controllers\Home))
#6 C:\xampp\htdocs\ykadonline\vendor\codeigniter4\framework\system\CodeIgniter.php(336): CodeIgniter\CodeIgniter->handleRequest(NULL, Object(Config\Cache), false)
#7 C:\xampp\htdocs\ykadonline\public\index.php(37): CodeIgniter\CodeIgniter->run()
#8 C:\xampp\htdocs\ykadonline\vendor\codeigniter4\framework\system\Commands\Server\rewrite.php(45): require_once('C:\\xampp\\htdocs...')
#9 {main}
CRITICAL - 2021-08-13 06:47:34 --> syntax error, unexpected variable "$value", expecting "," or ";"
#0 C:\xampp\htdocs\ykadonline\vendor\codeigniter4\framework\system\View\View.php(232): CodeIgniter\View\View->CodeIgniter\View\{closure}()
#1 C:\xampp\htdocs\ykadonline\vendor\codeigniter4\framework\system\Common.php(1271): CodeIgniter\View\View->render('/article/index', Array, true)
#2 C:\xampp\htdocs\ykadonline\app\Controllers\Home.php(23): view('/article/index', Array)
#3 C:\xampp\htdocs\ykadonline\vendor\codeigniter4\framework\system\CodeIgniter.php(928): App\Controllers\Home->index()
#4 C:\xampp\htdocs\ykadonline\vendor\codeigniter4\framework\system\CodeIgniter.php(436): CodeIgniter\CodeIgniter->runController(Object(App\Controllers\Home))
#5 C:\xampp\htdocs\ykadonline\vendor\codeigniter4\framework\system\CodeIgniter.php(336): CodeIgniter\CodeIgniter->handleRequest(NULL, Object(Config\Cache), false)
#6 C:\xampp\htdocs\ykadonline\public\index.php(37): CodeIgniter\CodeIgniter->run()
#7 C:\xampp\htdocs\ykadonline\vendor\codeigniter4\framework\system\Commands\Server\rewrite.php(45): require_once('C:\\xampp\\htdocs...')
#8 {main}
CRITICAL - 2021-08-13 06:49:42 --> Undefined property: App\Controllers\Home::$load
#0 C:\xampp\htdocs\ykadonline\app\Controllers\Home.php(13): CodeIgniter\Debug\Exceptions->errorHandler(2, 'Undefined prope...', 'C:\\xampp\\htdocs...', 13)
#1 C:\xampp\htdocs\ykadonline\vendor\codeigniter4\framework\system\CodeIgniter.php(900): App\Controllers\Home->__construct()
#2 C:\xampp\htdocs\ykadonline\vendor\codeigniter4\framework\system\CodeIgniter.php(426): CodeIgniter\CodeIgniter->createController()
#3 C:\xampp\htdocs\ykadonline\vendor\codeigniter4\framework\system\CodeIgniter.php(336): CodeIgniter\CodeIgniter->handleRequest(NULL, Object(Config\Cache), false)
#4 C:\xampp\htdocs\ykadonline\public\index.php(37): CodeIgniter\CodeIgniter->run()
#5 C:\xampp\htdocs\ykadonline\vendor\codeigniter4\framework\system\Commands\Server\rewrite.php(45): require_once('C:\\xampp\\htdocs...')
#6 {main}
CRITICAL - 2021-08-13 06:51:06 --> Undefined property: App\Controllers\Home::$load
#0 C:\xampp\htdocs\ykadonline\app\Controllers\Home.php(13): CodeIgniter\Debug\Exceptions->errorHandler(2, 'Undefined prope...', 'C:\\xampp\\htdocs...', 13)
#1 C:\xampp\htdocs\ykadonline\vendor\codeigniter4\framework\system\CodeIgniter.php(900): App\Controllers\Home->__construct()
#2 C:\xampp\htdocs\ykadonline\vendor\codeigniter4\framework\system\CodeIgniter.php(426): CodeIgniter\CodeIgniter->createController()
#3 C:\xampp\htdocs\ykadonline\vendor\codeigniter4\framework\system\CodeIgniter.php(336): CodeIgniter\CodeIgniter->handleRequest(NULL, Object(Config\Cache), false)
#4 C:\xampp\htdocs\ykadonline\public\index.php(37): CodeIgniter\CodeIgniter->run()
#5 C:\xampp\htdocs\ykadonline\vendor\codeigniter4\framework\system\Commands\Server\rewrite.php(45): require_once('C:\\xampp\\htdocs...')
#6 {main}
CRITICAL - 2021-08-13 06:51:11 --> Undefined property: App\Controllers\Home::$load
#0 C:\xampp\htdocs\ykadonline\app\Controllers\Home.php(24): CodeIgniter\Debug\Exceptions->errorHandler(2, 'Undefined prope...', 'C:\\xampp\\htdocs...', 24)
#1 C:\xampp\htdocs\ykadonline\vendor\codeigniter4\framework\system\CodeIgniter.php(928): App\Controllers\Home->index()
#2 C:\xampp\htdocs\ykadonline\vendor\codeigniter4\framework\system\CodeIgniter.php(436): CodeIgniter\CodeIgniter->runController(Object(App\Controllers\Home))
#3 C:\xampp\htdocs\ykadonline\vendor\codeigniter4\framework\system\CodeIgniter.php(336): CodeIgniter\CodeIgniter->handleRequest(NULL, Object(Config\Cache), false)
#4 C:\xampp\htdocs\ykadonline\public\index.php(37): CodeIgniter\CodeIgniter->run()
#5 C:\xampp\htdocs\ykadonline\vendor\codeigniter4\framework\system\Commands\Server\rewrite.php(45): require_once('C:\\xampp\\htdocs...')
#6 {main}
CRITICAL - 2021-08-13 06:51:19 --> Call to undefined function word_limiter()
#0 C:\xampp\htdocs\ykadonline\vendor\codeigniter4\framework\system\View\View.php(230): include()
#1 C:\xampp\htdocs\ykadonline\vendor\codeigniter4\framework\system\View\View.php(232): CodeIgniter\View\View->CodeIgniter\View\{closure}()
#2 C:\xampp\htdocs\ykadonline\vendor\codeigniter4\framework\system\Common.php(1271): CodeIgniter\View\View->render('/article/index', Array, true)
#3 C:\xampp\htdocs\ykadonline\app\Controllers\Home.php(23): view('/article/index', Array)
#4 C:\xampp\htdocs\ykadonline\vendor\codeigniter4\framework\system\CodeIgniter.php(928): App\Controllers\Home->index()
#5 C:\xampp\htdocs\ykadonline\vendor\codeigniter4\framework\system\CodeIgniter.php(436): CodeIgniter\CodeIgniter->runController(Object(App\Controllers\Home))
#6 C:\xampp\htdocs\ykadonline\vendor\codeigniter4\framework\system\CodeIgniter.php(336): CodeIgniter\CodeIgniter->handleRequest(NULL, Object(Config\Cache), false)
#7 C:\xampp\htdocs\ykadonline\public\index.php(37): CodeIgniter\CodeIgniter->run()
#8 C:\xampp\htdocs\ykadonline\vendor\codeigniter4\framework\system\Commands\Server\rewrite.php(45): require_once('C:\\xampp\\htdocs...')
#9 {main}
CRITICAL - 2021-08-13 06:51:50 --> Undefined property: App\Controllers\Home::$load
#0 C:\xampp\htdocs\ykadonline\app\Controllers\Home.php(13): CodeIgniter\Debug\Exceptions->errorHandler(2, 'Undefined prope...', 'C:\\xampp\\htdocs...', 13)
#1 C:\xampp\htdocs\ykadonline\vendor\codeigniter4\framework\system\CodeIgniter.php(900): App\Controllers\Home->__construct()
#2 C:\xampp\htdocs\ykadonline\vendor\codeigniter4\framework\system\CodeIgniter.php(426): CodeIgniter\CodeIgniter->createController()
#3 C:\xampp\htdocs\ykadonline\vendor\codeigniter4\framework\system\CodeIgniter.php(336): CodeIgniter\CodeIgniter->handleRequest(NULL, Object(Config\Cache), false)
#4 C:\xampp\htdocs\ykadonline\public\index.php(37): CodeIgniter\CodeIgniter->run()
#5 C:\xampp\htdocs\ykadonline\vendor\codeigniter4\framework\system\Commands\Server\rewrite.php(45): require_once('C:\\xampp\\htdocs...')
#6 {main}
CRITICAL - 2021-08-13 07:01:52 --> Call to undefined function word_limiter()
#0 C:\xampp\htdocs\ykadonline\vendor\codeigniter4\framework\system\View\View.php(230): include()
#1 C:\xampp\htdocs\ykadonline\vendor\codeigniter4\framework\system\View\View.php(232): CodeIgniter\View\View->CodeIgniter\View\{closure}()
#2 C:\xampp\htdocs\ykadonline\vendor\codeigniter4\framework\system\Common.php(1271): CodeIgniter\View\View->render('/article/index', Array, true)
#3 C:\xampp\htdocs\ykadonline\app\Controllers\Home.php(25): view('/article/index', Array)
#4 C:\xampp\htdocs\ykadonline\vendor\codeigniter4\framework\system\CodeIgniter.php(928): App\Controllers\Home->index()
#5 C:\xampp\htdocs\ykadonline\vendor\codeigniter4\framework\system\CodeIgniter.php(436): CodeIgniter\CodeIgniter->runController(Object(App\Controllers\Home))
#6 C:\xampp\htdocs\ykadonline\vendor\codeigniter4\framework\system\CodeIgniter.php(336): CodeIgniter\CodeIgniter->handleRequest(NULL, Object(Config\Cache), false)
#7 C:\xampp\htdocs\ykadonline\public\index.php(37): CodeIgniter\CodeIgniter->run()
#8 C:\xampp\htdocs\ykadonline\vendor\codeigniter4\framework\system\Commands\Server\rewrite.php(45): require_once('C:\\xampp\\htdocs...')
#9 {main}
CRITICAL - 2021-08-13 07:02:14 --> Call to undefined function word_limiter()
#0 C:\xampp\htdocs\ykadonline\vendor\codeigniter4\framework\system\View\View.php(230): include()
#1 C:\xampp\htdocs\ykadonline\vendor\codeigniter4\framework\system\View\View.php(232): CodeIgniter\View\View->CodeIgniter\View\{closure}()
#2 C:\xampp\htdocs\ykadonline\vendor\codeigniter4\framework\system\Common.php(1271): CodeIgniter\View\View->render('/article/index', Array, true)
#3 C:\xampp\htdocs\ykadonline\app\Controllers\Home.php(25): view('/article/index', Array)
#4 C:\xampp\htdocs\ykadonline\vendor\codeigniter4\framework\system\CodeIgniter.php(928): App\Controllers\Home->index()
#5 C:\xampp\htdocs\ykadonline\vendor\codeigniter4\framework\system\CodeIgniter.php(436): CodeIgniter\CodeIgniter->runController(Object(App\Controllers\Home))
#6 C:\xampp\htdocs\ykadonline\vendor\codeigniter4\framework\system\CodeIgniter.php(336): CodeIgniter\CodeIgniter->handleRequest(NULL, Object(Config\Cache), false)
#7 C:\xampp\htdocs\ykadonline\public\index.php(37): CodeIgniter\CodeIgniter->run()
#8 C:\xampp\htdocs\ykadonline\vendor\codeigniter4\framework\system\Commands\Server\rewrite.php(45): require_once('C:\\xampp\\htdocs...')
#9 {main}
CRITICAL - 2021-08-13 07:02:36 --> syntax error, unexpected variable "$value", expecting "," or ";"
#0 C:\xampp\htdocs\ykadonline\vendor\codeigniter4\framework\system\View\View.php(232): CodeIgniter\View\View->CodeIgniter\View\{closure}()
#1 C:\xampp\htdocs\ykadonline\vendor\codeigniter4\framework\system\Common.php(1271): CodeIgniter\View\View->render('/article/index', Array, true)
#2 C:\xampp\htdocs\ykadonline\app\Controllers\Home.php(25): view('/article/index', Array)
#3 C:\xampp\htdocs\ykadonline\vendor\codeigniter4\framework\system\CodeIgniter.php(928): App\Controllers\Home->index()
#4 C:\xampp\htdocs\ykadonline\vendor\codeigniter4\framework\system\CodeIgniter.php(436): CodeIgniter\CodeIgniter->runController(Object(App\Controllers\Home))
#5 C:\xampp\htdocs\ykadonline\vendor\codeigniter4\framework\system\CodeIgniter.php(336): CodeIgniter\CodeIgniter->handleRequest(NULL, Object(Config\Cache), false)
#6 C:\xampp\htdocs\ykadonline\public\index.php(37): CodeIgniter\CodeIgniter->run()
#7 C:\xampp\htdocs\ykadonline\vendor\codeigniter4\framework\system\Commands\Server\rewrite.php(45): require_once('C:\\xampp\\htdocs...')
#8 {main}
CRITICAL - 2021-08-13 07:03:03 --> Call to undefined function word_limiter()
#0 C:\xampp\htdocs\ykadonline\vendor\codeigniter4\framework\system\View\View.php(230): include()
#1 C:\xampp\htdocs\ykadonline\vendor\codeigniter4\framework\system\View\View.php(232): CodeIgniter\View\View->CodeIgniter\View\{closure}()
#2 C:\xampp\htdocs\ykadonline\vendor\codeigniter4\framework\system\Common.php(1271): CodeIgniter\View\View->render('/article/index', Array, true)
#3 C:\xampp\htdocs\ykadonline\app\Controllers\Home.php(25): view('/article/index', Array)
#4 C:\xampp\htdocs\ykadonline\vendor\codeigniter4\framework\system\CodeIgniter.php(928): App\Controllers\Home->index()
#5 C:\xampp\htdocs\ykadonline\vendor\codeigniter4\framework\system\CodeIgniter.php(436): CodeIgniter\CodeIgniter->runController(Object(App\Controllers\Home))
#6 C:\xampp\htdocs\ykadonline\vendor\codeigniter4\framework\system\CodeIgniter.php(336): CodeIgniter\CodeIgniter->handleRequest(NULL, Object(Config\Cache), false)
#7 C:\xampp\htdocs\ykadonline\public\index.php(37): CodeIgniter\CodeIgniter->run()
#8 C:\xampp\htdocs\ykadonline\vendor\codeigniter4\framework\system\Commands\Server\rewrite.php(45): require_once('C:\\xampp\\htdocs...')
#9 {main}
CRITICAL - 2021-08-13 07:04:21 --> Undefined property: App\Controllers\Home::$load
#0 C:\xampp\htdocs\ykadonline\app\Controllers\Home.php(14): CodeIgniter\Debug\Exceptions->errorHandler(2, 'Undefined prope...', 'C:\\xampp\\htdocs...', 14)
#1 C:\xampp\htdocs\ykadonline\vendor\codeigniter4\framework\system\CodeIgniter.php(900): App\Controllers\Home->__construct()
#2 C:\xampp\htdocs\ykadonline\vendor\codeigniter4\framework\system\CodeIgniter.php(426): CodeIgniter\CodeIgniter->createController()
#3 C:\xampp\htdocs\ykadonline\vendor\codeigniter4\framework\system\CodeIgniter.php(336): CodeIgniter\CodeIgniter->handleRequest(NULL, Object(Config\Cache), false)
#4 C:\xampp\htdocs\ykadonline\public\index.php(37): CodeIgniter\CodeIgniter->run()
#5 C:\xampp\htdocs\ykadonline\vendor\codeigniter4\framework\system\Commands\Server\rewrite.php(45): require_once('C:\\xampp\\htdocs...')
#6 {main}
CRITICAL - 2021-08-13 07:04:57 --> syntax error, unexpected token ";", expecting "]"
#0 C:\xampp\htdocs\ykadonline\vendor\codeigniter4\framework\system\Autoloader\Autoloader.php(273): CodeIgniter\Autoloader\Autoloader->includeFile('C:\\xampp\\htdocs...')
#1 C:\xampp\htdocs\ykadonline\vendor\codeigniter4\framework\system\Autoloader\Autoloader.php(247): CodeIgniter\Autoloader\Autoloader->loadInNamespace('App\\Controllers...')
#2 [internal function]: CodeIgniter\Autoloader\Autoloader->loadClass('App\\Controllers...')
#3 C:\xampp\htdocs\ykadonline\vendor\codeigniter4\framework\system\CodeIgniter.php(885): class_exists('\\App\\Controller...', true)
#4 C:\xampp\htdocs\ykadonline\vendor\codeigniter4\framework\system\CodeIgniter.php(421): CodeIgniter\CodeIgniter->startController()
#5 C:\xampp\htdocs\ykadonline\vendor\codeigniter4\framework\system\CodeIgniter.php(336): CodeIgniter\CodeIgniter->handleRequest(NULL, Object(Config\Cache), false)
#6 C:\xampp\htdocs\ykadonline\public\index.php(37): CodeIgniter\CodeIgniter->run()
#7 C:\xampp\htdocs\ykadonline\vendor\codeigniter4\framework\system\Commands\Server\rewrite.php(45): require_once('C:\\xampp\\htdocs...')
#8 {main}
CRITICAL - 2021-08-13 07:05:10 --> Undefined property: App\Controllers\Home::$load
#0 C:\xampp\htdocs\ykadonline\app\Controllers\Home.php(21): CodeIgniter\Debug\Exceptions->errorHandler(2, 'Undefined prope...', 'C:\\xampp\\htdocs...', 21)
#1 C:\xampp\htdocs\ykadonline\vendor\codeigniter4\framework\system\CodeIgniter.php(928): App\Controllers\Home->index()
#2 C:\xampp\htdocs\ykadonline\vendor\codeigniter4\framework\system\CodeIgniter.php(436): CodeIgniter\CodeIgniter->runController(Object(App\Controllers\Home))
#3 C:\xampp\htdocs\ykadonline\vendor\codeigniter4\framework\system\CodeIgniter.php(336): CodeIgniter\CodeIgniter->handleRequest(NULL, Object(Config\Cache), false)
#4 C:\xampp\htdocs\ykadonline\public\index.php(37): CodeIgniter\CodeIgniter->run()
#5 C:\xampp\htdocs\ykadonline\vendor\codeigniter4\framework\system\Commands\Server\rewrite.php(45): require_once('C:\\xampp\\htdocs...')
#6 {main}
CRITICAL - 2021-08-13 07:17:46 --> Undefined property: App\Controllers\Home::$load
#0 C:\xampp\htdocs\ykadonline\app\Controllers\Home.php(14): CodeIgniter\Debug\Exceptions->errorHandler(2, 'Undefined prope...', 'C:\\xampp\\htdocs...', 14)
#1 C:\xampp\htdocs\ykadonline\vendor\codeigniter4\framework\system\CodeIgniter.php(900): App\Controllers\Home->__construct()
#2 C:\xampp\htdocs\ykadonline\vendor\codeigniter4\framework\system\CodeIgniter.php(426): CodeIgniter\CodeIgniter->createController()
#3 C:\xampp\htdocs\ykadonline\vendor\codeigniter4\framework\system\CodeIgniter.php(336): CodeIgniter\CodeIgniter->handleRequest(NULL, Object(Config\Cache), false)
#4 C:\xampp\htdocs\ykadonline\public\index.php(37): CodeIgniter\CodeIgniter->run()
#5 C:\xampp\htdocs\ykadonline\vendor\codeigniter4\framework\system\Commands\Server\rewrite.php(45): require_once('C:\\xampp\\htdocs...')
#6 {main}
CRITICAL - 2021-08-13 07:18:47 --> Undefined property: App\Controllers\Home::$autoload
#0 C:\xampp\htdocs\ykadonline\app\Controllers\Home.php(14): CodeIgniter\Debug\Exceptions->errorHandler(2, 'Undefined prope...', 'C:\\xampp\\htdocs...', 14)
#1 C:\xampp\htdocs\ykadonline\vendor\codeigniter4\framework\system\CodeIgniter.php(900): App\Controllers\Home->__construct()
#2 C:\xampp\htdocs\ykadonline\vendor\codeigniter4\framework\system\CodeIgniter.php(426): CodeIgniter\CodeIgniter->createController()
#3 C:\xampp\htdocs\ykadonline\vendor\codeigniter4\framework\system\CodeIgniter.php(336): CodeIgniter\CodeIgniter->handleRequest(NULL, Object(Config\Cache), false)
#4 C:\xampp\htdocs\ykadonline\public\index.php(37): CodeIgniter\CodeIgniter->run()
#5 C:\xampp\htdocs\ykadonline\vendor\codeigniter4\framework\system\Commands\Server\rewrite.php(45): require_once('C:\\xampp\\htdocs...')
#6 {main}
CRITICAL - 2021-08-13 08:13:47 --> Invalid file: /article/detail.php
#0 C:\xampp\htdocs\ykadonline\vendor\codeigniter4\framework\system\View\View.php(213): CodeIgniter\Exceptions\FrameworkException::forInvalidFile('/article/detail...')
#1 C:\xampp\htdocs\ykadonline\vendor\codeigniter4\framework\system\Common.php(1271): CodeIgniter\View\View->render('/article/detail', Array, true)
#2 C:\xampp\htdocs\ykadonline\app\Controllers\Article.php(38): view('/article/detail', Array)
#3 C:\xampp\htdocs\ykadonline\vendor\codeigniter4\framework\system\CodeIgniter.php(928): App\Controllers\Article->detail('cara-crud-codei...')
#4 C:\xampp\htdocs\ykadonline\vendor\codeigniter4\framework\system\CodeIgniter.php(436): CodeIgniter\CodeIgniter->runController(Object(App\Controllers\Article))
#5 C:\xampp\htdocs\ykadonline\vendor\codeigniter4\framework\system\CodeIgniter.php(336): CodeIgniter\CodeIgniter->handleRequest(NULL, Object(Config\Cache), false)
#6 C:\xampp\htdocs\ykadonline\public\index.php(37): CodeIgniter\CodeIgniter->run()
#7 C:\xampp\htdocs\ykadonline\vendor\codeigniter4\framework\system\Commands\Server\rewrite.php(45): require_once('C:\\xampp\\htdocs...')
#8 {main}
CRITICAL - 2021-08-13 08:33:51 --> Cannot declare class App\Controllers\Home, because the name is already in use
#0 [internal function]: CodeIgniter\Debug\Exceptions->shutdownHandler()
#1 {main}
CRITICAL - 2021-08-13 08:34:20 --> Cannot declare class App\Controllers\Home, because the name is already in use
#0 [internal function]: CodeIgniter\Debug\Exceptions->shutdownHandler()
#1 {main}
CRITICAL - 2021-08-13 08:34:56 --> Cannot declare class App\Controllers\Home, because the name is already in use
#0 [internal function]: CodeIgniter\Debug\Exceptions->shutdownHandler()
#1 {main}
ERROR - 2021-08-13 09:18:04 --> Error connecting to the database: No connection could be made because the target machine actively refused it
CRITICAL - 2021-08-13 09:18:04 --> Unable to connect to the database.
Main connection [MySQLi]: No connection could be made because the target machine actively refused it
#0 C:\xampp\htdocs\ykadonline\vendor\codeigniter4\framework\system\Database\BaseConnection.php(625): CodeIgniter\Database\BaseConnection->initialize()
#1 C:\xampp\htdocs\ykadonline\vendor\codeigniter4\framework\system\Database\BaseBuilder.php(1881): CodeIgniter\Database\BaseConnection->query('SELECT *\nFROM `...', Array, false)
#2 C:\xampp\htdocs\ykadonline\vendor\codeigniter4\framework\system\Model.php(197): CodeIgniter\Database\BaseBuilder->get()
#3 C:\xampp\htdocs\ykadonline\vendor\codeigniter4\framework\system\BaseModel.php(603): CodeIgniter\Model->doFindAll(0, 0)
#4 C:\xampp\htdocs\ykadonline\app\Models\DashboardModel.php(18): CodeIgniter\BaseModel->findAll()
#5 C:\xampp\htdocs\ykadonline\app\Controllers\Home.php(20): App\Models\dashboardModel->getArticle()
#6 C:\xampp\htdocs\ykadonline\vendor\codeigniter4\framework\system\CodeIgniter.php(928): App\Controllers\Home->index()
#7 C:\xampp\htdocs\ykadonline\vendor\codeigniter4\framework\system\CodeIgniter.php(436): CodeIgniter\CodeIgniter->runController(Object(App\Controllers\Home))
#8 C:\xampp\htdocs\ykadonline\vendor\codeigniter4\framework\system\CodeIgniter.php(336): CodeIgniter\CodeIgniter->handleRequest(NULL, Object(Config\Cache), false)
#9 C:\xampp\htdocs\ykadonline\public\index.php(37): CodeIgniter\CodeIgniter->run()
#10 C:\xampp\htdocs\ykadonline\vendor\codeigniter4\framework\system\Commands\Server\rewrite.php(45): require_once('C:\\xampp\\htdocs...')
#11 {main}
CRITICAL - 2021-08-13 09:19:27 --> Cannot declare class App\Controllers\Home, because the name is already in use
#0 [internal function]: CodeIgniter\Debug\Exceptions->shutdownHandler()
#1 {main}
CRITICAL - 2021-08-13 09:19:42 --> Cannot declare class App\Controllers\Home, because the name is already in use
#0 [internal function]: CodeIgniter\Debug\Exceptions->shutdownHandler()
#1 {main}
CRITICAL - 2021-08-13 09:19:46 --> Cannot declare class App\Controllers\Home, because the name is already in use
#0 [internal function]: CodeIgniter\Debug\Exceptions->shutdownHandler()
#1 {main}
CRITICAL - 2021-08-13 09:32:57 --> Array to string conversion
#0 C:\xampp\htdocs\ykadonline\app\Views\layout\article.php(6): CodeIgniter\Debug\Exceptions->errorHandler(2, 'Array to string...', 'C:\\xampp\\htdocs...', 6)
#1 C:\xampp\htdocs\ykadonline\vendor\codeigniter4\framework\system\View\View.php(230): include('C:\\xampp\\htdocs...')
#2 C:\xampp\htdocs\ykadonline\vendor\codeigniter4\framework\system\View\View.php(232): CodeIgniter\View\View->CodeIgniter\View\{closure}()
#3 C:\xampp\htdocs\ykadonline\vendor\codeigniter4\framework\system\View\View.php(246): CodeIgniter\View\View->render('layout/article', Array, true)
#4 C:\xampp\htdocs\ykadonline\vendor\codeigniter4\framework\system\Common.php(1271): CodeIgniter\View\View->render('/article/detail', Array, true)
#5 C:\xampp\htdocs\ykadonline\app\Controllers\Article.php(43): view('/article/detail', Array)
#6 C:\xampp\htdocs\ykadonline\vendor\codeigniter4\framework\system\CodeIgniter.php(928): App\Controllers\Article->detail('cara-crud-codei...')
#7 C:\xampp\htdocs\ykadonline\vendor\codeigniter4\framework\system\CodeIgniter.php(436): CodeIgniter\CodeIgniter->runController(Object(App\Controllers\Article))
#8 C:\xampp\htdocs\ykadonline\vendor\codeigniter4\framework\system\CodeIgniter.php(336): CodeIgniter\CodeIgniter->handleRequest(NULL, Object(Config\Cache), false)
#9 C:\xampp\htdocs\ykadonline\public\index.php(37): CodeIgniter\CodeIgniter->run()
#10 C:\xampp\htdocs\ykadonline\vendor\codeigniter4\framework\system\Commands\Server\rewrite.php(45): require_once('C:\\xampp\\htdocs...')
#11 {main}
CRITICAL - 2021-08-13 09:53:25 --> url_title(): Argument #1 ($str) must be of type string, null given, called in C:\xampp\htdocs\ykadonline\app\Controllers\Article.php on line 29
#0 C:\xampp\htdocs\ykadonline\app\Controllers\Article.php(29): url_title(NULL, '', true)
#1 C:\xampp\htdocs\ykadonline\vendor\codeigniter4\framework\system\CodeIgniter.php(928): App\Controllers\Article->detail('haloo-gg')
#2 C:\xampp\htdocs\ykadonline\vendor\codeigniter4\framework\system\CodeIgniter.php(436): CodeIgniter\CodeIgniter->runController(Object(App\Controllers\Article))
#3 C:\xampp\htdocs\ykadonline\vendor\codeigniter4\framework\system\CodeIgniter.php(336): CodeIgniter\CodeIgniter->handleRequest(NULL, Object(Config\Cache), false)
#4 C:\xampp\htdocs\ykadonline\public\index.php(37): CodeIgniter\CodeIgniter->run()
#5 C:\xampp\htdocs\ykadonline\vendor\codeigniter4\framework\system\Commands\Server\rewrite.php(45): require_once('C:\\xampp\\htdocs...')
#6 {main}
CRITICAL - 2021-08-13 09:53:52 --> url_title(): Argument #1 ($str) must be of type string, null given, called in C:\xampp\htdocs\ykadonline\app\Controllers\Article.php on line 29
#0 C:\xampp\htdocs\ykadonline\app\Controllers\Article.php(29): url_title(NULL, '-', true)
#1 C:\xampp\htdocs\ykadonline\vendor\codeigniter4\framework\system\CodeIgniter.php(928): App\Controllers\Article->detail('haloo-gg')
#2 C:\xampp\htdocs\ykadonline\vendor\codeigniter4\framework\system\CodeIgniter.php(436): CodeIgniter\CodeIgniter->runController(Object(App\Controllers\Article))
#3 C:\xampp\htdocs\ykadonline\vendor\codeigniter4\framework\system\CodeIgniter.php(336): CodeIgniter\CodeIgniter->handleRequest(NULL, Object(Config\Cache), false)
#4 C:\xampp\htdocs\ykadonline\public\index.php(37): CodeIgniter\CodeIgniter->run()
#5 C:\xampp\htdocs\ykadonline\vendor\codeigniter4\framework\system\Commands\Server\rewrite.php(45): require_once('C:\\xampp\\htdocs...')
#6 {main}
CRITICAL - 2021-08-13 09:54:14 --> url_title(): Argument #1 ($str) must be of type string, null given, called in C:\xampp\htdocs\ykadonline\app\Controllers\Article.php on line 29
#0 C:\xampp\htdocs\ykadonline\app\Controllers\Article.php(29): url_title(NULL, '-', true)
#1 C:\xampp\htdocs\ykadonline\vendor\codeigniter4\framework\system\CodeIgniter.php(928): App\Controllers\Article->detail('haloo-gg')
#2 C:\xampp\htdocs\ykadonline\vendor\codeigniter4\framework\system\CodeIgniter.php(436): CodeIgniter\CodeIgniter->runController(Object(App\Controllers\Article))
#3 C:\xampp\htdocs\ykadonline\vendor\codeigniter4\framework\system\CodeIgniter.php(336): CodeIgniter\CodeIgniter->handleRequest(NULL, Object(Config\Cache), false)
#4 C:\xampp\htdocs\ykadonline\public\index.php(37): CodeIgniter\CodeIgniter->run()
#5 C:\xampp\htdocs\ykadonline\vendor\codeigniter4\framework\system\Commands\Server\rewrite.php(45): require_once('C:\\xampp\\htdocs...')
#6 {main}
CRITICAL - 2021-08-13 10:07:06 --> Cannot access offset of type string on string
#0 C:\xampp\htdocs\ykadonline\vendor\codeigniter4\framework\system\View\View.php(230): include()
#1 C:\xampp\htdocs\ykadonline\vendor\codeigniter4\framework\system\View\View.php(232): CodeIgniter\View\View->CodeIgniter\View\{closure}()
#2 C:\xampp\htdocs\ykadonline\vendor\codeigniter4\framework\system\Common.php(1271): CodeIgniter\View\View->render('/article/detail', Array, true)
#3 C:\xampp\htdocs\ykadonline\app\Controllers\Article.php(41): view('/article/detail', Array)
#4 C:\xampp\htdocs\ykadonline\vendor\codeigniter4\framework\system\CodeIgniter.php(928): App\Controllers\Article->detail('cara-crud-codei...')
#5 C:\xampp\htdocs\ykadonline\vendor\codeigniter4\framework\system\CodeIgniter.php(436): CodeIgniter\CodeIgniter->runController(Object(App\Controllers\Article))
#6 C:\xampp\htdocs\ykadonline\vendor\codeigniter4\framework\system\CodeIgniter.php(336): CodeIgniter\CodeIgniter->handleRequest(NULL, Object(Config\Cache), false)
#7 C:\xampp\htdocs\ykadonline\public\index.php(37): CodeIgniter\CodeIgniter->run()
#8 C:\xampp\htdocs\ykadonline\vendor\codeigniter4\framework\system\Commands\Server\rewrite.php(45): require_once('C:\\xampp\\htdocs...')
#9 {main}
CRITICAL - 2021-08-13 10:09:14 --> Cannot access offset of type string on string
#0 C:\xampp\htdocs\ykadonline\vendor\codeigniter4\framework\system\View\View.php(230): include()
#1 C:\xampp\htdocs\ykadonline\vendor\codeigniter4\framework\system\View\View.php(232): CodeIgniter\View\View->CodeIgniter\View\{closure}()
#2 C:\xampp\htdocs\ykadonline\vendor\codeigniter4\framework\system\Common.php(1271): CodeIgniter\View\View->render('/article/detail', Array, true)
#3 C:\xampp\htdocs\ykadonline\app\Controllers\Article.php(41): view('/article/detail', Array)
#4 C:\xampp\htdocs\ykadonline\vendor\codeigniter4\framework\system\CodeIgniter.php(928): App\Controllers\Article->detail('cara-crud-codei...')
#5 C:\xampp\htdocs\ykadonline\vendor\codeigniter4\framework\system\CodeIgniter.php(436): CodeIgniter\CodeIgniter->runController(Object(App\Controllers\Article))
#6 C:\xampp\htdocs\ykadonline\vendor\codeigniter4\framework\system\CodeIgniter.php(336): CodeIgniter\CodeIgniter->handleRequest(NULL, Object(Config\Cache), false)
#7 C:\xampp\htdocs\ykadonline\public\index.php(37): CodeIgniter\CodeIgniter->run()
#8 C:\xampp\htdocs\ykadonline\vendor\codeigniter4\framework\system\Commands\Server\rewrite.php(45): require_once('C:\\xampp\\htdocs...')
#9 {main}
CRITICAL - 2021-08-13 10:10:08 --> Cannot access offset of type string on string
#0 C:\xampp\htdocs\ykadonline\vendor\codeigniter4\framework\system\View\View.php(230): include()
#1 C:\xampp\htdocs\ykadonline\vendor\codeigniter4\framework\system\View\View.php(232): CodeIgniter\View\View->CodeIgniter\View\{closure}()
#2 C:\xampp\htdocs\ykadonline\vendor\codeigniter4\framework\system\Common.php(1271): CodeIgniter\View\View->render('/article/detail', Array, true)
#3 C:\xampp\htdocs\ykadonline\app\Controllers\Article.php(41): view('/article/detail', Array)
#4 C:\xampp\htdocs\ykadonline\vendor\codeigniter4\framework\system\CodeIgniter.php(928): App\Controllers\Article->detail('cara-crud-codei...')
#5 C:\xampp\htdocs\ykadonline\vendor\codeigniter4\framework\system\CodeIgniter.php(436): CodeIgniter\CodeIgniter->runController(Object(App\Controllers\Article))
#6 C:\xampp\htdocs\ykadonline\vendor\codeigniter4\framework\system\CodeIgniter.php(336): CodeIgniter\CodeIgniter->handleRequest(NULL, Object(Config\Cache), false)
#7 C:\xampp\htdocs\ykadonline\public\index.php(37): CodeIgniter\CodeIgniter->run()
#8 C:\xampp\htdocs\ykadonline\vendor\codeigniter4\framework\system\Commands\Server\rewrite.php(45): require_once('C:\\xampp\\htdocs...')
#9 {main}
CRITICAL - 2021-08-13 10:10:33 --> Attempt to read property "category" on string
#0 C:\xampp\htdocs\ykadonline\app\Views\article\detail.php(28): CodeIgniter\Debug\Exceptions->errorHandler(2, 'Attempt to read...', 'C:\\xampp\\htdocs...', 28)
#1 C:\xampp\htdocs\ykadonline\vendor\codeigniter4\framework\system\View\View.php(230): include('C:\\xampp\\htdocs...')
#2 C:\xampp\htdocs\ykadonline\vendor\codeigniter4\framework\system\View\View.php(232): CodeIgniter\View\View->CodeIgniter\View\{closure}()
#3 C:\xampp\htdocs\ykadonline\vendor\codeigniter4\framework\system\Common.php(1271): CodeIgniter\View\View->render('/article/detail', Array, true)
#4 C:\xampp\htdocs\ykadonline\app\Controllers\Article.php(41): view('/article/detail', Array)
#5 C:\xampp\htdocs\ykadonline\vendor\codeigniter4\framework\system\CodeIgniter.php(928): App\Controllers\Article->detail('cara-crud-codei...')
#6 C:\xampp\htdocs\ykadonline\vendor\codeigniter4\framework\system\CodeIgniter.php(436): CodeIgniter\CodeIgniter->runController(Object(App\Controllers\Article))
#7 C:\xampp\htdocs\ykadonline\vendor\codeigniter4\framework\system\CodeIgniter.php(336): CodeIgniter\CodeIgniter->handleRequest(NULL, Object(Config\Cache), false)
#8 C:\xampp\htdocs\ykadonline\public\index.php(37): CodeIgniter\CodeIgniter->run()
#9 C:\xampp\htdocs\ykadonline\vendor\codeigniter4\framework\system\Commands\Server\rewrite.php(45): require_once('C:\\xampp\\htdocs...')
#10 {main}
CRITICAL - 2021-08-13 10:11:48 --> Attempt to read property "category" on string
#0 C:\xampp\htdocs\ykadonline\app\Views\article\detail.php(28): CodeIgniter\Debug\Exceptions->errorHandler(2, 'Attempt to read...', 'C:\\xampp\\htdocs...', 28)
#1 C:\xampp\htdocs\ykadonline\vendor\codeigniter4\framework\system\View\View.php(230): include('C:\\xampp\\htdocs...')
#2 C:\xampp\htdocs\ykadonline\vendor\codeigniter4\framework\system\View\View.php(232): CodeIgniter\View\View->CodeIgniter\View\{closure}()
#3 C:\xampp\htdocs\ykadonline\vendor\codeigniter4\framework\system\Common.php(1271): CodeIgniter\View\View->render('/article/detail', Array, true)
#4 C:\xampp\htdocs\ykadonline\app\Controllers\Article.php(41): view('/article/detail', Array)
#5 C:\xampp\htdocs\ykadonline\vendor\codeigniter4\framework\system\CodeIgniter.php(928): App\Controllers\Article->detail('cara-crud-codei...')
#6 C:\xampp\htdocs\ykadonline\vendor\codeigniter4\framework\system\CodeIgniter.php(436): CodeIgniter\CodeIgniter->runController(Object(App\Controllers\Article))
#7 C:\xampp\htdocs\ykadonline\vendor\codeigniter4\framework\system\CodeIgniter.php(336): CodeIgniter\CodeIgniter->handleRequest(NULL, Object(Config\Cache), false)
#8 C:\xampp\htdocs\ykadonline\public\index.php(37): CodeIgniter\CodeIgniter->run()
#9 C:\xampp\htdocs\ykadonline\vendor\codeigniter4\framework\system\Commands\Server\rewrite.php(45): require_once('C:\\xampp\\htdocs...')
#10 {main}
CRITICAL - 2021-08-13 10:14:28 --> mysqli_result::fetch_object(): Argument #1 ($class) must be a valid class name, cara-crud-codeigniter-4 given
#0 C:\xampp\htdocs\ykadonline\vendor\codeigniter4\framework\system\Database\MySQLi\Result.php(174): mysqli_result->fetch_object('cara-crud-codei...')
#1 C:\xampp\htdocs\ykadonline\vendor\codeigniter4\framework\system\Database\BaseResult.php(167): CodeIgniter\Database\MySQLi\Result->fetchObject('cara-crud-codei...')
#2 C:\xampp\htdocs\ykadonline\vendor\codeigniter4\framework\system\Database\BaseResult.php(114): CodeIgniter\Database\BaseResult->getCustomResultObject('cara-crud-codei...')
#3 C:\xampp\htdocs\ykadonline\app\Controllers\Article.php(29): CodeIgniter\Database\BaseResult->getResult('cara-crud-codei...')
#4 C:\xampp\htdocs\ykadonline\vendor\codeigniter4\framework\system\CodeIgniter.php(928): App\Controllers\Article->detail('cara-crud-codei...')
#5 C:\xampp\htdocs\ykadonline\vendor\codeigniter4\framework\system\CodeIgniter.php(436): CodeIgniter\CodeIgniter->runController(Object(App\Controllers\Article))
#6 C:\xampp\htdocs\ykadonline\vendor\codeigniter4\framework\system\CodeIgniter.php(336): CodeIgniter\CodeIgniter->handleRequest(NULL, Object(Config\Cache), false)
#7 C:\xampp\htdocs\ykadonline\public\index.php(37): CodeIgniter\CodeIgniter->run()
#8 C:\xampp\htdocs\ykadonline\vendor\codeigniter4\framework\system\Commands\Server\rewrite.php(45): require_once('C:\\xampp\\htdocs...')
#9 {main}
CRITICAL - 2021-08-13 10:17:33 --> Undefined property: mysqli::$category
#0 C:\xampp\htdocs\ykadonline\app\Views\article\detail.php(28): CodeIgniter\Debug\Exceptions->errorHandler(2, 'Undefined prope...', 'C:\\xampp\\htdocs...', 28)
#1 C:\xampp\htdocs\ykadonline\vendor\codeigniter4\framework\system\View\View.php(230): include('C:\\xampp\\htdocs...')
#2 C:\xampp\htdocs\ykadonline\vendor\codeigniter4\framework\system\View\View.php(232): CodeIgniter\View\View->CodeIgniter\View\{closure}()
#3 C:\xampp\htdocs\ykadonline\vendor\codeigniter4\framework\system\Common.php(1271): CodeIgniter\View\View->render('/article/detail', Array, true)
#4 C:\xampp\htdocs\ykadonline\app\Controllers\Article.php(44): view('/article/detail', Array)
#5 C:\xampp\htdocs\ykadonline\vendor\codeigniter4\framework\system\CodeIgniter.php(928): App\Controllers\Article->detail('cara-crud-codei...')
#6 C:\xampp\htdocs\ykadonline\vendor\codeigniter4\framework\system\CodeIgniter.php(436): CodeIgniter\CodeIgniter->runController(Object(App\Controllers\Article))
#7 C:\xampp\htdocs\ykadonline\vendor\codeigniter4\framework\system\CodeIgniter.php(336): CodeIgniter\CodeIgniter->handleRequest(NULL, Object(Config\Cache), false)
#8 C:\xampp\htdocs\ykadonline\public\index.php(37): CodeIgniter\CodeIgniter->run()
#9 C:\xampp\htdocs\ykadonline\vendor\codeigniter4\framework\system\Commands\Server\rewrite.php(45): require_once('C:\\xampp\\htdocs...')
#10 {main}
CRITICAL - 2021-08-13 10:22:08 --> Attempt to read property "category" on string
#0 C:\xampp\htdocs\ykadonline\app\Views\article\detail.php(28): CodeIgniter\Debug\Exceptions->errorHandler(2, 'Attempt to read...', 'C:\\xampp\\htdocs...', 28)
#1 C:\xampp\htdocs\ykadonline\vendor\codeigniter4\framework\system\View\View.php(230): include('C:\\xampp\\htdocs...')
#2 C:\xampp\htdocs\ykadonline\vendor\codeigniter4\framework\system\View\View.php(232): CodeIgniter\View\View->CodeIgniter\View\{closure}()
#3 C:\xampp\htdocs\ykadonline\vendor\codeigniter4\framework\system\Common.php(1271): CodeIgniter\View\View->render('/article/detail', Array, true)
#4 C:\xampp\htdocs\ykadonline\app\Controllers\Article.php(41): view('/article/detail', Array)
#5 C:\xampp\htdocs\ykadonline\vendor\codeigniter4\framework\system\CodeIgniter.php(928): App\Controllers\Article->detail('cara-crud-codei...')
#6 C:\xampp\htdocs\ykadonline\vendor\codeigniter4\framework\system\CodeIgniter.php(436): CodeIgniter\CodeIgniter->runController(Object(App\Controllers\Article))
#7 C:\xampp\htdocs\ykadonline\vendor\codeigniter4\framework\system\CodeIgniter.php(336): CodeIgniter\CodeIgniter->handleRequest(NULL, Object(Config\Cache), false)
#8 C:\xampp\htdocs\ykadonline\public\index.php(37): CodeIgniter\CodeIgniter->run()
#9 C:\xampp\htdocs\ykadonline\vendor\codeigniter4\framework\system\Commands\Server\rewrite.php(45): require_once('C:\\xampp\\htdocs...')
#10 {main}
CRITICAL - 2021-08-13 10:22:24 --> Cannot access offset of type string on string
#0 C:\xampp\htdocs\ykadonline\vendor\codeigniter4\framework\system\View\View.php(230): include()
#1 C:\xampp\htdocs\ykadonline\vendor\codeigniter4\framework\system\View\View.php(232): CodeIgniter\View\View->CodeIgniter\View\{closure}()
#2 C:\xampp\htdocs\ykadonline\vendor\codeigniter4\framework\system\Common.php(1271): CodeIgniter\View\View->render('/article/detail', Array, true)
#3 C:\xampp\htdocs\ykadonline\app\Controllers\Article.php(41): view('/article/detail', Array)
#4 C:\xampp\htdocs\ykadonline\vendor\codeigniter4\framework\system\CodeIgniter.php(928): App\Controllers\Article->detail('cara-crud-codei...')
#5 C:\xampp\htdocs\ykadonline\vendor\codeigniter4\framework\system\CodeIgniter.php(436): CodeIgniter\CodeIgniter->runController(Object(App\Controllers\Article))
#6 C:\xampp\htdocs\ykadonline\vendor\codeigniter4\framework\system\CodeIgniter.php(336): CodeIgniter\CodeIgniter->handleRequest(NULL, Object(Config\Cache), false)
#7 C:\xampp\htdocs\ykadonline\public\index.php(37): CodeIgniter\CodeIgniter->run()
#8 C:\xampp\htdocs\ykadonline\vendor\codeigniter4\framework\system\Commands\Server\rewrite.php(45): require_once('C:\\xampp\\htdocs...')
#9 {main}
CRITICAL - 2021-08-13 10:24:38 --> Cannot access offset of type string on string
#0 C:\xampp\htdocs\ykadonline\vendor\codeigniter4\framework\system\View\View.php(230): include()
#1 C:\xampp\htdocs\ykadonline\vendor\codeigniter4\framework\system\View\View.php(232): CodeIgniter\View\View->CodeIgniter\View\{closure}()
#2 C:\xampp\htdocs\ykadonline\vendor\codeigniter4\framework\system\Common.php(1271): CodeIgniter\View\View->render('/article/detail', Array, true)
#3 C:\xampp\htdocs\ykadonline\app\Controllers\Article.php(41): view('/article/detail', Array)
#4 C:\xampp\htdocs\ykadonline\vendor\codeigniter4\framework\system\CodeIgniter.php(928): App\Controllers\Article->detail('cara-crud-codei...')
#5 C:\xampp\htdocs\ykadonline\vendor\codeigniter4\framework\system\CodeIgniter.php(436): CodeIgniter\CodeIgniter->runController(Object(App\Controllers\Article))
#6 C:\xampp\htdocs\ykadonline\vendor\codeigniter4\framework\system\CodeIgniter.php(336): CodeIgniter\CodeIgniter->handleRequest(NULL, Object(Config\Cache), false)
#7 C:\xampp\htdocs\ykadonline\public\index.php(37): CodeIgniter\CodeIgniter->run()
#8 C:\xampp\htdocs\ykadonline\vendor\codeigniter4\framework\system\Commands\Server\rewrite.php(45): require_once('C:\\xampp\\htdocs...')
#9 {main}
CRITICAL - 2021-08-13 10:26:05 --> Attempt to read property "titlepost" on string
#0 C:\xampp\htdocs\ykadonline\app\Views\article\detail.php(2): CodeIgniter\Debug\Exceptions->errorHandler(2, 'Attempt to read...', 'C:\\xampp\\htdocs...', 2)
#1 C:\xampp\htdocs\ykadonline\vendor\codeigniter4\framework\system\View\View.php(230): include('C:\\xampp\\htdocs...')
#2 C:\xampp\htdocs\ykadonline\vendor\codeigniter4\framework\system\View\View.php(232): CodeIgniter\View\View->CodeIgniter\View\{closure}()
#3 C:\xampp\htdocs\ykadonline\vendor\codeigniter4\framework\system\Common.php(1271): CodeIgniter\View\View->render('/article/detail', Array, true)
#4 C:\xampp\htdocs\ykadonline\app\Controllers\Article.php(41): view('/article/detail', Array)
#5 C:\xampp\htdocs\ykadonline\vendor\codeigniter4\framework\system\CodeIgniter.php(928): App\Controllers\Article->detail('cara-crud-codei...')
#6 C:\xampp\htdocs\ykadonline\vendor\codeigniter4\framework\system\CodeIgniter.php(436): CodeIgniter\CodeIgniter->runController(Object(App\Controllers\Article))
#7 C:\xampp\htdocs\ykadonline\vendor\codeigniter4\framework\system\CodeIgniter.php(336): CodeIgniter\CodeIgniter->handleRequest(NULL, Object(Config\Cache), false)
#8 C:\xampp\htdocs\ykadonline\public\index.php(37): CodeIgniter\CodeIgniter->run()
#9 C:\xampp\htdocs\ykadonline\vendor\codeigniter4\framework\system\Commands\Server\rewrite.php(45): require_once('C:\\xampp\\htdocs...')
#10 {main}
CRITICAL - 2021-08-13 10:28:05 --> Cannot access offset of type string on string
#0 C:\xampp\htdocs\ykadonline\vendor\codeigniter4\framework\system\View\View.php(230): include()
#1 C:\xampp\htdocs\ykadonline\vendor\codeigniter4\framework\system\View\View.php(232): CodeIgniter\View\View->CodeIgniter\View\{closure}()
#2 C:\xampp\htdocs\ykadonline\vendor\codeigniter4\framework\system\Common.php(1271): CodeIgniter\View\View->render('/article/detail', Array, true)
#3 C:\xampp\htdocs\ykadonline\app\Controllers\Article.php(41): view('/article/detail', Array)
#4 C:\xampp\htdocs\ykadonline\vendor\codeigniter4\framework\system\CodeIgniter.php(928): App\Controllers\Article->detail('cara-crud-codei...')
#5 C:\xampp\htdocs\ykadonline\vendor\codeigniter4\framework\system\CodeIgniter.php(436): CodeIgniter\CodeIgniter->runController(Object(App\Controllers\Article))
#6 C:\xampp\htdocs\ykadonline\vendor\codeigniter4\framework\system\CodeIgniter.php(336): CodeIgniter\CodeIgniter->handleRequest(NULL, Object(Config\Cache), false)
#7 C:\xampp\htdocs\ykadonline\public\index.php(37): CodeIgniter\CodeIgniter->run()
#8 C:\xampp\htdocs\ykadonline\vendor\codeigniter4\framework\system\Commands\Server\rewrite.php(45): require_once('C:\\xampp\\htdocs...')
#9 {main}
CRITICAL - 2021-08-13 10:29:21 --> Cannot access offset of type string on string
#0 C:\xampp\htdocs\ykadonline\vendor\codeigniter4\framework\system\View\View.php(230): include()
#1 C:\xampp\htdocs\ykadonline\vendor\codeigniter4\framework\system\View\View.php(232): CodeIgniter\View\View->CodeIgniter\View\{closure}()
#2 C:\xampp\htdocs\ykadonline\vendor\codeigniter4\framework\system\Common.php(1271): CodeIgniter\View\View->render('/article/detail', Array, true)
#3 C:\xampp\htdocs\ykadonline\app\Controllers\Article.php(41): view('/article/detail', Array)
#4 C:\xampp\htdocs\ykadonline\vendor\codeigniter4\framework\system\CodeIgniter.php(928): App\Controllers\Article->detail('cara-crud-codei...')
#5 C:\xampp\htdocs\ykadonline\vendor\codeigniter4\framework\system\CodeIgniter.php(436): CodeIgniter\CodeIgniter->runController(Object(App\Controllers\Article))
#6 C:\xampp\htdocs\ykadonline\vendor\codeigniter4\framework\system\CodeIgniter.php(336): CodeIgniter\CodeIgniter->handleRequest(NULL, Object(Config\Cache), false)
#7 C:\xampp\htdocs\ykadonline\public\index.php(37): CodeIgniter\CodeIgniter->run()
#8 C:\xampp\htdocs\ykadonline\vendor\codeigniter4\framework\system\Commands\Server\rewrite.php(45): require_once('C:\\xampp\\htdocs...')
#9 {main}
CRITICAL - 2021-08-13 10:34:24 --> Cannot access offset of type string on string
#0 C:\xampp\htdocs\ykadonline\vendor\codeigniter4\framework\system\View\View.php(230): include()
#1 C:\xampp\htdocs\ykadonline\vendor\codeigniter4\framework\system\View\View.php(232): CodeIgniter\View\View->CodeIgniter\View\{closure}()
#2 C:\xampp\htdocs\ykadonline\vendor\codeigniter4\framework\system\Common.php(1271): CodeIgniter\View\View->render('/article/detail', Array, true)
#3 C:\xampp\htdocs\ykadonline\app\Controllers\Article.php(40): view('/article/detail', Array)
#4 C:\xampp\htdocs\ykadonline\vendor\codeigniter4\framework\system\CodeIgniter.php(928): App\Controllers\Article->detail('cara-crud-codei...')
#5 C:\xampp\htdocs\ykadonline\vendor\codeigniter4\framework\system\CodeIgniter.php(436): CodeIgniter\CodeIgniter->runController(Object(App\Controllers\Article))
#6 C:\xampp\htdocs\ykadonline\vendor\codeigniter4\framework\system\CodeIgniter.php(336): CodeIgniter\CodeIgniter->handleRequest(NULL, Object(Config\Cache), false)
#7 C:\xampp\htdocs\ykadonline\public\index.php(37): CodeIgniter\CodeIgniter->run()
#8 C:\xampp\htdocs\ykadonline\vendor\codeigniter4\framework\system\Commands\Server\rewrite.php(45): require_once('C:\\xampp\\htdocs...')
#9 {main}
CRITICAL - 2021-08-13 10:35:52 --> Cannot access offset of type string on string
#0 C:\xampp\htdocs\ykadonline\vendor\codeigniter4\framework\system\View\View.php(230): include()
#1 C:\xampp\htdocs\ykadonline\vendor\codeigniter4\framework\system\View\View.php(232): CodeIgniter\View\View->CodeIgniter\View\{closure}()
#2 C:\xampp\htdocs\ykadonline\vendor\codeigniter4\framework\system\Common.php(1271): CodeIgniter\View\View->render('/article/detail', Array, true)
#3 C:\xampp\htdocs\ykadonline\app\Controllers\Article.php(41): view('/article/detail', Array)
#4 C:\xampp\htdocs\ykadonline\vendor\codeigniter4\framework\system\CodeIgniter.php(928): App\Controllers\Article->detail('cara-crud-codei...')
#5 C:\xampp\htdocs\ykadonline\vendor\codeigniter4\framework\system\CodeIgniter.php(436): CodeIgniter\CodeIgniter->runController(Object(App\Controllers\Article))
#6 C:\xampp\htdocs\ykadonline\vendor\codeigniter4\framework\system\CodeIgniter.php(336): CodeIgniter\CodeIgniter->handleRequest(NULL, Object(Config\Cache), false)
#7 C:\xampp\htdocs\ykadonline\public\index.php(37): CodeIgniter\CodeIgniter->run()
#8 C:\xampp\htdocs\ykadonline\vendor\codeigniter4\framework\system\Commands\Server\rewrite.php(45): require_once('C:\\xampp\\htdocs...')
#9 {main}
CRITICAL - 2021-08-13 10:37:41 --> Undefined variable $validation
#0 C:\xampp\htdocs\ykadonline\app\Views\article\detail.php(33): CodeIgniter\Debug\Exceptions->errorHandler(2, 'Undefined varia...', 'C:\\xampp\\htdocs...', 33)
#1 C:\xampp\htdocs\ykadonline\vendor\codeigniter4\framework\system\View\View.php(230): include('C:\\xampp\\htdocs...')
#2 C:\xampp\htdocs\ykadonline\vendor\codeigniter4\framework\system\View\View.php(232): CodeIgniter\View\View->CodeIgniter\View\{closure}()
#3 C:\xampp\htdocs\ykadonline\vendor\codeigniter4\framework\system\Common.php(1271): CodeIgniter\View\View->render('/article/detail', Array, true)
#4 C:\xampp\htdocs\ykadonline\app\Controllers\Article.php(41): view('/article/detail', Array)
#5 C:\xampp\htdocs\ykadonline\vendor\codeigniter4\framework\system\CodeIgniter.php(928): App\Controllers\Article->detail('cara-crud-codei...')
#6 C:\xampp\htdocs\ykadonline\vendor\codeigniter4\framework\system\CodeIgniter.php(436): CodeIgniter\CodeIgniter->runController(Object(App\Controllers\Article))
#7 C:\xampp\htdocs\ykadonline\vendor\codeigniter4\framework\system\CodeIgniter.php(336): CodeIgniter\CodeIgniter->handleRequest(NULL, Object(Config\Cache), false)
#8 C:\xampp\htdocs\ykadonline\public\index.php(37): CodeIgniter\CodeIgniter->run()
#9 C:\xampp\htdocs\ykadonline\vendor\codeigniter4\framework\system\Commands\Server\rewrite.php(45): require_once('C:\\xampp\\htdocs...')
#10 {main}
CRITICAL - 2021-08-13 10:39:27 --> Undefined variable $value
#0 C:\xampp\htdocs\ykadonline\app\Views\article\detail.php(28): CodeIgniter\Debug\Exceptions->errorHandler(2, 'Undefined varia...', 'C:\\xampp\\htdocs...', 28)
#1 C:\xampp\htdocs\ykadonline\vendor\codeigniter4\framework\system\View\View.php(230): include('C:\\xampp\\htdocs...')
#2 C:\xampp\htdocs\ykadonline\vendor\codeigniter4\framework\system\View\View.php(232): CodeIgniter\View\View->CodeIgniter\View\{closure}()
#3 C:\xampp\htdocs\ykadonline\vendor\codeigniter4\framework\system\Common.php(1271): CodeIgniter\View\View->render('/article/detail', Array, true)
#4 C:\xampp\htdocs\ykadonline\app\Controllers\Article.php(41): view('/article/detail', Array)
#5 C:\xampp\htdocs\ykadonline\vendor\codeigniter4\framework\system\CodeIgniter.php(928): App\Controllers\Article->detail('cara-crud-codei...')
#6 C:\xampp\htdocs\ykadonline\vendor\codeigniter4\framework\system\CodeIgniter.php(436): CodeIgniter\CodeIgniter->runController(Object(App\Controllers\Article))
#7 C:\xampp\htdocs\ykadonline\vendor\codeigniter4\framework\system\CodeIgniter.php(336): CodeIgniter\CodeIgniter->handleRequest(NULL, Object(Config\Cache), false)
#8 C:\xampp\htdocs\ykadonline\public\index.php(37): CodeIgniter\CodeIgniter->run()
#9 C:\xampp\htdocs\ykadonline\vendor\codeigniter4\framework\system\Commands\Server\rewrite.php(45): require_once('C:\\xampp\\htdocs...')
#10 {main}
CRITICAL - 2021-08-13 10:40:17 --> Cannot access offset of type string on string
#0 C:\xampp\htdocs\ykadonline\vendor\codeigniter4\framework\system\View\View.php(230): include()
#1 C:\xampp\htdocs\ykadonline\vendor\codeigniter4\framework\system\View\View.php(232): CodeIgniter\View\View->CodeIgniter\View\{closure}()
#2 C:\xampp\htdocs\ykadonline\vendor\codeigniter4\framework\system\Common.php(1271): CodeIgniter\View\View->render('/article/detail', Array, true)
#3 C:\xampp\htdocs\ykadonline\app\Controllers\Article.php(41): view('/article/detail', Array)
#4 C:\xampp\htdocs\ykadonline\vendor\codeigniter4\framework\system\CodeIgniter.php(928): App\Controllers\Article->detail('cara-crud-codei...')
#5 C:\xampp\htdocs\ykadonline\vendor\codeigniter4\framework\system\CodeIgniter.php(436): CodeIgniter\CodeIgniter->runController(Object(App\Controllers\Article))
#6 C:\xampp\htdocs\ykadonline\vendor\codeigniter4\framework\system\CodeIgniter.php(336): CodeIgniter\CodeIgniter->handleRequest(NULL, Object(Config\Cache), false)
#7 C:\xampp\htdocs\ykadonline\public\index.php(37): CodeIgniter\CodeIgniter->run()
#8 C:\xampp\htdocs\ykadonline\vendor\codeigniter4\framework\system\Commands\Server\rewrite.php(45): require_once('C:\\xampp\\htdocs...')
#9 {main}
CRITICAL - 2021-08-13 10:44:17 --> Cannot access offset of type string on string
#0 C:\xampp\htdocs\ykadonline\vendor\codeigniter4\framework\system\View\View.php(230): include()
#1 C:\xampp\htdocs\ykadonline\vendor\codeigniter4\framework\system\View\View.php(232): CodeIgniter\View\View->CodeIgniter\View\{closure}()
#2 C:\xampp\htdocs\ykadonline\vendor\codeigniter4\framework\system\Common.php(1271): CodeIgniter\View\View->render('article/detail', Array, true)
#3 C:\xampp\htdocs\ykadonline\app\Controllers\Article.php(39): view('article/detail', Array)
#4 C:\xampp\htdocs\ykadonline\vendor\codeigniter4\framework\system\CodeIgniter.php(928): App\Controllers\Article->detail('cara-crud-codei...')
#5 C:\xampp\htdocs\ykadonline\vendor\codeigniter4\framework\system\CodeIgniter.php(436): CodeIgniter\CodeIgniter->runController(Object(App\Controllers\Article))
#6 C:\xampp\htdocs\ykadonline\vendor\codeigniter4\framework\system\CodeIgniter.php(336): CodeIgniter\CodeIgniter->handleRequest(NULL, Object(Config\Cache), false)
#7 C:\xampp\htdocs\ykadonline\public\index.php(37): CodeIgniter\CodeIgniter->run()
#8 C:\xampp\htdocs\ykadonline\vendor\codeigniter4\framework\system\Commands\Server\rewrite.php(45): require_once('C:\\xampp\\htdocs...')
#9 {main}
CRITICAL - 2021-08-13 10:44:21 --> Cannot access offset of type string on string
#0 C:\xampp\htdocs\ykadonline\vendor\codeigniter4\framework\system\View\View.php(230): include()
#1 C:\xampp\htdocs\ykadonline\vendor\codeigniter4\framework\system\View\View.php(232): CodeIgniter\View\View->CodeIgniter\View\{closure}()
#2 C:\xampp\htdocs\ykadonline\vendor\codeigniter4\framework\system\Common.php(1271): CodeIgniter\View\View->render('article/detail', Array, true)
#3 C:\xampp\htdocs\ykadonline\app\Controllers\Article.php(39): view('article/detail', Array)
#4 C:\xampp\htdocs\ykadonline\vendor\codeigniter4\framework\system\CodeIgniter.php(928): App\Controllers\Article->detail('cara-crud-codei...')
#5 C:\xampp\htdocs\ykadonline\vendor\codeigniter4\framework\system\CodeIgniter.php(436): CodeIgniter\CodeIgniter->runController(Object(App\Controllers\Article))
#6 C:\xampp\htdocs\ykadonline\vendor\codeigniter4\framework\system\CodeIgniter.php(336): CodeIgniter\CodeIgniter->handleRequest(NULL, Object(Config\Cache), false)
#7 C:\xampp\htdocs\ykadonline\public\index.php(37): CodeIgniter\CodeIgniter->run()
#8 C:\xampp\htdocs\ykadonline\vendor\codeigniter4\framework\system\Commands\Server\rewrite.php(45): require_once('C:\\xampp\\htdocs...')
#9 {main}
CRITICAL - 2021-08-13 10:45:36 --> Cannot access offset of type string on string
#0 C:\xampp\htdocs\ykadonline\vendor\codeigniter4\framework\system\View\View.php(230): include()
#1 C:\xampp\htdocs\ykadonline\vendor\codeigniter4\framework\system\View\View.php(232): CodeIgniter\View\View->CodeIgniter\View\{closure}()
#2 C:\xampp\htdocs\ykadonline\vendor\codeigniter4\framework\system\Common.php(1271): CodeIgniter\View\View->render('/article/detail', Array, true)
#3 C:\xampp\htdocs\ykadonline\app\Controllers\Article.php(45): view('/article/detail', Array)
#4 C:\xampp\htdocs\ykadonline\vendor\codeigniter4\framework\system\CodeIgniter.php(928): App\Controllers\Article->detail('cara-crud-codei...')
#5 C:\xampp\htdocs\ykadonline\vendor\codeigniter4\framework\system\CodeIgniter.php(436): CodeIgniter\CodeIgniter->runController(Object(App\Controllers\Article))
#6 C:\xampp\htdocs\ykadonline\vendor\codeigniter4\framework\system\CodeIgniter.php(336): CodeIgniter\CodeIgniter->handleRequest(NULL, Object(Config\Cache), false)
#7 C:\xampp\htdocs\ykadonline\public\index.php(37): CodeIgniter\CodeIgniter->run()
#8 C:\xampp\htdocs\ykadonline\vendor\codeigniter4\framework\system\Commands\Server\rewrite.php(45): require_once('C:\\xampp\\htdocs...')
#9 {main}
CRITICAL - 2021-08-13 11:58:39 --> Cannot access offset of type string on string
#0 C:\xampp\htdocs\ykadonline\vendor\codeigniter4\framework\system\View\View.php(230): include()
#1 C:\xampp\htdocs\ykadonline\vendor\codeigniter4\framework\system\View\View.php(232): CodeIgniter\View\View->CodeIgniter\View\{closure}()
#2 C:\xampp\htdocs\ykadonline\vendor\codeigniter4\framework\system\Common.php(1271): CodeIgniter\View\View->render('/article/detail', Array, true)
#3 C:\xampp\htdocs\ykadonline\app\Controllers\Article.php(45): view('/article/detail', Array)
#4 C:\xampp\htdocs\ykadonline\vendor\codeigniter4\framework\system\CodeIgniter.php(928): App\Controllers\Article->detail('cara-crud-codei...')
#5 C:\xampp\htdocs\ykadonline\vendor\codeigniter4\framework\system\CodeIgniter.php(436): CodeIgniter\CodeIgniter->runController(Object(App\Controllers\Article))
#6 C:\xampp\htdocs\ykadonline\vendor\codeigniter4\framework\system\CodeIgniter.php(336): CodeIgniter\CodeIgniter->handleRequest(NULL, Object(Config\Cache), false)
#7 C:\xampp\htdocs\ykadonline\public\index.php(37): CodeIgniter\CodeIgniter->run()
#8 C:\xampp\htdocs\ykadonline\vendor\codeigniter4\framework\system\Commands\Server\rewrite.php(45): require_once('C:\\xampp\\htdocs...')
#9 {main}
CRITICAL - 2021-08-13 11:59:59 --> Cannot access offset of type string on string
#0 C:\xampp\htdocs\ykadonline\vendor\codeigniter4\framework\system\View\View.php(230): include()
#1 C:\xampp\htdocs\ykadonline\vendor\codeigniter4\framework\system\View\View.php(232): CodeIgniter\View\View->CodeIgniter\View\{closure}()
#2 C:\xampp\htdocs\ykadonline\vendor\codeigniter4\framework\system\Common.php(1271): CodeIgniter\View\View->render('article/detail', Array, true)
#3 C:\xampp\htdocs\ykadonline\app\Controllers\Dashboard.php(229): view('article/detail', Array)
#4 C:\xampp\htdocs\ykadonline\vendor\codeigniter4\framework\system\CodeIgniter.php(928): App\Controllers\Dashboard->detail('cara-crud-codei...')
#5 C:\xampp\htdocs\ykadonline\vendor\codeigniter4\framework\system\CodeIgniter.php(436): CodeIgniter\CodeIgniter->runController(Object(App\Controllers\Dashboard))
#6 C:\xampp\htdocs\ykadonline\vendor\codeigniter4\framework\system\CodeIgniter.php(336): CodeIgniter\CodeIgniter->handleRequest(NULL, Object(Config\Cache), false)
#7 C:\xampp\htdocs\ykadonline\public\index.php(37): CodeIgniter\CodeIgniter->run()
#8 C:\xampp\htdocs\ykadonline\vendor\codeigniter4\framework\system\Commands\Server\rewrite.php(45): require_once('C:\\xampp\\htdocs...')
#9 {main}
CRITICAL - 2021-08-13 12:02:39 --> Undefined variable $validation
#0 C:\xampp\htdocs\ykadonline\app\Views\article\detail.php(33): CodeIgniter\Debug\Exceptions->errorHandler(2, 'Undefined varia...', 'C:\\xampp\\htdocs...', 33)
#1 C:\xampp\htdocs\ykadonline\vendor\codeigniter4\framework\system\View\View.php(230): include('C:\\xampp\\htdocs...')
#2 C:\xampp\htdocs\ykadonline\vendor\codeigniter4\framework\system\View\View.php(232): CodeIgniter\View\View->CodeIgniter\View\{closure}()
#3 C:\xampp\htdocs\ykadonline\vendor\codeigniter4\framework\system\Common.php(1271): CodeIgniter\View\View->render('/article/detail', Array, true)
#4 C:\xampp\htdocs\ykadonline\app\Controllers\Article.php(45): view('/article/detail', Array)
#5 C:\xampp\htdocs\ykadonline\vendor\codeigniter4\framework\system\CodeIgniter.php(928): App\Controllers\Article->detail('cara-crud-codei...')
#6 C:\xampp\htdocs\ykadonline\vendor\codeigniter4\framework\system\CodeIgniter.php(436): CodeIgniter\CodeIgniter->runController(Object(App\Controllers\Article))
#7 C:\xampp\htdocs\ykadonline\vendor\codeigniter4\framework\system\CodeIgniter.php(336): CodeIgniter\CodeIgniter->handleRequest(NULL, Object(Config\Cache), false)
#8 C:\xampp\htdocs\ykadonline\public\index.php(37): CodeIgniter\CodeIgniter->run()
#9 C:\xampp\htdocs\ykadonline\vendor\codeigniter4\framework\system\Commands\Server\rewrite.php(45): require_once('C:\\xampp\\htdocs...')
#10 {main}
CRITICAL - 2021-08-13 12:06:57 --> Cannot access offset of type string on string
#0 C:\xampp\htdocs\ykadonline\vendor\codeigniter4\framework\system\View\View.php(230): include()
#1 C:\xampp\htdocs\ykadonline\vendor\codeigniter4\framework\system\View\View.php(232): CodeIgniter\View\View->CodeIgniter\View\{closure}()
#2 C:\xampp\htdocs\ykadonline\vendor\codeigniter4\framework\system\Common.php(1271): CodeIgniter\View\View->render('article/detail', Array, true)
#3 C:\xampp\htdocs\ykadonline\app\Controllers\Dashboard.php(229): view('article/detail', Array)
#4 C:\xampp\htdocs\ykadonline\vendor\codeigniter4\framework\system\CodeIgniter.php(928): App\Controllers\Dashboard->detail('cara-crud-codei...')
#5 C:\xampp\htdocs\ykadonline\vendor\codeigniter4\framework\system\CodeIgniter.php(436): CodeIgniter\CodeIgniter->runController(Object(App\Controllers\Dashboard))
#6 C:\xampp\htdocs\ykadonline\vendor\codeigniter4\framework\system\CodeIgniter.php(336): CodeIgniter\CodeIgniter->handleRequest(NULL, Object(Config\Cache), false)
#7 C:\xampp\htdocs\ykadonline\public\index.php(37): CodeIgniter\CodeIgniter->run()
#8 C:\xampp\htdocs\ykadonline\vendor\codeigniter4\framework\system\Commands\Server\rewrite.php(45): require_once('C:\\xampp\\htdocs...')
#9 {main}
CRITICAL - 2021-08-13 12:19:10 --> Undefined variable $value
#0 C:\xampp\htdocs\ykadonline\app\Views\article\detail.php(26): CodeIgniter\Debug\Exceptions->errorHandler(2, 'Undefined varia...', 'C:\\xampp\\htdocs...', 26)
#1 C:\xampp\htdocs\ykadonline\vendor\codeigniter4\framework\system\View\View.php(230): include('C:\\xampp\\htdocs...')
#2 C:\xampp\htdocs\ykadonline\vendor\codeigniter4\framework\system\View\View.php(232): CodeIgniter\View\View->CodeIgniter\View\{closure}()
#3 C:\xampp\htdocs\ykadonline\vendor\codeigniter4\framework\system\Common.php(1271): CodeIgniter\View\View->render('/article/detail', Array, true)
#4 C:\xampp\htdocs\ykadonline\app\Controllers\Article.php(43): view('/article/detail', Array)
#5 C:\xampp\htdocs\ykadonline\vendor\codeigniter4\framework\system\CodeIgniter.php(928): App\Controllers\Article->detail('haloo-gg')
#6 C:\xampp\htdocs\ykadonline\vendor\codeigniter4\framework\system\CodeIgniter.php(436): CodeIgniter\CodeIgniter->runController(Object(App\Controllers\Article))
#7 C:\xampp\htdocs\ykadonline\vendor\codeigniter4\framework\system\CodeIgniter.php(336): CodeIgniter\CodeIgniter->handleRequest(NULL, Object(Config\Cache), false)
#8 C:\xampp\htdocs\ykadonline\public\index.php(37): CodeIgniter\CodeIgniter->run()
#9 C:\xampp\htdocs\ykadonline\vendor\codeigniter4\framework\system\Commands\Server\rewrite.php(45): require_once('C:\\xampp\\htdocs...')
#10 {main}
CRITICAL - 2021-08-13 12:34:11 --> Undefined array key "category"
#0 C:\xampp\htdocs\ykadonline\app\Views\article\index.php(32): CodeIgniter\Debug\Exceptions->errorHandler(2, 'Undefined array...', 'C:\\xampp\\htdocs...', 32)
#1 C:\xampp\htdocs\ykadonline\vendor\codeigniter4\framework\system\View\View.php(230): include('C:\\xampp\\htdocs...')
#2 C:\xampp\htdocs\ykadonline\vendor\codeigniter4\framework\system\View\View.php(232): CodeIgniter\View\View->CodeIgniter\View\{closure}()
#3 C:\xampp\htdocs\ykadonline\vendor\codeigniter4\framework\system\Common.php(1271): CodeIgniter\View\View->render('/article/index', Array, true)
#4 C:\xampp\htdocs\ykadonline\app\Controllers\Article.php(23): view('/article/index', Array)
#5 C:\xampp\htdocs\ykadonline\vendor\codeigniter4\framework\system\CodeIgniter.php(928): App\Controllers\Article->index()
#6 C:\xampp\htdocs\ykadonline\vendor\codeigniter4\framework\system\CodeIgniter.php(436): CodeIgniter\CodeIgniter->runController(Object(App\Controllers\Article))
#7 C:\xampp\htdocs\ykadonline\vendor\codeigniter4\framework\system\CodeIgniter.php(336): CodeIgniter\CodeIgniter->handleRequest(NULL, Object(Config\Cache), false)
#8 C:\xampp\htdocs\ykadonline\public\index.php(37): CodeIgniter\CodeIgniter->run()
#9 C:\xampp\htdocs\ykadonline\vendor\codeigniter4\framework\system\Commands\Server\rewrite.php(45): require_once('C:\\xampp\\htdocs...')
#10 {main}
CRITICAL - 2021-08-13 12:35:38 --> Undefined array key "category"
#0 C:\xampp\htdocs\ykadonline\app\Views\article\index.php(32): CodeIgniter\Debug\Exceptions->errorHandler(2, 'Undefined array...', 'C:\\xampp\\htdocs...', 32)
#1 C:\xampp\htdocs\ykadonline\vendor\codeigniter4\framework\system\View\View.php(230): include('C:\\xampp\\htdocs...')
#2 C:\xampp\htdocs\ykadonline\vendor\codeigniter4\framework\system\View\View.php(232): CodeIgniter\View\View->CodeIgniter\View\{closure}()
#3 C:\xampp\htdocs\ykadonline\vendor\codeigniter4\framework\system\Common.php(1271): CodeIgniter\View\View->render('/article/index', Array, true)
#4 C:\xampp\htdocs\ykadonline\app\Controllers\Article.php(27): view('/article/index', Array)
#5 C:\xampp\htdocs\ykadonline\vendor\codeigniter4\framework\system\CodeIgniter.php(928): App\Controllers\Article->index()
#6 C:\xampp\htdocs\ykadonline\vendor\codeigniter4\framework\system\CodeIgniter.php(436): CodeIgniter\CodeIgniter->runController(Object(App\Controllers\Article))
#7 C:\xampp\htdocs\ykadonline\vendor\codeigniter4\framework\system\CodeIgniter.php(336): CodeIgniter\CodeIgniter->handleRequest(NULL, Object(Config\Cache), false)
#8 C:\xampp\htdocs\ykadonline\public\index.php(37): CodeIgniter\CodeIgniter->run()
#9 C:\xampp\htdocs\ykadonline\vendor\codeigniter4\framework\system\Commands\Server\rewrite.php(45): require_once('C:\\xampp\\htdocs...')
#10 {main}
CRITICAL - 2021-08-13 12:58:28 --> Undefined array key "titlepost"
#0 C:\xampp\htdocs\ykadonline\app\Controllers\Dashboard.php(133): CodeIgniter\Debug\Exceptions->errorHandler(2, 'Undefined array...', 'C:\\xampp\\htdocs...', 133)
#1 C:\xampp\htdocs\ykadonline\vendor\codeigniter4\framework\system\CodeIgniter.php(928): App\Controllers\Dashboard->update('22')
#2 C:\xampp\htdocs\ykadonline\vendor\codeigniter4\framework\system\CodeIgniter.php(436): CodeIgniter\CodeIgniter->runController(Object(App\Controllers\Dashboard))
#3 C:\xampp\htdocs\ykadonline\vendor\codeigniter4\framework\system\CodeIgniter.php(336): CodeIgniter\CodeIgniter->handleRequest(NULL, Object(Config\Cache), false)
#4 C:\xampp\htdocs\ykadonline\public\index.php(37): CodeIgniter\CodeIgniter->run()
#5 C:\xampp\htdocs\ykadonline\vendor\codeigniter4\framework\system\Commands\Server\rewrite.php(45): require_once('C:\\xampp\\htdocs...')
#6 {main}
ERROR - 2021-08-13 13:17:30 --> Got a packet bigger than 'max_allowed_packet' bytes
CRITICAL - 2021-08-13 13:17:30 --> Got a packet bigger than 'max_allowed_packet' bytes
#0 C:\xampp\htdocs\ykadonline\vendor\codeigniter4\framework\system\Database\MySQLi\Connection.php(329): mysqli->query('UPDATE `article...')
#1 C:\xampp\htdocs\ykadonline\vendor\codeigniter4\framework\system\Database\BaseConnection.php(732): CodeIgniter\Database\MySQLi\Connection->execute('UPDATE `article...')
#2 C:\xampp\htdocs\ykadonline\vendor\codeigniter4\framework\system\Database\BaseConnection.php(647): CodeIgniter\Database\BaseConnection->simpleQuery('UPDATE `article...')
#3 C:\xampp\htdocs\ykadonline\vendor\codeigniter4\framework\system\Database\BaseBuilder.php(2482): CodeIgniter\Database\BaseConnection->query('UPDATE `article...', Array, false)
#4 C:\xampp\htdocs\ykadonline\vendor\codeigniter4\framework\system\Model.php(326): CodeIgniter\Database\BaseBuilder->update()
#5 C:\xampp\htdocs\ykadonline\vendor\codeigniter4\framework\system\BaseModel.php(917): CodeIgniter\Model->doUpdate(Array, Array)
#6 C:\xampp\htdocs\ykadonline\vendor\codeigniter4\framework\system\Model.php(718): CodeIgniter\BaseModel->update(Array, Array)
#7 C:\xampp\htdocs\ykadonline\vendor\codeigniter4\framework\system\BaseModel.php(683): CodeIgniter\Model->update('22', Array)
#8 C:\xampp\htdocs\ykadonline\app\Controllers\Dashboard.php(180): CodeIgniter\BaseModel->save(Array)
#9 C:\xampp\htdocs\ykadonline\vendor\codeigniter4\framework\system\CodeIgniter.php(928): App\Controllers\Dashboard->update('22')
#10 C:\xampp\htdocs\ykadonline\vendor\codeigniter4\framework\system\CodeIgniter.php(436): CodeIgniter\CodeIgniter->runController(Object(App\Controllers\Dashboard))
#11 C:\xampp\htdocs\ykadonline\vendor\codeigniter4\framework\system\CodeIgniter.php(336): CodeIgniter\CodeIgniter->handleRequest(NULL, Object(Config\Cache), false)
#12 C:\xampp\htdocs\ykadonline\public\index.php(37): CodeIgniter\CodeIgniter->run()
#13 C:\xampp\htdocs\ykadonline\vendor\codeigniter4\framework\system\Commands\Server\rewrite.php(45): require_once('C:\\xampp\\htdocs...')
#14 {main}
