CRITICAL - 2021-08-31 09:01:33 --> unlink(img/default.jpg): No such file or directory
#0 [internal function]: CodeIgniter\Debug\Exceptions->errorHandler(2, 'unlink(img/defa...', 'C:\\xampp\\htdocs...', 193)
#1 C:\xampp\htdocs\Fira CMS\app\Controllers\Dashboard.php(193): unlink('img/default.jpg')
#2 C:\xampp\htdocs\Fira CMS\vendor\codeigniter4\framework\system\CodeIgniter.php(928): App\Controllers\Dashboard->update('41')
#3 C:\xampp\htdocs\Fira CMS\vendor\codeigniter4\framework\system\CodeIgniter.php(436): CodeIgniter\CodeIgniter->runController(Object(App\Controllers\Dashboard))
#4 C:\xampp\htdocs\Fira CMS\vendor\codeigniter4\framework\system\CodeIgniter.php(336): CodeIgniter\CodeIgniter->handleRequest(NULL, Object(Config\Cache), false)
#5 C:\xampp\htdocs\Fira CMS\public\index.php(37): CodeIgniter\CodeIgniter->run()
#6 C:\xampp\htdocs\Fira CMS\vendor\codeigniter4\framework\system\Commands\Server\rewrite.php(45): require_once('C:\\xampp\\htdocs...')
#7 {main}
CRITICAL - 2021-08-31 09:01:45 --> unlink(img/default.jpg): No such file or directory
#0 [internal function]: CodeIgniter\Debug\Exceptions->errorHandler(2, 'unlink(img/defa...', 'C:\\xampp\\htdocs...', 193)
#1 C:\xampp\htdocs\Fira CMS\app\Controllers\Dashboard.php(193): unlink('img/default.jpg')
#2 C:\xampp\htdocs\Fira CMS\vendor\codeigniter4\framework\system\CodeIgniter.php(928): App\Controllers\Dashboard->update('41')
#3 C:\xampp\htdocs\Fira CMS\vendor\codeigniter4\framework\system\CodeIgniter.php(436): CodeIgniter\CodeIgniter->runController(Object(App\Controllers\Dashboard))
#4 C:\xampp\htdocs\Fira CMS\vendor\codeigniter4\framework\system\CodeIgniter.php(336): CodeIgniter\CodeIgniter->handleRequest(NULL, Object(Config\Cache), false)
#5 C:\xampp\htdocs\Fira CMS\public\index.php(37): CodeIgniter\CodeIgniter->run()
#6 C:\xampp\htdocs\Fira CMS\vendor\codeigniter4\framework\system\Commands\Server\rewrite.php(45): require_once('C:\\xampp\\htdocs...')
#7 {main}
CRITICAL - 2021-08-31 09:03:00 --> unlink(img/default.jpg): No such file or directory
#0 [internal function]: CodeIgniter\Debug\Exceptions->errorHandler(2, 'unlink(img/defa...', 'C:\\xampp\\htdocs...', 193)
#1 C:\xampp\htdocs\Fira CMS\app\Controllers\Dashboard.php(193): unlink('img/default.jpg')
#2 C:\xampp\htdocs\Fira CMS\vendor\codeigniter4\framework\system\CodeIgniter.php(928): App\Controllers\Dashboard->update('42')
#3 C:\xampp\htdocs\Fira CMS\vendor\codeigniter4\framework\system\CodeIgniter.php(436): CodeIgniter\CodeIgniter->runController(Object(App\Controllers\Dashboard))
#4 C:\xampp\htdocs\Fira CMS\vendor\codeigniter4\framework\system\CodeIgniter.php(336): CodeIgniter\CodeIgniter->handleRequest(NULL, Object(Config\Cache), false)
#5 C:\xampp\htdocs\Fira CMS\public\index.php(37): CodeIgniter\CodeIgniter->run()
#6 C:\xampp\htdocs\Fira CMS\vendor\codeigniter4\framework\system\Commands\Server\rewrite.php(45): require_once('C:\\xampp\\htdocs...')
#7 {main}
CRITICAL - 2021-08-31 09:06:12 --> unlink(img/default.jpg): No such file or directory
#0 [internal function]: CodeIgniter\Debug\Exceptions->errorHandler(2, 'unlink(img/defa...', 'C:\\xampp\\htdocs...', 193)
#1 C:\xampp\htdocs\Fira CMS\app\Controllers\Dashboard.php(193): unlink('img/default.jpg')
#2 C:\xampp\htdocs\Fira CMS\vendor\codeigniter4\framework\system\CodeIgniter.php(928): App\Controllers\Dashboard->update('43')
#3 C:\xampp\htdocs\Fira CMS\vendor\codeigniter4\framework\system\CodeIgniter.php(436): CodeIgniter\CodeIgniter->runController(Object(App\Controllers\Dashboard))
#4 C:\xampp\htdocs\Fira CMS\vendor\codeigniter4\framework\system\CodeIgniter.php(336): CodeIgniter\CodeIgniter->handleRequest(NULL, Object(Config\Cache), false)
#5 C:\xampp\htdocs\Fira CMS\public\index.php(37): CodeIgniter\CodeIgniter->run()
#6 C:\xampp\htdocs\Fira CMS\vendor\codeigniter4\framework\system\Commands\Server\rewrite.php(45): require_once('C:\\xampp\\htdocs...')
#7 {main}
CRITICAL - 2021-08-31 09:28:30 --> Too few arguments to function App\Controllers\Post::read(), 0 passed in C:\xampp\htdocs\Fira CMS\vendor\codeigniter4\framework\system\CodeIgniter.php on line 928 and exactly 1 expected
#0 C:\xampp\htdocs\Fira CMS\vendor\codeigniter4\framework\system\CodeIgniter.php(928): App\Controllers\Post->read()
#1 C:\xampp\htdocs\Fira CMS\vendor\codeigniter4\framework\system\CodeIgniter.php(436): CodeIgniter\CodeIgniter->runController(Object(App\Controllers\Post))
#2 C:\xampp\htdocs\Fira CMS\vendor\codeigniter4\framework\system\CodeIgniter.php(336): CodeIgniter\CodeIgniter->handleRequest(NULL, Object(Config\Cache), false)
#3 C:\xampp\htdocs\Fira CMS\public\index.php(37): CodeIgniter\CodeIgniter->run()
#4 C:\xampp\htdocs\Fira CMS\vendor\codeigniter4\framework\system\Commands\Server\rewrite.php(45): require_once('C:\\xampp\\htdocs...')
#5 {main}
CRITICAL - 2021-08-31 09:33:29 --> Undefined variable $popular
#0 C:\xampp\htdocs\Fira CMS\app\Views\article\read.php(103): CodeIgniter\Debug\Exceptions->errorHandler(2, 'Undefined varia...', 'C:\\xampp\\htdocs...', 103)
#1 C:\xampp\htdocs\Fira CMS\vendor\codeigniter4\framework\system\View\View.php(230): include('C:\\xampp\\htdocs...')
#2 C:\xampp\htdocs\Fira CMS\vendor\codeigniter4\framework\system\View\View.php(232): CodeIgniter\View\View->CodeIgniter\View\{closure}()
#3 C:\xampp\htdocs\Fira CMS\vendor\codeigniter4\framework\system\Common.php(1271): CodeIgniter\View\View->render('/article/read', Array, true)
#4 C:\xampp\htdocs\Fira CMS\app\Controllers\Post.php(79): view('/article/read', Array)
#5 C:\xampp\htdocs\Fira CMS\vendor\codeigniter4\framework\system\CodeIgniter.php(928): App\Controllers\Post->read('facts-about-bus...')
#6 C:\xampp\htdocs\Fira CMS\vendor\codeigniter4\framework\system\CodeIgniter.php(436): CodeIgniter\CodeIgniter->runController(Object(App\Controllers\Post))
#7 C:\xampp\htdocs\Fira CMS\vendor\codeigniter4\framework\system\CodeIgniter.php(336): CodeIgniter\CodeIgniter->handleRequest(NULL, Object(Config\Cache), false)
#8 C:\xampp\htdocs\Fira CMS\public\index.php(37): CodeIgniter\CodeIgniter->run()
#9 C:\xampp\htdocs\Fira CMS\vendor\codeigniter4\framework\system\Commands\Server\rewrite.php(45): require_once('C:\\xampp\\htdocs...')
#10 {main}
CRITICAL - 2021-08-31 09:34:34 --> Undefined variable $popular
#0 C:\xampp\htdocs\Fira CMS\app\Views\article\read.php(102): CodeIgniter\Debug\Exceptions->errorHandler(2, 'Undefined varia...', 'C:\\xampp\\htdocs...', 102)
#1 C:\xampp\htdocs\Fira CMS\vendor\codeigniter4\framework\system\View\View.php(230): include('C:\\xampp\\htdocs...')
#2 C:\xampp\htdocs\Fira CMS\vendor\codeigniter4\framework\system\View\View.php(232): CodeIgniter\View\View->CodeIgniter\View\{closure}()
#3 C:\xampp\htdocs\Fira CMS\vendor\codeigniter4\framework\system\Common.php(1271): CodeIgniter\View\View->render('/article/read', Array, true)
#4 C:\xampp\htdocs\Fira CMS\app\Controllers\Post.php(79): view('/article/read', Array)
#5 C:\xampp\htdocs\Fira CMS\vendor\codeigniter4\framework\system\CodeIgniter.php(928): App\Controllers\Post->read('facts-about-bus...')
#6 C:\xampp\htdocs\Fira CMS\vendor\codeigniter4\framework\system\CodeIgniter.php(436): CodeIgniter\CodeIgniter->runController(Object(App\Controllers\Post))
#7 C:\xampp\htdocs\Fira CMS\vendor\codeigniter4\framework\system\CodeIgniter.php(336): CodeIgniter\CodeIgniter->handleRequest(NULL, Object(Config\Cache), false)
#8 C:\xampp\htdocs\Fira CMS\public\index.php(37): CodeIgniter\CodeIgniter->run()
#9 C:\xampp\htdocs\Fira CMS\vendor\codeigniter4\framework\system\Commands\Server\rewrite.php(45): require_once('C:\\xampp\\htdocs...')
#10 {main}
CRITICAL - 2021-08-31 09:35:17 --> Undefined variable $popular
#0 C:\xampp\htdocs\Fira CMS\app\Views\article\read.php(103): CodeIgniter\Debug\Exceptions->errorHandler(2, 'Undefined varia...', 'C:\\xampp\\htdocs...', 103)
#1 C:\xampp\htdocs\Fira CMS\vendor\codeigniter4\framework\system\View\View.php(230): include('C:\\xampp\\htdocs...')
#2 C:\xampp\htdocs\Fira CMS\vendor\codeigniter4\framework\system\View\View.php(232): CodeIgniter\View\View->CodeIgniter\View\{closure}()
#3 C:\xampp\htdocs\Fira CMS\vendor\codeigniter4\framework\system\Common.php(1271): CodeIgniter\View\View->render('/article/read', Array, true)
#4 C:\xampp\htdocs\Fira CMS\app\Controllers\Post.php(79): view('/article/read', Array)
#5 C:\xampp\htdocs\Fira CMS\vendor\codeigniter4\framework\system\CodeIgniter.php(928): App\Controllers\Post->read('facts-about-bus...')
#6 C:\xampp\htdocs\Fira CMS\vendor\codeigniter4\framework\system\CodeIgniter.php(436): CodeIgniter\CodeIgniter->runController(Object(App\Controllers\Post))
#7 C:\xampp\htdocs\Fira CMS\vendor\codeigniter4\framework\system\CodeIgniter.php(336): CodeIgniter\CodeIgniter->handleRequest(NULL, Object(Config\Cache), false)
#8 C:\xampp\htdocs\Fira CMS\public\index.php(37): CodeIgniter\CodeIgniter->run()
#9 C:\xampp\htdocs\Fira CMS\vendor\codeigniter4\framework\system\Commands\Server\rewrite.php(45): require_once('C:\\xampp\\htdocs...')
#10 {main}
CRITICAL - 2021-08-31 09:35:28 --> Undefined variable $no
#0 C:\xampp\htdocs\Fira CMS\app\Views\article\read.php(102): CodeIgniter\Debug\Exceptions->errorHandler(2, 'Undefined varia...', 'C:\\xampp\\htdocs...', 102)
#1 C:\xampp\htdocs\Fira CMS\vendor\codeigniter4\framework\system\View\View.php(230): include('C:\\xampp\\htdocs...')
#2 C:\xampp\htdocs\Fira CMS\vendor\codeigniter4\framework\system\View\View.php(232): CodeIgniter\View\View->CodeIgniter\View\{closure}()
#3 C:\xampp\htdocs\Fira CMS\vendor\codeigniter4\framework\system\Common.php(1271): CodeIgniter\View\View->render('/article/read', Array, true)
#4 C:\xampp\htdocs\Fira CMS\app\Controllers\Post.php(79): view('/article/read', Array)
#5 C:\xampp\htdocs\Fira CMS\vendor\codeigniter4\framework\system\CodeIgniter.php(928): App\Controllers\Post->read('facts-about-bus...')
#6 C:\xampp\htdocs\Fira CMS\vendor\codeigniter4\framework\system\CodeIgniter.php(436): CodeIgniter\CodeIgniter->runController(Object(App\Controllers\Post))
#7 C:\xampp\htdocs\Fira CMS\vendor\codeigniter4\framework\system\CodeIgniter.php(336): CodeIgniter\CodeIgniter->handleRequest(NULL, Object(Config\Cache), false)
#8 C:\xampp\htdocs\Fira CMS\public\index.php(37): CodeIgniter\CodeIgniter->run()
#9 C:\xampp\htdocs\Fira CMS\vendor\codeigniter4\framework\system\Commands\Server\rewrite.php(45): require_once('C:\\xampp\\htdocs...')
#10 {main}
CRITICAL - 2021-08-31 09:35:34 --> Undefined variable $currentPage
#0 C:\xampp\htdocs\Fira CMS\app\Views\article\read.php(102): CodeIgniter\Debug\Exceptions->errorHandler(2, 'Undefined varia...', 'C:\\xampp\\htdocs...', 102)
#1 C:\xampp\htdocs\Fira CMS\vendor\codeigniter4\framework\system\View\View.php(230): include('C:\\xampp\\htdocs...')
#2 C:\xampp\htdocs\Fira CMS\vendor\codeigniter4\framework\system\View\View.php(232): CodeIgniter\View\View->CodeIgniter\View\{closure}()
#3 C:\xampp\htdocs\Fira CMS\vendor\codeigniter4\framework\system\Common.php(1271): CodeIgniter\View\View->render('/article/read', Array, true)
#4 C:\xampp\htdocs\Fira CMS\app\Controllers\Post.php(79): view('/article/read', Array)
#5 C:\xampp\htdocs\Fira CMS\vendor\codeigniter4\framework\system\CodeIgniter.php(928): App\Controllers\Post->read('facts-about-bus...')
#6 C:\xampp\htdocs\Fira CMS\vendor\codeigniter4\framework\system\CodeIgniter.php(436): CodeIgniter\CodeIgniter->runController(Object(App\Controllers\Post))
#7 C:\xampp\htdocs\Fira CMS\vendor\codeigniter4\framework\system\CodeIgniter.php(336): CodeIgniter\CodeIgniter->handleRequest(NULL, Object(Config\Cache), false)
#8 C:\xampp\htdocs\Fira CMS\public\index.php(37): CodeIgniter\CodeIgniter->run()
#9 C:\xampp\htdocs\Fira CMS\vendor\codeigniter4\framework\system\Commands\Server\rewrite.php(45): require_once('C:\\xampp\\htdocs...')
#10 {main}
CRITICAL - 2021-08-31 09:36:11 --> Undefined variable $popular
#0 C:\xampp\htdocs\Fira CMS\app\Views\article\read.php(103): CodeIgniter\Debug\Exceptions->errorHandler(2, 'Undefined varia...', 'C:\\xampp\\htdocs...', 103)
#1 C:\xampp\htdocs\Fira CMS\vendor\codeigniter4\framework\system\View\View.php(230): include('C:\\xampp\\htdocs...')
#2 C:\xampp\htdocs\Fira CMS\vendor\codeigniter4\framework\system\View\View.php(232): CodeIgniter\View\View->CodeIgniter\View\{closure}()
#3 C:\xampp\htdocs\Fira CMS\vendor\codeigniter4\framework\system\Common.php(1271): CodeIgniter\View\View->render('/article/read', Array, true)
#4 C:\xampp\htdocs\Fira CMS\app\Controllers\Post.php(79): view('/article/read', Array)
#5 C:\xampp\htdocs\Fira CMS\vendor\codeigniter4\framework\system\CodeIgniter.php(928): App\Controllers\Post->read('facts-about-bus...')
#6 C:\xampp\htdocs\Fira CMS\vendor\codeigniter4\framework\system\CodeIgniter.php(436): CodeIgniter\CodeIgniter->runController(Object(App\Controllers\Post))
#7 C:\xampp\htdocs\Fira CMS\vendor\codeigniter4\framework\system\CodeIgniter.php(336): CodeIgniter\CodeIgniter->handleRequest(NULL, Object(Config\Cache), false)
#8 C:\xampp\htdocs\Fira CMS\public\index.php(37): CodeIgniter\CodeIgniter->run()
#9 C:\xampp\htdocs\Fira CMS\vendor\codeigniter4\framework\system\Commands\Server\rewrite.php(45): require_once('C:\\xampp\\htdocs...')
#10 {main}
CRITICAL - 2021-08-31 09:38:53 --> Undefined variable $celebration
#0 C:\xampp\htdocs\Fira CMS\app\Views\article\read.php(148): CodeIgniter\Debug\Exceptions->errorHandler(2, 'Undefined varia...', 'C:\\xampp\\htdocs...', 148)
#1 C:\xampp\htdocs\Fira CMS\vendor\codeigniter4\framework\system\View\View.php(230): include('C:\\xampp\\htdocs...')
#2 C:\xampp\htdocs\Fira CMS\vendor\codeigniter4\framework\system\View\View.php(232): CodeIgniter\View\View->CodeIgniter\View\{closure}()
#3 C:\xampp\htdocs\Fira CMS\vendor\codeigniter4\framework\system\Common.php(1271): CodeIgniter\View\View->render('/article/read', Array, true)
#4 C:\xampp\htdocs\Fira CMS\app\Controllers\Post.php(90): view('/article/read', Array)
#5 C:\xampp\htdocs\Fira CMS\vendor\codeigniter4\framework\system\CodeIgniter.php(928): App\Controllers\Post->read('facts-about-bus...')
#6 C:\xampp\htdocs\Fira CMS\vendor\codeigniter4\framework\system\CodeIgniter.php(436): CodeIgniter\CodeIgniter->runController(Object(App\Controllers\Post))
#7 C:\xampp\htdocs\Fira CMS\vendor\codeigniter4\framework\system\CodeIgniter.php(336): CodeIgniter\CodeIgniter->handleRequest(NULL, Object(Config\Cache), false)
#8 C:\xampp\htdocs\Fira CMS\public\index.php(37): CodeIgniter\CodeIgniter->run()
#9 C:\xampp\htdocs\Fira CMS\vendor\codeigniter4\framework\system\Commands\Server\rewrite.php(45): require_once('C:\\xampp\\htdocs...')
#10 {main}
CRITICAL - 2021-08-31 09:43:21 --> Cannot declare class App\Controllers\Post, because the name is already in use
#0 [internal function]: CodeIgniter\Debug\Exceptions->shutdownHandler()
#1 {main}
CRITICAL - 2021-08-31 09:52:07 --> Undefined variable $no
#0 C:\xampp\htdocs\Fira CMS\app\Views\article\inspiration.php(294): CodeIgniter\Debug\Exceptions->errorHandler(2, 'Undefined varia...', 'C:\\xampp\\htdocs...', 294)
#1 C:\xampp\htdocs\Fira CMS\vendor\codeigniter4\framework\system\View\View.php(230): include('C:\\xampp\\htdocs...')
#2 C:\xampp\htdocs\Fira CMS\vendor\codeigniter4\framework\system\View\View.php(232): CodeIgniter\View\View->CodeIgniter\View\{closure}()
#3 C:\xampp\htdocs\Fira CMS\vendor\codeigniter4\framework\system\Common.php(1271): CodeIgniter\View\View->render('/article/inspir...', Array, true)
#4 C:\xampp\htdocs\Fira CMS\app\Controllers\Inspiration.php(55): view('/article/inspir...', Array)
#5 C:\xampp\htdocs\Fira CMS\vendor\codeigniter4\framework\system\CodeIgniter.php(928): App\Controllers\Inspiration->index()
#6 C:\xampp\htdocs\Fira CMS\vendor\codeigniter4\framework\system\CodeIgniter.php(436): CodeIgniter\CodeIgniter->runController(Object(App\Controllers\Inspiration))
#7 C:\xampp\htdocs\Fira CMS\vendor\codeigniter4\framework\system\CodeIgniter.php(336): CodeIgniter\CodeIgniter->handleRequest(NULL, Object(Config\Cache), false)
#8 C:\xampp\htdocs\Fira CMS\public\index.php(37): CodeIgniter\CodeIgniter->run()
#9 C:\xampp\htdocs\Fira CMS\vendor\codeigniter4\framework\system\Commands\Server\rewrite.php(45): require_once('C:\\xampp\\htdocs...')
#10 {main}
CRITICAL - 2021-08-31 09:59:22 --> Undefined variable $inspiration_l
#0 C:\xampp\htdocs\Fira CMS\app\Views\article\lifestyle.php(187): CodeIgniter\Debug\Exceptions->errorHandler(2, 'Undefined varia...', 'C:\\xampp\\htdocs...', 187)
#1 C:\xampp\htdocs\Fira CMS\vendor\codeigniter4\framework\system\View\View.php(230): include('C:\\xampp\\htdocs...')
#2 C:\xampp\htdocs\Fira CMS\vendor\codeigniter4\framework\system\View\View.php(232): CodeIgniter\View\View->CodeIgniter\View\{closure}()
#3 C:\xampp\htdocs\Fira CMS\vendor\codeigniter4\framework\system\Common.php(1271): CodeIgniter\View\View->render('/article/lifest...', Array, true)
#4 C:\xampp\htdocs\Fira CMS\app\Controllers\Lifestyle.php(51): view('/article/lifest...', Array)
#5 C:\xampp\htdocs\Fira CMS\vendor\codeigniter4\framework\system\CodeIgniter.php(928): App\Controllers\Lifestyle->index()
#6 C:\xampp\htdocs\Fira CMS\vendor\codeigniter4\framework\system\CodeIgniter.php(436): CodeIgniter\CodeIgniter->runController(Object(App\Controllers\Lifestyle))
#7 C:\xampp\htdocs\Fira CMS\vendor\codeigniter4\framework\system\CodeIgniter.php(336): CodeIgniter\CodeIgniter->handleRequest(NULL, Object(Config\Cache), false)
#8 C:\xampp\htdocs\Fira CMS\public\index.php(37): CodeIgniter\CodeIgniter->run()
#9 C:\xampp\htdocs\Fira CMS\vendor\codeigniter4\framework\system\Commands\Server\rewrite.php(45): require_once('C:\\xampp\\htdocs...')
#10 {main}
CRITICAL - 2021-08-31 10:50:34 --> Undefined constant "logged_in"
#0 C:\xampp\htdocs\Fira CMS\vendor\codeigniter4\framework\system\View\View.php(230): include()
#1 C:\xampp\htdocs\Fira CMS\vendor\codeigniter4\framework\system\View\View.php(232): CodeIgniter\View\View->CodeIgniter\View\{closure}()
#2 C:\xampp\htdocs\Fira CMS\vendor\codeigniter4\framework\system\View\View.php(246): CodeIgniter\View\View->render('layout/article', Array, true)
#3 C:\xampp\htdocs\Fira CMS\vendor\codeigniter4\framework\system\Common.php(1271): CodeIgniter\View\View->render('/article/index', Array, true)
#4 C:\xampp\htdocs\Fira CMS\app\Controllers\Post.php(56): view('/article/index', Array)
#5 C:\xampp\htdocs\Fira CMS\vendor\codeigniter4\framework\system\CodeIgniter.php(928): App\Controllers\Post->index()
#6 C:\xampp\htdocs\Fira CMS\vendor\codeigniter4\framework\system\CodeIgniter.php(436): CodeIgniter\CodeIgniter->runController(Object(App\Controllers\Post))
#7 C:\xampp\htdocs\Fira CMS\vendor\codeigniter4\framework\system\CodeIgniter.php(336): CodeIgniter\CodeIgniter->handleRequest(NULL, Object(Config\Cache), false)
#8 C:\xampp\htdocs\Fira CMS\public\index.php(37): CodeIgniter\CodeIgniter->run()
#9 C:\xampp\htdocs\Fira CMS\vendor\codeigniter4\framework\system\Commands\Server\rewrite.php(45): require_once('C:\\xampp\\htdocs...')
#10 {main}
CRITICAL - 2021-08-31 10:51:01 --> Undefined constant "logged_in"
#0 C:\xampp\htdocs\Fira CMS\vendor\codeigniter4\framework\system\View\View.php(230): include()
#1 C:\xampp\htdocs\Fira CMS\vendor\codeigniter4\framework\system\View\View.php(232): CodeIgniter\View\View->CodeIgniter\View\{closure}()
#2 C:\xampp\htdocs\Fira CMS\vendor\codeigniter4\framework\system\View\View.php(246): CodeIgniter\View\View->render('layout/article', Array, true)
#3 C:\xampp\htdocs\Fira CMS\vendor\codeigniter4\framework\system\Common.php(1271): CodeIgniter\View\View->render('/article/index', Array, true)
#4 C:\xampp\htdocs\Fira CMS\app\Controllers\Post.php(56): view('/article/index', Array)
#5 C:\xampp\htdocs\Fira CMS\vendor\codeigniter4\framework\system\CodeIgniter.php(928): App\Controllers\Post->index()
#6 C:\xampp\htdocs\Fira CMS\vendor\codeigniter4\framework\system\CodeIgniter.php(436): CodeIgniter\CodeIgniter->runController(Object(App\Controllers\Post))
#7 C:\xampp\htdocs\Fira CMS\vendor\codeigniter4\framework\system\CodeIgniter.php(336): CodeIgniter\CodeIgniter->handleRequest(NULL, Object(Config\Cache), false)
#8 C:\xampp\htdocs\Fira CMS\public\index.php(37): CodeIgniter\CodeIgniter->run()
#9 C:\xampp\htdocs\Fira CMS\vendor\codeigniter4\framework\system\Commands\Server\rewrite.php(45): require_once('C:\\xampp\\htdocs...')
#10 {main}
