CRITICAL - 2021-08-24 08:13:32 --> Attempt to read property "user_image" on null
#0 C:\xampp\htdocs\ykadonline\app\Views\layout\template.php(38): CodeIgniter\Debug\Exceptions->errorHandler(2, 'Attempt to read...', 'C:\\xampp\\htdocs...', 38)
#1 C:\xampp\htdocs\ykadonline\vendor\codeigniter4\framework\system\View\View.php(230): include('C:\\xampp\\htdocs...')
#2 C:\xampp\htdocs\ykadonline\vendor\codeigniter4\framework\system\View\View.php(232): CodeIgniter\View\View->CodeIgniter\View\{closure}()
#3 C:\xampp\htdocs\ykadonline\vendor\codeigniter4\framework\system\View\View.php(246): CodeIgniter\View\View->render('layout/template', Array, true)
#4 C:\xampp\htdocs\ykadonline\vendor\codeigniter4\framework\system\Common.php(1271): CodeIgniter\View\View->render('dashboard/index', Array, true)
#5 C:\xampp\htdocs\ykadonline\app\Controllers\Dashboard.php(25): view('dashboard/index', Array)
#6 C:\xampp\htdocs\ykadonline\vendor\codeigniter4\framework\system\CodeIgniter.php(928): App\Controllers\Dashboard->index()
#7 C:\xampp\htdocs\ykadonline\vendor\codeigniter4\framework\system\CodeIgniter.php(436): CodeIgniter\CodeIgniter->runController(Object(App\Controllers\Dashboard))
#8 C:\xampp\htdocs\ykadonline\vendor\codeigniter4\framework\system\CodeIgniter.php(336): CodeIgniter\CodeIgniter->handleRequest(NULL, Object(Config\Cache), false)
#9 C:\xampp\htdocs\ykadonline\public\index.php(37): CodeIgniter\CodeIgniter->run()
#10 C:\xampp\htdocs\ykadonline\vendor\codeigniter4\framework\system\Commands\Server\rewrite.php(45): require_once('C:\\xampp\\htdocs...')
#11 {main}
CRITICAL - 2021-08-24 08:13:46 --> Attempt to read property "user_image" on null
#0 C:\xampp\htdocs\ykadonline\app\Views\layout\template.php(38): CodeIgniter\Debug\Exceptions->errorHandler(2, 'Attempt to read...', 'C:\\xampp\\htdocs...', 38)
#1 C:\xampp\htdocs\ykadonline\vendor\codeigniter4\framework\system\View\View.php(230): include('C:\\xampp\\htdocs...')
#2 C:\xampp\htdocs\ykadonline\vendor\codeigniter4\framework\system\View\View.php(232): CodeIgniter\View\View->CodeIgniter\View\{closure}()
#3 C:\xampp\htdocs\ykadonline\vendor\codeigniter4\framework\system\View\View.php(246): CodeIgniter\View\View->render('layout/template', Array, true)
#4 C:\xampp\htdocs\ykadonline\vendor\codeigniter4\framework\system\Common.php(1271): CodeIgniter\View\View->render('dashboard/index', Array, true)
#5 C:\xampp\htdocs\ykadonline\app\Controllers\Dashboard.php(25): view('dashboard/index', Array)
#6 C:\xampp\htdocs\ykadonline\vendor\codeigniter4\framework\system\CodeIgniter.php(928): App\Controllers\Dashboard->index()
#7 C:\xampp\htdocs\ykadonline\vendor\codeigniter4\framework\system\CodeIgniter.php(436): CodeIgniter\CodeIgniter->runController(Object(App\Controllers\Dashboard))
#8 C:\xampp\htdocs\ykadonline\vendor\codeigniter4\framework\system\CodeIgniter.php(336): CodeIgniter\CodeIgniter->handleRequest(NULL, Object(Config\Cache), false)
#9 C:\xampp\htdocs\ykadonline\public\index.php(37): CodeIgniter\CodeIgniter->run()
#10 C:\xampp\htdocs\ykadonline\vendor\codeigniter4\framework\system\Commands\Server\rewrite.php(45): require_once('C:\\xampp\\htdocs...')
#11 {main}
CRITICAL - 2021-08-24 08:17:09 --> Attempt to read property "user_image" on null
#0 C:\xampp\htdocs\ykadonline\app\Views\layout\template.php(38): CodeIgniter\Debug\Exceptions->errorHandler(2, 'Attempt to read...', 'C:\\xampp\\htdocs...', 38)
#1 C:\xampp\htdocs\ykadonline\vendor\codeigniter4\framework\system\View\View.php(230): include('C:\\xampp\\htdocs...')
#2 C:\xampp\htdocs\ykadonline\vendor\codeigniter4\framework\system\View\View.php(232): CodeIgniter\View\View->CodeIgniter\View\{closure}()
#3 C:\xampp\htdocs\ykadonline\vendor\codeigniter4\framework\system\View\View.php(246): CodeIgniter\View\View->render('layout/template', Array, true)
#4 C:\xampp\htdocs\ykadonline\vendor\codeigniter4\framework\system\Common.php(1271): CodeIgniter\View\View->render('dashboard/index', Array, true)
#5 C:\xampp\htdocs\ykadonline\app\Controllers\Dashboard.php(25): view('dashboard/index', Array)
#6 C:\xampp\htdocs\ykadonline\vendor\codeigniter4\framework\system\CodeIgniter.php(928): App\Controllers\Dashboard->index()
#7 C:\xampp\htdocs\ykadonline\vendor\codeigniter4\framework\system\CodeIgniter.php(436): CodeIgniter\CodeIgniter->runController(Object(App\Controllers\Dashboard))
#8 C:\xampp\htdocs\ykadonline\vendor\codeigniter4\framework\system\CodeIgniter.php(336): CodeIgniter\CodeIgniter->handleRequest(NULL, Object(Config\Cache), false)
#9 C:\xampp\htdocs\ykadonline\public\index.php(37): CodeIgniter\CodeIgniter->run()
#10 C:\xampp\htdocs\ykadonline\vendor\codeigniter4\framework\system\Commands\Server\rewrite.php(45): require_once('C:\\xampp\\htdocs...')
#11 {main}
CRITICAL - 2021-08-24 08:20:08 --> You do not have sufficient permissions to access that page.
#0 C:\xampp\htdocs\ykadonline\vendor\codeigniter4\framework\system\Filters\Filters.php(181): Myth\Auth\Filters\RoleFilter->before(Object(CodeIgniter\HTTP\IncomingRequest), Array)
#1 C:\xampp\htdocs\ykadonline\vendor\codeigniter4\framework\system\CodeIgniter.php(407): CodeIgniter\Filters\Filters->run('dashboard/creat...', 'before')
#2 C:\xampp\htdocs\ykadonline\vendor\codeigniter4\framework\system\CodeIgniter.php(336): CodeIgniter\CodeIgniter->handleRequest(NULL, Object(Config\Cache), false)
#3 C:\xampp\htdocs\ykadonline\public\index.php(37): CodeIgniter\CodeIgniter->run()
#4 C:\xampp\htdocs\ykadonline\vendor\codeigniter4\framework\system\Commands\Server\rewrite.php(45): require_once('C:\\xampp\\htdocs...')
#5 {main}
CRITICAL - 2021-08-24 08:23:05 --> You do not have sufficient permissions to access that page.
#0 C:\xampp\htdocs\ykadonline\vendor\codeigniter4\framework\system\Filters\Filters.php(181): Myth\Auth\Filters\RoleFilter->before(Object(CodeIgniter\HTTP\IncomingRequest), Array)
#1 C:\xampp\htdocs\ykadonline\vendor\codeigniter4\framework\system\CodeIgniter.php(407): CodeIgniter\Filters\Filters->run('dashboard/creat...', 'before')
#2 C:\xampp\htdocs\ykadonline\vendor\codeigniter4\framework\system\CodeIgniter.php(336): CodeIgniter\CodeIgniter->handleRequest(NULL, Object(Config\Cache), false)
#3 C:\xampp\htdocs\ykadonline\public\index.php(37): CodeIgniter\CodeIgniter->run()
#4 C:\xampp\htdocs\ykadonline\vendor\codeigniter4\framework\system\Commands\Server\rewrite.php(45): require_once('C:\\xampp\\htdocs...')
#5 {main}
CRITICAL - 2021-08-24 08:56:35 --> Call to undefined method CodeIgniter\Database\MySQLi\Builder::countAllResult()
#0 C:\xampp\htdocs\ykadonline\vendor\codeigniter4\framework\system\CodeIgniter.php(928): App\Controllers\Dashboard->index()
#1 C:\xampp\htdocs\ykadonline\vendor\codeigniter4\framework\system\CodeIgniter.php(436): CodeIgniter\CodeIgniter->runController(Object(App\Controllers\Dashboard))
#2 C:\xampp\htdocs\ykadonline\vendor\codeigniter4\framework\system\CodeIgniter.php(336): CodeIgniter\CodeIgniter->handleRequest(NULL, Object(Config\Cache), false)
#3 C:\xampp\htdocs\ykadonline\public\index.php(37): CodeIgniter\CodeIgniter->run()
#4 C:\xampp\htdocs\ykadonline\vendor\codeigniter4\framework\system\Commands\Server\rewrite.php(45): require_once('C:\\xampp\\htdocs...')
#5 {main}
CRITICAL - 2021-08-24 08:58:23 --> Call to undefined method CodeIgniter\Database\MySQLi\Builder::countAllResult()
#0 C:\xampp\htdocs\ykadonline\vendor\codeigniter4\framework\system\CodeIgniter.php(928): App\Controllers\Dashboard->index()
#1 C:\xampp\htdocs\ykadonline\vendor\codeigniter4\framework\system\CodeIgniter.php(436): CodeIgniter\CodeIgniter->runController(Object(App\Controllers\Dashboard))
#2 C:\xampp\htdocs\ykadonline\vendor\codeigniter4\framework\system\CodeIgniter.php(336): CodeIgniter\CodeIgniter->handleRequest(NULL, Object(Config\Cache), false)
#3 C:\xampp\htdocs\ykadonline\public\index.php(37): CodeIgniter\CodeIgniter->run()
#4 C:\xampp\htdocs\ykadonline\vendor\codeigniter4\framework\system\Commands\Server\rewrite.php(45): require_once('C:\\xampp\\htdocs...')
#5 {main}
CRITICAL - 2021-08-24 09:02:34 --> Trying to access array offset on value of type int
#0 C:\xampp\htdocs\ykadonline\app\Views\dashboard\index.php(37): CodeIgniter\Debug\Exceptions->errorHandler(2, 'Trying to acces...', 'C:\\xampp\\htdocs...', 37)
#1 C:\xampp\htdocs\ykadonline\vendor\codeigniter4\framework\system\View\View.php(230): include('C:\\xampp\\htdocs...')
#2 C:\xampp\htdocs\ykadonline\vendor\codeigniter4\framework\system\View\View.php(232): CodeIgniter\View\View->CodeIgniter\View\{closure}()
#3 C:\xampp\htdocs\ykadonline\vendor\codeigniter4\framework\system\Common.php(1271): CodeIgniter\View\View->render('dashboard/index', Array, true)
#4 C:\xampp\htdocs\ykadonline\app\Controllers\Dashboard.php(29): view('dashboard/index', Array)
#5 C:\xampp\htdocs\ykadonline\vendor\codeigniter4\framework\system\CodeIgniter.php(928): App\Controllers\Dashboard->index()
#6 C:\xampp\htdocs\ykadonline\vendor\codeigniter4\framework\system\CodeIgniter.php(436): CodeIgniter\CodeIgniter->runController(Object(App\Controllers\Dashboard))
#7 C:\xampp\htdocs\ykadonline\vendor\codeigniter4\framework\system\CodeIgniter.php(336): CodeIgniter\CodeIgniter->handleRequest(NULL, Object(Config\Cache), false)
#8 C:\xampp\htdocs\ykadonline\public\index.php(37): CodeIgniter\CodeIgniter->run()
#9 C:\xampp\htdocs\ykadonline\vendor\codeigniter4\framework\system\Commands\Server\rewrite.php(45): require_once('C:\\xampp\\htdocs...')
#10 {main}
CRITICAL - 2021-08-24 09:02:48 --> Undefined variable $article
#0 C:\xampp\htdocs\ykadonline\app\Views\dashboard\index.php(37): CodeIgniter\Debug\Exceptions->errorHandler(2, 'Undefined varia...', 'C:\\xampp\\htdocs...', 37)
#1 C:\xampp\htdocs\ykadonline\vendor\codeigniter4\framework\system\View\View.php(230): include('C:\\xampp\\htdocs...')
#2 C:\xampp\htdocs\ykadonline\vendor\codeigniter4\framework\system\View\View.php(232): CodeIgniter\View\View->CodeIgniter\View\{closure}()
#3 C:\xampp\htdocs\ykadonline\vendor\codeigniter4\framework\system\Common.php(1271): CodeIgniter\View\View->render('dashboard/index', Array, true)
#4 C:\xampp\htdocs\ykadonline\app\Controllers\Dashboard.php(29): view('dashboard/index', Array)
#5 C:\xampp\htdocs\ykadonline\vendor\codeigniter4\framework\system\CodeIgniter.php(928): App\Controllers\Dashboard->index()
#6 C:\xampp\htdocs\ykadonline\vendor\codeigniter4\framework\system\CodeIgniter.php(436): CodeIgniter\CodeIgniter->runController(Object(App\Controllers\Dashboard))
#7 C:\xampp\htdocs\ykadonline\vendor\codeigniter4\framework\system\CodeIgniter.php(336): CodeIgniter\CodeIgniter->handleRequest(NULL, Object(Config\Cache), false)
#8 C:\xampp\htdocs\ykadonline\public\index.php(37): CodeIgniter\CodeIgniter->run()
#9 C:\xampp\htdocs\ykadonline\vendor\codeigniter4\framework\system\Commands\Server\rewrite.php(45): require_once('C:\\xampp\\htdocs...')
#10 {main}
CRITICAL - 2021-08-24 09:04:00 --> Undefined variable $article
#0 C:\xampp\htdocs\ykadonline\app\Views\dashboard\index.php(37): CodeIgniter\Debug\Exceptions->errorHandler(2, 'Undefined varia...', 'C:\\xampp\\htdocs...', 37)
#1 C:\xampp\htdocs\ykadonline\vendor\codeigniter4\framework\system\View\View.php(230): include('C:\\xampp\\htdocs...')
#2 C:\xampp\htdocs\ykadonline\vendor\codeigniter4\framework\system\View\View.php(232): CodeIgniter\View\View->CodeIgniter\View\{closure}()
#3 C:\xampp\htdocs\ykadonline\vendor\codeigniter4\framework\system\Common.php(1271): CodeIgniter\View\View->render('dashboard/index', Array, true)
#4 C:\xampp\htdocs\ykadonline\app\Controllers\Dashboard.php(29): view('dashboard/index', Array)
#5 C:\xampp\htdocs\ykadonline\vendor\codeigniter4\framework\system\CodeIgniter.php(928): App\Controllers\Dashboard->index()
#6 C:\xampp\htdocs\ykadonline\vendor\codeigniter4\framework\system\CodeIgniter.php(436): CodeIgniter\CodeIgniter->runController(Object(App\Controllers\Dashboard))
#7 C:\xampp\htdocs\ykadonline\vendor\codeigniter4\framework\system\CodeIgniter.php(336): CodeIgniter\CodeIgniter->handleRequest(NULL, Object(Config\Cache), false)
#8 C:\xampp\htdocs\ykadonline\public\index.php(37): CodeIgniter\CodeIgniter->run()
#9 C:\xampp\htdocs\ykadonline\vendor\codeigniter4\framework\system\Commands\Server\rewrite.php(45): require_once('C:\\xampp\\htdocs...')
#10 {main}
CRITICAL - 2021-08-24 09:05:25 --> Undefined variable $article
#0 C:\xampp\htdocs\ykadonline\app\Views\dashboard\index.php(37): CodeIgniter\Debug\Exceptions->errorHandler(2, 'Undefined varia...', 'C:\\xampp\\htdocs...', 37)
#1 C:\xampp\htdocs\ykadonline\vendor\codeigniter4\framework\system\View\View.php(230): include('C:\\xampp\\htdocs...')
#2 C:\xampp\htdocs\ykadonline\vendor\codeigniter4\framework\system\View\View.php(232): CodeIgniter\View\View->CodeIgniter\View\{closure}()
#3 C:\xampp\htdocs\ykadonline\vendor\codeigniter4\framework\system\Common.php(1271): CodeIgniter\View\View->render('dashboard/index', Array, true)
#4 C:\xampp\htdocs\ykadonline\app\Controllers\Dashboard.php(29): view('dashboard/index', Array)
#5 C:\xampp\htdocs\ykadonline\vendor\codeigniter4\framework\system\CodeIgniter.php(928): App\Controllers\Dashboard->index()
#6 C:\xampp\htdocs\ykadonline\vendor\codeigniter4\framework\system\CodeIgniter.php(436): CodeIgniter\CodeIgniter->runController(Object(App\Controllers\Dashboard))
#7 C:\xampp\htdocs\ykadonline\vendor\codeigniter4\framework\system\CodeIgniter.php(336): CodeIgniter\CodeIgniter->handleRequest(NULL, Object(Config\Cache), false)
#8 C:\xampp\htdocs\ykadonline\public\index.php(37): CodeIgniter\CodeIgniter->run()
#9 C:\xampp\htdocs\ykadonline\vendor\codeigniter4\framework\system\Commands\Server\rewrite.php(45): require_once('C:\\xampp\\htdocs...')
#10 {main}
CRITICAL - 2021-08-24 09:08:01 --> foreach() argument must be of type array|object, int given
#0 C:\xampp\htdocs\ykadonline\app\Views\dashboard\index.php(37): CodeIgniter\Debug\Exceptions->errorHandler(2, 'foreach() argum...', 'C:\\xampp\\htdocs...', 37)
#1 C:\xampp\htdocs\ykadonline\vendor\codeigniter4\framework\system\View\View.php(230): include('C:\\xampp\\htdocs...')
#2 C:\xampp\htdocs\ykadonline\vendor\codeigniter4\framework\system\View\View.php(232): CodeIgniter\View\View->CodeIgniter\View\{closure}()
#3 C:\xampp\htdocs\ykadonline\vendor\codeigniter4\framework\system\Common.php(1271): CodeIgniter\View\View->render('dashboard/index', Array, true)
#4 C:\xampp\htdocs\ykadonline\app\Controllers\Dashboard.php(29): view('dashboard/index', Array)
#5 C:\xampp\htdocs\ykadonline\vendor\codeigniter4\framework\system\CodeIgniter.php(928): App\Controllers\Dashboard->index()
#6 C:\xampp\htdocs\ykadonline\vendor\codeigniter4\framework\system\CodeIgniter.php(436): CodeIgniter\CodeIgniter->runController(Object(App\Controllers\Dashboard))
#7 C:\xampp\htdocs\ykadonline\vendor\codeigniter4\framework\system\CodeIgniter.php(336): CodeIgniter\CodeIgniter->handleRequest(NULL, Object(Config\Cache), false)
#8 C:\xampp\htdocs\ykadonline\public\index.php(37): CodeIgniter\CodeIgniter->run()
#9 C:\xampp\htdocs\ykadonline\vendor\codeigniter4\framework\system\Commands\Server\rewrite.php(45): require_once('C:\\xampp\\htdocs...')
#10 {main}
CRITICAL - 2021-08-24 09:08:19 --> foreach() argument must be of type array|object, int given
#0 C:\xampp\htdocs\ykadonline\app\Views\dashboard\index.php(37): CodeIgniter\Debug\Exceptions->errorHandler(2, 'foreach() argum...', 'C:\\xampp\\htdocs...', 37)
#1 C:\xampp\htdocs\ykadonline\vendor\codeigniter4\framework\system\View\View.php(230): include('C:\\xampp\\htdocs...')
#2 C:\xampp\htdocs\ykadonline\vendor\codeigniter4\framework\system\View\View.php(232): CodeIgniter\View\View->CodeIgniter\View\{closure}()
#3 C:\xampp\htdocs\ykadonline\vendor\codeigniter4\framework\system\Common.php(1271): CodeIgniter\View\View->render('dashboard/index', Array, true)
#4 C:\xampp\htdocs\ykadonline\app\Controllers\Dashboard.php(29): view('dashboard/index', Array)
#5 C:\xampp\htdocs\ykadonline\vendor\codeigniter4\framework\system\CodeIgniter.php(928): App\Controllers\Dashboard->index()
#6 C:\xampp\htdocs\ykadonline\vendor\codeigniter4\framework\system\CodeIgniter.php(436): CodeIgniter\CodeIgniter->runController(Object(App\Controllers\Dashboard))
#7 C:\xampp\htdocs\ykadonline\vendor\codeigniter4\framework\system\CodeIgniter.php(336): CodeIgniter\CodeIgniter->handleRequest(NULL, Object(Config\Cache), false)
#8 C:\xampp\htdocs\ykadonline\public\index.php(37): CodeIgniter\CodeIgniter->run()
#9 C:\xampp\htdocs\ykadonline\vendor\codeigniter4\framework\system\Commands\Server\rewrite.php(45): require_once('C:\\xampp\\htdocs...')
#10 {main}
CRITICAL - 2021-08-24 09:13:03 --> foreach() argument must be of type array|object, int given
#0 C:\xampp\htdocs\ykadonline\app\Views\dashboard\index.php(37): CodeIgniter\Debug\Exceptions->errorHandler(2, 'foreach() argum...', 'C:\\xampp\\htdocs...', 37)
#1 C:\xampp\htdocs\ykadonline\vendor\codeigniter4\framework\system\View\View.php(230): include('C:\\xampp\\htdocs...')
#2 C:\xampp\htdocs\ykadonline\vendor\codeigniter4\framework\system\View\View.php(232): CodeIgniter\View\View->CodeIgniter\View\{closure}()
#3 C:\xampp\htdocs\ykadonline\vendor\codeigniter4\framework\system\Common.php(1271): CodeIgniter\View\View->render('dashboard/index', Array, true)
#4 C:\xampp\htdocs\ykadonline\app\Controllers\Dashboard.php(29): view('dashboard/index', Array)
#5 C:\xampp\htdocs\ykadonline\vendor\codeigniter4\framework\system\CodeIgniter.php(928): App\Controllers\Dashboard->index()
#6 C:\xampp\htdocs\ykadonline\vendor\codeigniter4\framework\system\CodeIgniter.php(436): CodeIgniter\CodeIgniter->runController(Object(App\Controllers\Dashboard))
#7 C:\xampp\htdocs\ykadonline\vendor\codeigniter4\framework\system\CodeIgniter.php(336): CodeIgniter\CodeIgniter->handleRequest(NULL, Object(Config\Cache), false)
#8 C:\xampp\htdocs\ykadonline\public\index.php(37): CodeIgniter\CodeIgniter->run()
#9 C:\xampp\htdocs\ykadonline\vendor\codeigniter4\framework\system\Commands\Server\rewrite.php(45): require_once('C:\\xampp\\htdocs...')
#10 {main}
CRITICAL - 2021-08-24 09:13:32 --> foreach() argument must be of type array|object, int given
#0 C:\xampp\htdocs\ykadonline\app\Views\dashboard\index.php(37): CodeIgniter\Debug\Exceptions->errorHandler(2, 'foreach() argum...', 'C:\\xampp\\htdocs...', 37)
#1 C:\xampp\htdocs\ykadonline\vendor\codeigniter4\framework\system\View\View.php(230): include('C:\\xampp\\htdocs...')
#2 C:\xampp\htdocs\ykadonline\vendor\codeigniter4\framework\system\View\View.php(232): CodeIgniter\View\View->CodeIgniter\View\{closure}()
#3 C:\xampp\htdocs\ykadonline\vendor\codeigniter4\framework\system\Common.php(1271): CodeIgniter\View\View->render('dashboard/index', Array, true)
#4 C:\xampp\htdocs\ykadonline\app\Controllers\Dashboard.php(29): view('dashboard/index', Array)
#5 C:\xampp\htdocs\ykadonline\vendor\codeigniter4\framework\system\CodeIgniter.php(928): App\Controllers\Dashboard->index()
#6 C:\xampp\htdocs\ykadonline\vendor\codeigniter4\framework\system\CodeIgniter.php(436): CodeIgniter\CodeIgniter->runController(Object(App\Controllers\Dashboard))
#7 C:\xampp\htdocs\ykadonline\vendor\codeigniter4\framework\system\CodeIgniter.php(336): CodeIgniter\CodeIgniter->handleRequest(NULL, Object(Config\Cache), false)
#8 C:\xampp\htdocs\ykadonline\public\index.php(37): CodeIgniter\CodeIgniter->run()
#9 C:\xampp\htdocs\ykadonline\vendor\codeigniter4\framework\system\Commands\Server\rewrite.php(45): require_once('C:\\xampp\\htdocs...')
#10 {main}
CRITICAL - 2021-08-24 09:13:57 --> Undefined variable $data
#0 C:\xampp\htdocs\ykadonline\app\Views\dashboard\index.php(37): CodeIgniter\Debug\Exceptions->errorHandler(2, 'Undefined varia...', 'C:\\xampp\\htdocs...', 37)
#1 C:\xampp\htdocs\ykadonline\vendor\codeigniter4\framework\system\View\View.php(230): include('C:\\xampp\\htdocs...')
#2 C:\xampp\htdocs\ykadonline\vendor\codeigniter4\framework\system\View\View.php(232): CodeIgniter\View\View->CodeIgniter\View\{closure}()
#3 C:\xampp\htdocs\ykadonline\vendor\codeigniter4\framework\system\Common.php(1271): CodeIgniter\View\View->render('dashboard/index', Array, true)
#4 C:\xampp\htdocs\ykadonline\app\Controllers\Dashboard.php(29): view('dashboard/index', Array)
#5 C:\xampp\htdocs\ykadonline\vendor\codeigniter4\framework\system\CodeIgniter.php(928): App\Controllers\Dashboard->index()
#6 C:\xampp\htdocs\ykadonline\vendor\codeigniter4\framework\system\CodeIgniter.php(436): CodeIgniter\CodeIgniter->runController(Object(App\Controllers\Dashboard))
#7 C:\xampp\htdocs\ykadonline\vendor\codeigniter4\framework\system\CodeIgniter.php(336): CodeIgniter\CodeIgniter->handleRequest(NULL, Object(Config\Cache), false)
#8 C:\xampp\htdocs\ykadonline\public\index.php(37): CodeIgniter\CodeIgniter->run()
#9 C:\xampp\htdocs\ykadonline\vendor\codeigniter4\framework\system\Commands\Server\rewrite.php(45): require_once('C:\\xampp\\htdocs...')
#10 {main}
CRITICAL - 2021-08-24 09:14:59 --> foreach() argument must be of type array|object, int given
#0 C:\xampp\htdocs\ykadonline\app\Views\dashboard\index.php(37): CodeIgniter\Debug\Exceptions->errorHandler(2, 'foreach() argum...', 'C:\\xampp\\htdocs...', 37)
#1 C:\xampp\htdocs\ykadonline\vendor\codeigniter4\framework\system\View\View.php(230): include('C:\\xampp\\htdocs...')
#2 C:\xampp\htdocs\ykadonline\vendor\codeigniter4\framework\system\View\View.php(232): CodeIgniter\View\View->CodeIgniter\View\{closure}()
#3 C:\xampp\htdocs\ykadonline\vendor\codeigniter4\framework\system\Common.php(1271): CodeIgniter\View\View->render('dashboard/index', Array, true)
#4 C:\xampp\htdocs\ykadonline\app\Controllers\Dashboard.php(29): view('dashboard/index', Array)
#5 C:\xampp\htdocs\ykadonline\vendor\codeigniter4\framework\system\CodeIgniter.php(928): App\Controllers\Dashboard->index()
#6 C:\xampp\htdocs\ykadonline\vendor\codeigniter4\framework\system\CodeIgniter.php(436): CodeIgniter\CodeIgniter->runController(Object(App\Controllers\Dashboard))
#7 C:\xampp\htdocs\ykadonline\vendor\codeigniter4\framework\system\CodeIgniter.php(336): CodeIgniter\CodeIgniter->handleRequest(NULL, Object(Config\Cache), false)
#8 C:\xampp\htdocs\ykadonline\public\index.php(37): CodeIgniter\CodeIgniter->run()
#9 C:\xampp\htdocs\ykadonline\vendor\codeigniter4\framework\system\Commands\Server\rewrite.php(45): require_once('C:\\xampp\\htdocs...')
#10 {main}
CRITICAL - 2021-08-24 09:17:39 --> foreach() argument must be of type array|object, int given
#0 C:\xampp\htdocs\ykadonline\app\Views\dashboard\index.php(37): CodeIgniter\Debug\Exceptions->errorHandler(2, 'foreach() argum...', 'C:\\xampp\\htdocs...', 37)
#1 C:\xampp\htdocs\ykadonline\vendor\codeigniter4\framework\system\View\View.php(230): include('C:\\xampp\\htdocs...')
#2 C:\xampp\htdocs\ykadonline\vendor\codeigniter4\framework\system\View\View.php(232): CodeIgniter\View\View->CodeIgniter\View\{closure}()
#3 C:\xampp\htdocs\ykadonline\vendor\codeigniter4\framework\system\Common.php(1271): CodeIgniter\View\View->render('dashboard/index', Array, true)
#4 C:\xampp\htdocs\ykadonline\app\Controllers\Dashboard.php(29): view('dashboard/index', Array)
#5 C:\xampp\htdocs\ykadonline\vendor\codeigniter4\framework\system\CodeIgniter.php(928): App\Controllers\Dashboard->index()
#6 C:\xampp\htdocs\ykadonline\vendor\codeigniter4\framework\system\CodeIgniter.php(436): CodeIgniter\CodeIgniter->runController(Object(App\Controllers\Dashboard))
#7 C:\xampp\htdocs\ykadonline\vendor\codeigniter4\framework\system\CodeIgniter.php(336): CodeIgniter\CodeIgniter->handleRequest(NULL, Object(Config\Cache), false)
#8 C:\xampp\htdocs\ykadonline\public\index.php(37): CodeIgniter\CodeIgniter->run()
#9 C:\xampp\htdocs\ykadonline\vendor\codeigniter4\framework\system\Commands\Server\rewrite.php(45): require_once('C:\\xampp\\htdocs...')
#10 {main}
CRITICAL - 2021-08-24 09:20:29 --> Trying to access array offset on value of type int
#0 C:\xampp\htdocs\ykadonline\app\Views\dashboard\index.php(39): CodeIgniter\Debug\Exceptions->errorHandler(2, 'Trying to acces...', 'C:\\xampp\\htdocs...', 39)
#1 C:\xampp\htdocs\ykadonline\vendor\codeigniter4\framework\system\View\View.php(230): include('C:\\xampp\\htdocs...')
#2 C:\xampp\htdocs\ykadonline\vendor\codeigniter4\framework\system\View\View.php(232): CodeIgniter\View\View->CodeIgniter\View\{closure}()
#3 C:\xampp\htdocs\ykadonline\vendor\codeigniter4\framework\system\Common.php(1271): CodeIgniter\View\View->render('dashboard/index', Array, true)
#4 C:\xampp\htdocs\ykadonline\app\Controllers\Dashboard.php(29): view('dashboard/index', Array)
#5 C:\xampp\htdocs\ykadonline\vendor\codeigniter4\framework\system\CodeIgniter.php(928): App\Controllers\Dashboard->index()
#6 C:\xampp\htdocs\ykadonline\vendor\codeigniter4\framework\system\CodeIgniter.php(436): CodeIgniter\CodeIgniter->runController(Object(App\Controllers\Dashboard))
#7 C:\xampp\htdocs\ykadonline\vendor\codeigniter4\framework\system\CodeIgniter.php(336): CodeIgniter\CodeIgniter->handleRequest(NULL, Object(Config\Cache), false)
#8 C:\xampp\htdocs\ykadonline\public\index.php(37): CodeIgniter\CodeIgniter->run()
#9 C:\xampp\htdocs\ykadonline\vendor\codeigniter4\framework\system\Commands\Server\rewrite.php(45): require_once('C:\\xampp\\htdocs...')
#10 {main}
CRITICAL - 2021-08-24 10:02:51 --> Undefined property: App\Controllers\Dashboard::$builder
#0 C:\xampp\htdocs\ykadonline\app\Controllers\Dashboard.php(238): CodeIgniter\Debug\Exceptions->errorHandler(2, 'Undefined prope...', 'C:\\xampp\\htdocs...', 238)
#1 C:\xampp\htdocs\ykadonline\vendor\codeigniter4\framework\system\CodeIgniter.php(928): App\Controllers\Dashboard->user_list()
#2 C:\xampp\htdocs\ykadonline\vendor\codeigniter4\framework\system\CodeIgniter.php(436): CodeIgniter\CodeIgniter->runController(Object(App\Controllers\Dashboard))
#3 C:\xampp\htdocs\ykadonline\vendor\codeigniter4\framework\system\CodeIgniter.php(336): CodeIgniter\CodeIgniter->handleRequest(NULL, Object(Config\Cache), false)
#4 C:\xampp\htdocs\ykadonline\public\index.php(37): CodeIgniter\CodeIgniter->run()
#5 C:\xampp\htdocs\ykadonline\vendor\codeigniter4\framework\system\Commands\Server\rewrite.php(45): require_once('C:\\xampp\\htdocs...')
#6 {main}
CRITICAL - 2021-08-24 10:03:53 --> Undefined variable $users
#0 C:\xampp\htdocs\ykadonline\app\Views\dashboard\user_list.php(51): CodeIgniter\Debug\Exceptions->errorHandler(2, 'Undefined varia...', 'C:\\xampp\\htdocs...', 51)
#1 C:\xampp\htdocs\ykadonline\vendor\codeigniter4\framework\system\View\View.php(230): include('C:\\xampp\\htdocs...')
#2 C:\xampp\htdocs\ykadonline\vendor\codeigniter4\framework\system\View\View.php(232): CodeIgniter\View\View->CodeIgniter\View\{closure}()
#3 C:\xampp\htdocs\ykadonline\vendor\codeigniter4\framework\system\Common.php(1271): CodeIgniter\View\View->render('dashboard/user_...', Array, true)
#4 C:\xampp\htdocs\ykadonline\app\Controllers\Dashboard.php(238): view('dashboard/user_...', Array)
#5 C:\xampp\htdocs\ykadonline\vendor\codeigniter4\framework\system\CodeIgniter.php(928): App\Controllers\Dashboard->user_list()
#6 C:\xampp\htdocs\ykadonline\vendor\codeigniter4\framework\system\CodeIgniter.php(436): CodeIgniter\CodeIgniter->runController(Object(App\Controllers\Dashboard))
#7 C:\xampp\htdocs\ykadonline\vendor\codeigniter4\framework\system\CodeIgniter.php(336): CodeIgniter\CodeIgniter->handleRequest(NULL, Object(Config\Cache), false)
#8 C:\xampp\htdocs\ykadonline\public\index.php(37): CodeIgniter\CodeIgniter->run()
#9 C:\xampp\htdocs\ykadonline\vendor\codeigniter4\framework\system\Commands\Server\rewrite.php(45): require_once('C:\\xampp\\htdocs...')
#10 {main}
CRITICAL - 2021-08-24 10:04:35 --> Undefined property: App\Controllers\Dashboard::$builder
#0 C:\xampp\htdocs\ykadonline\app\Controllers\Dashboard.php(238): CodeIgniter\Debug\Exceptions->errorHandler(2, 'Undefined prope...', 'C:\\xampp\\htdocs...', 238)
#1 C:\xampp\htdocs\ykadonline\vendor\codeigniter4\framework\system\CodeIgniter.php(928): App\Controllers\Dashboard->user_list()
#2 C:\xampp\htdocs\ykadonline\vendor\codeigniter4\framework\system\CodeIgniter.php(436): CodeIgniter\CodeIgniter->runController(Object(App\Controllers\Dashboard))
#3 C:\xampp\htdocs\ykadonline\vendor\codeigniter4\framework\system\CodeIgniter.php(336): CodeIgniter\CodeIgniter->handleRequest(NULL, Object(Config\Cache), false)
#4 C:\xampp\htdocs\ykadonline\public\index.php(37): CodeIgniter\CodeIgniter->run()
#5 C:\xampp\htdocs\ykadonline\vendor\codeigniter4\framework\system\Commands\Server\rewrite.php(45): require_once('C:\\xampp\\htdocs...')
#6 {main}
CRITICAL - 2021-08-24 10:09:19 --> Undefined variable $users
#0 C:\xampp\htdocs\ykadonline\app\Views\dashboard\user_list.php(50): CodeIgniter\Debug\Exceptions->errorHandler(2, 'Undefined varia...', 'C:\\xampp\\htdocs...', 50)
#1 C:\xampp\htdocs\ykadonline\vendor\codeigniter4\framework\system\View\View.php(230): include('C:\\xampp\\htdocs...')
#2 C:\xampp\htdocs\ykadonline\vendor\codeigniter4\framework\system\View\View.php(232): CodeIgniter\View\View->CodeIgniter\View\{closure}()
#3 C:\xampp\htdocs\ykadonline\vendor\codeigniter4\framework\system\Common.php(1271): CodeIgniter\View\View->render('dashboard/user_...', Array, true)
#4 C:\xampp\htdocs\ykadonline\app\Controllers\Dashboard.php(239): view('dashboard/user_...', Array)
#5 C:\xampp\htdocs\ykadonline\vendor\codeigniter4\framework\system\CodeIgniter.php(928): App\Controllers\Dashboard->user_list()
#6 C:\xampp\htdocs\ykadonline\vendor\codeigniter4\framework\system\CodeIgniter.php(436): CodeIgniter\CodeIgniter->runController(Object(App\Controllers\Dashboard))
#7 C:\xampp\htdocs\ykadonline\vendor\codeigniter4\framework\system\CodeIgniter.php(336): CodeIgniter\CodeIgniter->handleRequest(NULL, Object(Config\Cache), false)
#8 C:\xampp\htdocs\ykadonline\public\index.php(37): CodeIgniter\CodeIgniter->run()
#9 C:\xampp\htdocs\ykadonline\vendor\codeigniter4\framework\system\Commands\Server\rewrite.php(45): require_once('C:\\xampp\\htdocs...')
#10 {main}
CRITICAL - 2021-08-24 10:11:05 --> Undefined property: App\Controllers\Dashboard::$builder
#0 C:\xampp\htdocs\ykadonline\app\Controllers\Dashboard.php(238): CodeIgniter\Debug\Exceptions->errorHandler(2, 'Undefined prope...', 'C:\\xampp\\htdocs...', 238)
#1 C:\xampp\htdocs\ykadonline\vendor\codeigniter4\framework\system\CodeIgniter.php(928): App\Controllers\Dashboard->user_list()
#2 C:\xampp\htdocs\ykadonline\vendor\codeigniter4\framework\system\CodeIgniter.php(436): CodeIgniter\CodeIgniter->runController(Object(App\Controllers\Dashboard))
#3 C:\xampp\htdocs\ykadonline\vendor\codeigniter4\framework\system\CodeIgniter.php(336): CodeIgniter\CodeIgniter->handleRequest(NULL, Object(Config\Cache), false)
#4 C:\xampp\htdocs\ykadonline\public\index.php(37): CodeIgniter\CodeIgniter->run()
#5 C:\xampp\htdocs\ykadonline\vendor\codeigniter4\framework\system\Commands\Server\rewrite.php(45): require_once('C:\\xampp\\htdocs...')
#6 {main}
CRITICAL - 2021-08-24 10:26:53 --> Undefined variable $total_users
#0 C:\xampp\htdocs\ykadonline\app\Views\dashboard\index.php(23): CodeIgniter\Debug\Exceptions->errorHandler(2, 'Undefined varia...', 'C:\\xampp\\htdocs...', 23)
#1 C:\xampp\htdocs\ykadonline\vendor\codeigniter4\framework\system\View\View.php(230): include('C:\\xampp\\htdocs...')
#2 C:\xampp\htdocs\ykadonline\vendor\codeigniter4\framework\system\View\View.php(232): CodeIgniter\View\View->CodeIgniter\View\{closure}()
#3 C:\xampp\htdocs\ykadonline\vendor\codeigniter4\framework\system\Common.php(1271): CodeIgniter\View\View->render('dashboard/index', Array, true)
#4 C:\xampp\htdocs\ykadonline\app\Controllers\Dashboard.php(47): view('dashboard/index', Array)
#5 C:\xampp\htdocs\ykadonline\vendor\codeigniter4\framework\system\CodeIgniter.php(928): App\Controllers\Dashboard->index()
#6 C:\xampp\htdocs\ykadonline\vendor\codeigniter4\framework\system\CodeIgniter.php(436): CodeIgniter\CodeIgniter->runController(Object(App\Controllers\Dashboard))
#7 C:\xampp\htdocs\ykadonline\vendor\codeigniter4\framework\system\CodeIgniter.php(336): CodeIgniter\CodeIgniter->handleRequest(NULL, Object(Config\Cache), false)
#8 C:\xampp\htdocs\ykadonline\public\index.php(37): CodeIgniter\CodeIgniter->run()
#9 C:\xampp\htdocs\ykadonline\vendor\codeigniter4\framework\system\Commands\Server\rewrite.php(45): require_once('C:\\xampp\\htdocs...')
#10 {main}
CRITICAL - 2021-08-24 12:00:27 --> Undefined variable $user
#0 C:\xampp\htdocs\ykadonline\app\Views\dashboard\index.php(93): CodeIgniter\Debug\Exceptions->errorHandler(2, 'Undefined varia...', 'C:\\xampp\\htdocs...', 93)
#1 C:\xampp\htdocs\ykadonline\vendor\codeigniter4\framework\system\View\View.php(230): include('C:\\xampp\\htdocs...')
#2 C:\xampp\htdocs\ykadonline\vendor\codeigniter4\framework\system\View\View.php(232): CodeIgniter\View\View->CodeIgniter\View\{closure}()
#3 C:\xampp\htdocs\ykadonline\vendor\codeigniter4\framework\system\Common.php(1271): CodeIgniter\View\View->render('dashboard/index', Array, true)
#4 C:\xampp\htdocs\ykadonline\app\Controllers\Dashboard.php(47): view('dashboard/index', Array)
#5 C:\xampp\htdocs\ykadonline\vendor\codeigniter4\framework\system\CodeIgniter.php(928): App\Controllers\Dashboard->index()
#6 C:\xampp\htdocs\ykadonline\vendor\codeigniter4\framework\system\CodeIgniter.php(436): CodeIgniter\CodeIgniter->runController(Object(App\Controllers\Dashboard))
#7 C:\xampp\htdocs\ykadonline\vendor\codeigniter4\framework\system\CodeIgniter.php(336): CodeIgniter\CodeIgniter->handleRequest(NULL, Object(Config\Cache), false)
#8 C:\xampp\htdocs\ykadonline\public\index.php(37): CodeIgniter\CodeIgniter->run()
#9 C:\xampp\htdocs\ykadonline\vendor\codeigniter4\framework\system\Commands\Server\rewrite.php(45): require_once('C:\\xampp\\htdocs...')
#10 {main}
CRITICAL - 2021-08-24 12:02:21 --> Undefined array key "user_image"
#0 C:\xampp\htdocs\ykadonline\app\Views\dashboard\index.php(93): CodeIgniter\Debug\Exceptions->errorHandler(2, 'Undefined array...', 'C:\\xampp\\htdocs...', 93)
#1 C:\xampp\htdocs\ykadonline\vendor\codeigniter4\framework\system\View\View.php(230): include('C:\\xampp\\htdocs...')
#2 C:\xampp\htdocs\ykadonline\vendor\codeigniter4\framework\system\View\View.php(232): CodeIgniter\View\View->CodeIgniter\View\{closure}()
#3 C:\xampp\htdocs\ykadonline\vendor\codeigniter4\framework\system\Common.php(1271): CodeIgniter\View\View->render('dashboard/index', Array, true)
#4 C:\xampp\htdocs\ykadonline\app\Controllers\Dashboard.php(47): view('dashboard/index', Array)
#5 C:\xampp\htdocs\ykadonline\vendor\codeigniter4\framework\system\CodeIgniter.php(928): App\Controllers\Dashboard->index()
#6 C:\xampp\htdocs\ykadonline\vendor\codeigniter4\framework\system\CodeIgniter.php(436): CodeIgniter\CodeIgniter->runController(Object(App\Controllers\Dashboard))
#7 C:\xampp\htdocs\ykadonline\vendor\codeigniter4\framework\system\CodeIgniter.php(336): CodeIgniter\CodeIgniter->handleRequest(NULL, Object(Config\Cache), false)
#8 C:\xampp\htdocs\ykadonline\public\index.php(37): CodeIgniter\CodeIgniter->run()
#9 C:\xampp\htdocs\ykadonline\vendor\codeigniter4\framework\system\Commands\Server\rewrite.php(45): require_once('C:\\xampp\\htdocs...')
#10 {main}
CRITICAL - 2021-08-24 12:08:03 --> Attempt to read property "username" on string
#0 C:\xampp\htdocs\ykadonline\app\Views\dashboard\user_list.php(48): CodeIgniter\Debug\Exceptions->errorHandler(2, 'Attempt to read...', 'C:\\xampp\\htdocs...', 48)
#1 C:\xampp\htdocs\ykadonline\vendor\codeigniter4\framework\system\View\View.php(230): include('C:\\xampp\\htdocs...')
#2 C:\xampp\htdocs\ykadonline\vendor\codeigniter4\framework\system\View\View.php(232): CodeIgniter\View\View->CodeIgniter\View\{closure}()
#3 C:\xampp\htdocs\ykadonline\vendor\codeigniter4\framework\system\Common.php(1271): CodeIgniter\View\View->render('dashboard/user_...', Array, true)
#4 C:\xampp\htdocs\ykadonline\app\Controllers\Dashboard.php(249): view('dashboard/user_...', Array)
#5 C:\xampp\htdocs\ykadonline\vendor\codeigniter4\framework\system\CodeIgniter.php(928): App\Controllers\Dashboard->user_list()
#6 C:\xampp\htdocs\ykadonline\vendor\codeigniter4\framework\system\CodeIgniter.php(436): CodeIgniter\CodeIgniter->runController(Object(App\Controllers\Dashboard))
#7 C:\xampp\htdocs\ykadonline\vendor\codeigniter4\framework\system\CodeIgniter.php(336): CodeIgniter\CodeIgniter->handleRequest(NULL, Object(Config\Cache), false)
#8 C:\xampp\htdocs\ykadonline\public\index.php(37): CodeIgniter\CodeIgniter->run()
#9 C:\xampp\htdocs\ykadonline\vendor\codeigniter4\framework\system\Commands\Server\rewrite.php(45): require_once('C:\\xampp\\htdocs...')
#10 {main}
CRITICAL - 2021-08-24 12:12:49 --> Undefined property: App\Controllers\Profile::$builder
#0 C:\xampp\htdocs\ykadonline\app\Controllers\Profile.php(25): CodeIgniter\Debug\Exceptions->errorHandler(2, 'Undefined prope...', 'C:\\xampp\\htdocs...', 25)
#1 C:\xampp\htdocs\ykadonline\vendor\codeigniter4\framework\system\CodeIgniter.php(928): App\Controllers\Profile->profile()
#2 C:\xampp\htdocs\ykadonline\vendor\codeigniter4\framework\system\CodeIgniter.php(436): CodeIgniter\CodeIgniter->runController(Object(App\Controllers\Profile))
#3 C:\xampp\htdocs\ykadonline\vendor\codeigniter4\framework\system\CodeIgniter.php(336): CodeIgniter\CodeIgniter->handleRequest(NULL, Object(Config\Cache), false)
#4 C:\xampp\htdocs\ykadonline\public\index.php(37): CodeIgniter\CodeIgniter->run()
#5 C:\xampp\htdocs\ykadonline\vendor\codeigniter4\framework\system\Commands\Server\rewrite.php(45): require_once('C:\\xampp\\htdocs...')
#6 {main}
CRITICAL - 2021-08-24 12:18:03 --> Too few arguments to function App\Controllers\Dashboard::user_detail(), 0 passed in C:\xampp\htdocs\ykadonline\vendor\codeigniter4\framework\system\CodeIgniter.php on line 928 and exactly 1 expected
#0 C:\xampp\htdocs\ykadonline\vendor\codeigniter4\framework\system\CodeIgniter.php(928): App\Controllers\Dashboard->user_detail()
#1 C:\xampp\htdocs\ykadonline\vendor\codeigniter4\framework\system\CodeIgniter.php(436): CodeIgniter\CodeIgniter->runController(Object(App\Controllers\Dashboard))
#2 C:\xampp\htdocs\ykadonline\vendor\codeigniter4\framework\system\CodeIgniter.php(336): CodeIgniter\CodeIgniter->handleRequest(NULL, Object(Config\Cache), false)
#3 C:\xampp\htdocs\ykadonline\public\index.php(37): CodeIgniter\CodeIgniter->run()
#4 C:\xampp\htdocs\ykadonline\vendor\codeigniter4\framework\system\Commands\Server\rewrite.php(45): require_once('C:\\xampp\\htdocs...')
#5 {main}
CRITICAL - 2021-08-24 12:20:14 --> Too few arguments to function App\Controllers\Dashboard::user_detail(), 0 passed in C:\xampp\htdocs\ykadonline\vendor\codeigniter4\framework\system\CodeIgniter.php on line 928 and exactly 1 expected
#0 C:\xampp\htdocs\ykadonline\vendor\codeigniter4\framework\system\CodeIgniter.php(928): App\Controllers\Dashboard->user_detail()
#1 C:\xampp\htdocs\ykadonline\vendor\codeigniter4\framework\system\CodeIgniter.php(436): CodeIgniter\CodeIgniter->runController(Object(App\Controllers\Dashboard))
#2 C:\xampp\htdocs\ykadonline\vendor\codeigniter4\framework\system\CodeIgniter.php(336): CodeIgniter\CodeIgniter->handleRequest(NULL, Object(Config\Cache), false)
#3 C:\xampp\htdocs\ykadonline\public\index.php(37): CodeIgniter\CodeIgniter->run()
#4 C:\xampp\htdocs\ykadonline\vendor\codeigniter4\framework\system\Commands\Server\rewrite.php(45): require_once('C:\\xampp\\htdocs...')
#5 {main}
CRITICAL - 2021-08-24 12:34:18 --> syntax error, unexpected token "}", expecting ";"
#0 C:\xampp\htdocs\ykadonline\vendor\codeigniter4\framework\system\Router\Router.php(169): CodeIgniter\Router\Router->autoRoute('dashboard/user_...')
#1 C:\xampp\htdocs\ykadonline\vendor\codeigniter4\framework\system\CodeIgniter.php(809): CodeIgniter\Router\Router->handle('dashboard/user_...')
#2 C:\xampp\htdocs\ykadonline\vendor\codeigniter4\framework\system\CodeIgniter.php(389): CodeIgniter\CodeIgniter->tryToRouteIt(Object(CodeIgniter\Router\RouteCollection))
#3 C:\xampp\htdocs\ykadonline\vendor\codeigniter4\framework\system\CodeIgniter.php(336): CodeIgniter\CodeIgniter->handleRequest(NULL, Object(Config\Cache), false)
#4 C:\xampp\htdocs\ykadonline\public\index.php(37): CodeIgniter\CodeIgniter->run()
#5 C:\xampp\htdocs\ykadonline\vendor\codeigniter4\framework\system\Commands\Server\rewrite.php(45): require_once('C:\\xampp\\htdocs...')
#6 {main}
CRITICAL - 2021-08-24 12:42:56 --> Undefined property: stdClass::$biodata
#0 C:\xampp\htdocs\ykadonline\app\Views\dashboard\user_detail.php(28): CodeIgniter\Debug\Exceptions->errorHandler(2, 'Undefined prope...', 'C:\\xampp\\htdocs...', 28)
#1 C:\xampp\htdocs\ykadonline\vendor\codeigniter4\framework\system\View\View.php(230): include('C:\\xampp\\htdocs...')
#2 C:\xampp\htdocs\ykadonline\vendor\codeigniter4\framework\system\View\View.php(232): CodeIgniter\View\View->CodeIgniter\View\{closure}()
#3 C:\xampp\htdocs\ykadonline\vendor\codeigniter4\framework\system\Common.php(1271): CodeIgniter\View\View->render('dashboard/user_...', Array, true)
#4 C:\xampp\htdocs\ykadonline\app\Controllers\Dashboard.php(269): view('dashboard/user_...', Array)
#5 C:\xampp\htdocs\ykadonline\vendor\codeigniter4\framework\system\CodeIgniter.php(928): App\Controllers\Dashboard->user_detail('5')
#6 C:\xampp\htdocs\ykadonline\vendor\codeigniter4\framework\system\CodeIgniter.php(436): CodeIgniter\CodeIgniter->runController(Object(App\Controllers\Dashboard))
#7 C:\xampp\htdocs\ykadonline\vendor\codeigniter4\framework\system\CodeIgniter.php(336): CodeIgniter\CodeIgniter->handleRequest(NULL, Object(Config\Cache), false)
#8 C:\xampp\htdocs\ykadonline\public\index.php(37): CodeIgniter\CodeIgniter->run()
#9 C:\xampp\htdocs\ykadonline\vendor\codeigniter4\framework\system\Commands\Server\rewrite.php(45): require_once('C:\\xampp\\htdocs...')
#10 {main}
